#
# There is insufficient memory for the Java Runtime Environment to continue.
# Native memory allocation (mmap) failed to map 168820736 bytes for committing reserved memory.
# Possible reasons:
#   The system is out of physical RAM or swap space
#   The process is running with CompressedOops enabled, and the Java Heap may be blocking the growth of the native heap
# Possible solutions:
#   Reduce memory load on the system
#   Increase physical memory or swap space
#   Check if swap backing store is full
#   Decrease Java heap size (-Xmx/-Xms)
#   Decrease number of Java threads
#   Decrease Java thread stack sizes (-Xss)
#   Set larger code cache with -XX:ReservedCodeCacheSize=
#   JVM is running with Unscaled Compressed Oops mode in which the Java heap is
#     placed in the first 4GB address space. The Java Heap base address is the
#     maximum limit for the native heap growth. Please use -XX:HeapBaseMinAddress
#     to set the Java Heap base and to place the Java Heap above 4GB virtual address.
# This output file may be truncated or incomplete.
#
#  Out of Memory Error (os_linux.cpp:2757), pid=16948, tid=0x00007f7365e1f700
#
# JRE version: OpenJDK Runtime Environment (8.0_242-b08) (build 1.8.0_242-8u242-b08-0ubuntu3~18.04-b08)
# Java VM: OpenJDK 64-Bit Server VM (25.242-b08 mixed mode linux-amd64 compressed oops)
# Failed to write core dump. Core dumps have been disabled. To enable core dumping, try "ulimit -c unlimited" before starting Java again
#

---------------  T H R E A D  ---------------

Current thread (0x00007f737c0fc000):  VMThread [stack: 0x00007f7365d20000,0x00007f7365e20000] [id=16954]

Stack: [0x00007f7365d20000,0x00007f7365e20000],  sp=0x00007f7365e1e470,  free space=1017k
Native frames: (J=compiled Java code, j=interpreted, Vv=VM code, C=native code)
V  [libjvm.so+0xabba52]
V  [libjvm.so+0x4de2e7]
V  [libjvm.so+0x8f59f0]
V  [libjvm.so+0x8ecabe]
V  [libjvm.so+0x970456]
V  [libjvm.so+0x9717c8]
V  [libjvm.so+0x96ddc6]
V  [libjvm.so+0x96e15c]
V  [libjvm.so+0x91cc28]
V  [libjvm.so+0xabd792]
V  [libjvm.so+0xac2336]
V  [libjvm.so+0xac0635]
V  [libjvm.so+0xac0f0d]
V  [libjvm.so+0xac1318]
V  [libjvm.so+0x8f2d82]

VM_Operation (0x00007f7328cca500): ParallelGCFailedAllocation, mode: safepoint, requested by thread 0x00007f737dfdd800


---------------  P R O C E S S  ---------------

Java Threads: ( => current thread )
  0x00007f737dfdd800 JavaThread "Thread-10" [_thread_blocked, id=17016, stack(0x00007f7328bcc000,0x00007f7328ccd000)]
  0x00007f737dfda000 JavaThread "DiscoveryClient-0" daemon [_thread_blocked, id=17011, stack(0x00007f73290cd000,0x00007f73291ce000)]
  0x00007f737dfd9000 JavaThread "AsyncResolver-bootstrap-0" daemon [_thread_blocked, id=17010, stack(0x00007f7329fd0000,0x00007f732a0d1000)]
  0x00007f737dfd8000 JavaThread "Eureka-JerseyClient-Conn-Cleaner2" daemon [_thread_blocked, id=17009, stack(0x00007f7329bce000,0x00007f7329ccf000)]
  0x00007f737dfd7000 JavaThread "Eureka-JerseyClient-Conn-Cleaner2" daemon [_thread_blocked, id=17008, stack(0x00007f732aad1000,0x00007f732abd2000)]
  0x00007f737dfd5000 JavaThread "spring.cloud.inetutils" daemon [_thread_blocked, id=17007, stack(0x00007f7329ecf000,0x00007f7329fd0000)]
  0x00007f737d294000 JavaThread "DiscoveryClient-0" daemon [_thread_blocked, id=16979, stack(0x00007f732add2000,0x00007f732aed3000)]
  0x00007f737d242800 JavaThread "AsyncResolver-bootstrap-0" daemon [_thread_blocked, id=16978, stack(0x00007f732b0d3000,0x00007f732b1d4000)]
  0x00007f737d228800 JavaThread "Eureka-JerseyClient-Conn-Cleaner2" daemon [_thread_blocked, id=16977, stack(0x00007f733c0da000,0x00007f733c1db000)]
  0x00007f737d228000 JavaThread "Eureka-JerseyClient-Conn-Cleaner2" daemon [_thread_blocked, id=16976, stack(0x00007f733c9fd000,0x00007f733cafe000)]
  0x00007f737d022000 JavaThread "spring.cloud.inetutils" daemon [_thread_blocked, id=16973, stack(0x00007f733cafe000,0x00007f733cbff000)]
  0x00007f732c03d000 JavaThread "process reaper" daemon [_thread_blocked, id=16966, stack(0x00007f73642fc000,0x00007f7364335000)]
  0x00007f737c281800 JavaThread "ping-30s" daemon [_thread_blocked, id=16963, stack(0x00007f7364a6c000,0x00007f7364b6d000)]
  0x00007f737c247800 JavaThread "surefire-forkedjvm-command-thread" daemon [_thread_blocked, id=16962, stack(0x00007f7364d77000,0x00007f7364e78000)]
  0x00007f737c144000 JavaThread "Service Thread" daemon [_thread_blocked, id=16960, stack(0x00007f73653da000,0x00007f73654db000)]
  0x00007f737c141800 JavaThread "C1 CompilerThread1" daemon [_thread_blocked, id=16959, stack(0x00007f73654dc000,0x00007f73655dc000)]
  0x00007f737c13e800 JavaThread "C2 CompilerThread0" daemon [_thread_in_native, id=16958, stack(0x00007f73655dd000,0x00007f73656dd000)]
  0x00007f737c13a800 JavaThread "Signal Dispatcher" daemon [_thread_blocked, id=16957, stack(0x00007f73656dd000,0x00007f73657de000)]
  0x00007f737c10a000 JavaThread "Finalizer" daemon [_thread_blocked, id=16956, stack(0x00007f7365b1d000,0x00007f7365c1e000)]
  0x00007f737c105800 JavaThread "Reference Handler" daemon [_thread_blocked, id=16955, stack(0x00007f7365c1e000,0x00007f7365d1f000)]
  0x00007f737c00b000 JavaThread "main" [_thread_blocked, id=16951, stack(0x00007f73826ba000,0x00007f73827ba000)]

Other Threads:
=>0x00007f737c0fc000 VMThread [stack: 0x00007f7365d20000,0x00007f7365e20000] [id=16954]
  0x00007f737c146800 WatcherThread [stack: 0x00007f73652da000,0x00007f73653da000] [id=16961]

VM state:at safepoint (normal execution)

VM Mutex/Monitor currently owned by a thread:  ([mutex/lock_event])
[0x00007f737c007af0] Threads_lock - owner thread: 0x00007f737c0fc000
[0x00007f737c007ff0] Heap_lock - owner thread: 0x00007f737dfdd800

heap address: 0x0000000083600000, size: 1994 MB, Compressed Oops mode: 32-bit
Narrow klass base: 0x0000000000000000, Narrow klass shift: 3
Compressed class space size: 1073741824 Address: 0x0000000100000000

Heap:
 PSYoungGen      total 436224K, used 15858K [0x00000000d6780000, 0x00000000f3e00000, 0x0000000100000000)
  eden space 410112K, 0% used [0x00000000d6780000,0x00000000d6780000,0x00000000ef800000)
  from space 26112K, 60% used [0x00000000ef800000,0x00000000f077cb88,0x00000000f1180000)
  to   space 22528K, 0% used [0x00000000f1180000,0x00000000f1180000,0x00000000f2780000)
 ParOldGen       total 140288K, used 37202K [0x0000000083600000, 0x000000008bf00000, 0x00000000d6780000)
  object space 140288K, 26% used [0x0000000083600000,0x0000000085a54b20,0x000000008bf00000)
 Metaspace       used 66424K, capacity 68788K, committed 69080K, reserved 1110016K
  class space    used 8697K, capacity 9160K, committed 9176K, reserved 1048576K

Card table byte_map: [0x00007f736b7c9000,0x00007f736bbaf000] byte_map_base: 0x00007f736b3ae000

Marking Bits: (ParMarkBitMap*) 0x00007f73819423e0
 Begin Bits: [0x00007f73674de000, 0x00007f7369406000)
 End Bits:   [0x00007f7369406000, 0x00007f736b32e000)

Polling page: 0x00007f73827c3000

CodeCache: size=245760Kb used=19772Kb max_used=19772Kb free=225987Kb
 bounds [0x00007f736bf6f000, 0x00007f736d2cf000, 0x00007f737af6f000]
 total_blobs=7040 nmethods=6471 adapters=483
 compilation: enabled

Compilation events (10 events):
Event: 13.423 Thread 0x00007f737c141800 nmethod 7094 0x00007f736d2c76d0 code [0x00007f736d2c78e0, 0x00007f736d2c7e48]
Event: 13.430 Thread 0x00007f737c141800 7095   !   2       java.util.zip.InflaterInputStream::read (138 bytes)
Event: 13.450 Thread 0x00007f737c141800 nmethod 7095 0x00007f736d2c8290 code [0x00007f736d2c84c0, 0x00007f736d2c8fe8]
Event: 13.452 Thread 0x00007f737c141800 7097       2       org.springframework.boot.autoconfigure.AutoConfigurationSorter$AutoConfigurationClass::readBefore (33 bytes)
Event: 13.461 Thread 0x00007f737c141800 nmethod 7097 0x00007f736d2c97d0 code [0x00007f736d2c9980, 0x00007f736d2c9c78]
Event: 13.461 Thread 0x00007f737c141800 7096       2       org.springframework.boot.autoconfigure.AutoConfigurationSorter$AutoConfigurationClass::<init> (36 bytes)
Event: 13.462 Thread 0x00007f737c141800 nmethod 7096 0x00007f736d2c9ed0 code [0x00007f736d2ca0c0, 0x00007f736d2ca598]
Event: 13.505 Thread 0x00007f737c141800 7098       2       java.util.ComparableTimSort::sort (219 bytes)
Event: 13.559 Thread 0x00007f737c141800 nmethod 7098 0x00007f736d2cab10 code [0x00007f736d2cace0, 0x00007f736d2cb138]
Event: 13.593 Thread 0x00007f737c141800 7099       2       org.springframework.boot.autoconfigure.AutoConfigurationMetadataLoader$PropertiesAutoConfigurationMetadata::getSet (8 bytes)

GC Heap History (10 events):
Event: 4.187 GC heap after
Heap after GC invocations=9 (full 2):
 PSYoungGen      total 268288K, used 0K [0x00000000d6780000, 0x00000000ec900000, 0x0000000100000000)
  eden space 256000K, 0% used [0x00000000d6780000,0x00000000d6780000,0x00000000e6180000)
  from space 12288K, 0% used [0x00000000e6180000,0x00000000e6180000,0x00000000e6d80000)
  to   space 15360K, 0% used [0x00000000eba00000,0x00000000eba00000,0x00000000ec900000)
 ParOldGen       total 97792K, used 19309K [0x0000000083600000, 0x0000000089580000, 0x00000000d6780000)
  object space 97792K, 19% used [0x0000000083600000,0x00000000848db740,0x0000000089580000)
 Metaspace       used 34304K, capacity 35308K, committed 35416K, reserved 1079296K
  class space    used 4405K, capacity 4668K, committed 4696K, reserved 1048576K
}
Event: 6.159 GC heap before
{Heap before GC invocations=10 (full 2):
 PSYoungGen      total 268288K, used 256000K [0x00000000d6780000, 0x00000000ec900000, 0x0000000100000000)
  eden space 256000K, 100% used [0x00000000d6780000,0x00000000e6180000,0x00000000e6180000)
  from space 12288K, 0% used [0x00000000e6180000,0x00000000e6180000,0x00000000e6d80000)
  to   space 15360K, 0% used [0x00000000eba00000,0x00000000eba00000,0x00000000ec900000)
 ParOldGen       total 97792K, used 19309K [0x0000000083600000, 0x0000000089580000, 0x00000000d6780000)
  object space 97792K, 19% used [0x0000000083600000,0x00000000848db740,0x0000000089580000)
 Metaspace       used 40519K, capacity 41726K, committed 41816K, reserved 1085440K
  class space    used 5171K, capacity 5449K, committed 5464K, reserved 1048576K
Event: 6.194 GC heap after
Heap after GC invocations=10 (full 2):
 PSYoungGen      total 344064K, used 14990K [0x00000000d6780000, 0x00000000ee900000, 0x0000000100000000)
  eden space 328704K, 0% used [0x00000000d6780000,0x00000000d6780000,0x00000000ea880000)
  from space 15360K, 97% used [0x00000000eba00000,0x00000000ec8a38f0,0x00000000ec900000)
  to   space 17920K, 0% used [0x00000000ea880000,0x00000000ea880000,0x00000000eba00000)
 ParOldGen       total 97792K, used 19317K [0x0000000083600000, 0x0000000089580000, 0x00000000d6780000)
  object space 97792K, 19% used [0x0000000083600000,0x00000000848dd740,0x0000000089580000)
 Metaspace       used 40519K, capacity 41726K, committed 41816K, reserved 1085440K
  class space    used 5171K, capacity 5449K, committed 5464K, reserved 1048576K
}
Event: 8.632 GC heap before
{Heap before GC invocations=11 (full 2):
 PSYoungGen      total 344064K, used 343694K [0x00000000d6780000, 0x00000000ee900000, 0x0000000100000000)
  eden space 328704K, 100% used [0x00000000d6780000,0x00000000ea880000,0x00000000ea880000)
  from space 15360K, 97% used [0x00000000eba00000,0x00000000ec8a38f0,0x00000000ec900000)
  to   space 17920K, 0% used [0x00000000ea880000,0x00000000ea880000,0x00000000eba00000)
 ParOldGen       total 97792K, used 19317K [0x0000000083600000, 0x0000000089580000, 0x00000000d6780000)
  object space 97792K, 19% used [0x0000000083600000,0x00000000848dd740,0x0000000089580000)
 Metaspace       used 50561K, capacity 52160K, committed 52440K, reserved 1095680K
  class space    used 6463K, capacity 6838K, committed 6872K, reserved 1048576K
Event: 8.703 GC heap after
Heap after GC invocations=11 (full 2):
 PSYoungGen      total 346624K, used 17907K [0x00000000d6780000, 0x00000000f2780000, 0x0000000100000000)
  eden space 328704K, 0% used [0x00000000d6780000,0x00000000d6780000,0x00000000ea880000)
  from space 17920K, 99% used [0x00000000ea880000,0x00000000eb9fcdc8,0x00000000eba00000)
  to   space 22528K, 0% used [0x00000000f1180000,0x00000000f1180000,0x00000000f2780000)
 ParOldGen       total 97792K, used 24941K [0x0000000083600000, 0x0000000089580000, 0x00000000d6780000)
  object space 97792K, 25% used [0x0000000083600000,0x0000000084e5b6b8,0x0000000089580000)
 Metaspace       used 50561K, capacity 52160K, committed 52440K, reserved 1095680K
  class space    used 6463K, capacity 6838K, committed 6872K, reserved 1048576K
}
Event: 9.762 GC heap before
{Heap before GC invocations=12 (full 2):
 PSYoungGen      total 346624K, used 151898K [0x00000000d6780000, 0x00000000f2780000, 0x0000000100000000)
  eden space 328704K, 40% used [0x00000000d6780000,0x00000000dea59b90,0x00000000ea880000)
  from space 17920K, 99% used [0x00000000ea880000,0x00000000eb9fcdc8,0x00000000eba00000)
  to   space 22528K, 0% used [0x00000000f1180000,0x00000000f1180000,0x00000000f2780000)
 ParOldGen       total 97792K, used 24941K [0x0000000083600000, 0x0000000089580000, 0x00000000d6780000)
  object space 97792K, 25% used [0x0000000083600000,0x0000000084e5b6b8,0x0000000089580000)
 Metaspace       used 57172K, capacity 58844K, committed 59028K, reserved 1099776K
  class space    used 7442K, capacity 7814K, committed 7896K, reserved 1048576K
Event: 9.822 GC heap after
Heap after GC invocations=12 (full 2):
 PSYoungGen      total 432640K, used 22513K [0x00000000d6780000, 0x00000000f3e00000, 0x0000000100000000)
  eden space 410112K, 0% used [0x00000000d6780000,0x00000000d6780000,0x00000000ef800000)
  from space 22528K, 99% used [0x00000000f1180000,0x00000000f277c710,0x00000000f2780000)
  to   space 26112K, 0% used [0x00000000ef800000,0x00000000ef800000,0x00000000f1180000)
 ParOldGen       total 97792K, used 25613K [0x0000000083600000, 0x0000000089580000, 0x00000000d6780000)
  object space 97792K, 26% used [0x0000000083600000,0x0000000084f036c0,0x0000000089580000)
 Metaspace       used 57172K, capacity 58844K, committed 59028K, reserved 1099776K
  class space    used 7442K, capacity 7814K, committed 7896K, reserved 1048576K
}
Event: 9.822 GC heap before
{Heap before GC invocations=13 (full 3):
 PSYoungGen      total 432640K, used 22513K [0x00000000d6780000, 0x00000000f3e00000, 0x0000000100000000)
  eden space 410112K, 0% used [0x00000000d6780000,0x00000000d6780000,0x00000000ef800000)
  from space 22528K, 99% used [0x00000000f1180000,0x00000000f277c710,0x00000000f2780000)
  to   space 26112K, 0% used [0x00000000ef800000,0x00000000ef800000,0x00000000f1180000)
 ParOldGen       total 97792K, used 25613K [0x0000000083600000, 0x0000000089580000, 0x00000000d6780000)
  object space 97792K, 26% used [0x0000000083600000,0x0000000084f036c0,0x0000000089580000)
 Metaspace       used 57172K, capacity 58844K, committed 59028K, reserved 1099776K
  class space    used 7442K, capacity 7814K, committed 7896K, reserved 1048576K
Event: 10.062 GC heap after
Heap after GC invocations=13 (full 3):
 PSYoungGen      total 432640K, used 0K [0x00000000d6780000, 0x00000000f3e00000, 0x0000000100000000)
  eden space 410112K, 0% used [0x00000000d6780000,0x00000000d6780000,0x00000000ef800000)
  from space 22528K, 0% used [0x00000000f1180000,0x00000000f1180000,0x00000000f2780000)
  to   space 26112K, 0% used [0x00000000ef800000,0x00000000ef800000,0x00000000f1180000)
 ParOldGen       total 140288K, used 37194K [0x0000000083600000, 0x000000008bf00000, 0x00000000d6780000)
  object space 140288K, 26% used [0x0000000083600000,0x0000000085a52b20,0x000000008bf00000)
 Metaspace       used 57172K, capacity 58844K, committed 59028K, reserved 1099776K
  class space    used 7442K, capacity 7814K, committed 7896K, reserved 1048576K
}
Event: 13.599 GC heap before
{Heap before GC invocations=14 (full 3):
 PSYoungGen      total 432640K, used 410112K [0x00000000d6780000, 0x00000000f3e00000, 0x0000000100000000)
  eden space 410112K, 100% used [0x00000000d6780000,0x00000000ef800000,0x00000000ef800000)
  from space 22528K, 0% used [0x00000000f1180000,0x00000000f1180000,0x00000000f2780000)
  to   space 26112K, 0% used [0x00000000ef800000,0x00000000ef800000,0x00000000f1180000)
 ParOldGen       total 140288K, used 37194K [0x0000000083600000, 0x000000008bf00000, 0x00000000d6780000)
  object space 140288K, 26% used [0x0000000083600000,0x0000000085a52b20,0x000000008bf00000)
 Metaspace       used 66424K, capacity 68788K, committed 69080K, reserved 1110016K
  class space    used 8697K, capacity 9160K, committed 9176K, reserved 1048576K

Deoptimization events (10 events):
Event: 11.783 Thread 0x00007f737c00b000 Uncommon trap: reason=unstable_if action=reinterpret pc=0x00007f736ccd5df0 method=org.springframework.util.ConcurrentReferenceHashMap$Segment.findInChain(Lorg/springframework/util/ConcurrentReferenceHashMap$Reference;Ljava/lang/Object;I)Lorg/springframewo
Event: 11.783 Thread 0x00007f737c00b000 Uncommon trap: reason=unstable_if action=reinterpret pc=0x00007f736cccf468 method=org.springframework.util.ConcurrentReferenceHashMap$Segment.findInChain(Lorg/springframework/util/ConcurrentReferenceHashMap$Reference;Ljava/lang/Object;I)Lorg/springframewo
Event: 11.783 Thread 0x00007f737c00b000 Uncommon trap: reason=unstable_if action=reinterpret pc=0x00007f736ccd3b38 method=org.springframework.util.ConcurrentReferenceHashMap$Segment.findInChain(Lorg/springframework/util/ConcurrentReferenceHashMap$Reference;Ljava/lang/Object;I)Lorg/springframewo
Event: 11.981 Thread 0x00007f737c00b000 Uncommon trap: reason=null_check action=make_not_entrant pc=0x00007f736d1b8944 method=org.springframework.core.annotation.AnnotatedElementUtils.searchWithFindSemantics(Ljava/lang/reflect/AnnotatedElement;Ljava/lang/Class;Ljava/lang/String;Ljava/lang/Class
Event: 12.204 Thread 0x00007f737c00b000 Uncommon trap: reason=unstable_if action=reinterpret pc=0x00007f736d09d6f4 method=ch.qos.logback.classic.spi.TurboFilterList.getTurboFilterChainDecision(Lorg/slf4j/Marker;Lch/qos/logback/classic/Logger;Lch/qos/logback/classic/Level;Ljava/lang/String;[Ljav
Event: 12.204 Thread 0x00007f737c00b000 Uncommon trap: reason=unstable_if action=reinterpret pc=0x00007f736d097758 method=ch.qos.logback.classic.spi.TurboFilterList.getTurboFilterChainDecision(Lorg/slf4j/Marker;Lch/qos/logback/classic/Logger;Lch/qos/logback/classic/Level;Ljava/lang/String;[Ljav
Event: 12.207 Thread 0x00007f737c00b000 Uncommon trap: reason=unstable_if action=reinterpret pc=0x00007f736c755488 method=org.springframework.boot.context.properties.source.ConfigurationPropertyName.lambda$null$4(CI)Z @ 3
Event: 12.340 Thread 0x00007f737c00b000 Uncommon trap: reason=bimorphic action=maybe_recompile pc=0x00007f736ce5ab78 method=java.util.Collections$SetFromMap.contains(Ljava/lang/Object;)Z @ 5
Event: 12.673 Thread 0x00007f737c00b000 Uncommon trap: reason=class_check action=maybe_recompile pc=0x00007f736c86bf9c method=java.util.zip.InflaterInputStream.read([BII)I @ 100
Event: 12.674 Thread 0x00007f737c00b000 Uncommon trap: reason=class_check action=maybe_recompile pc=0x00007f736c86bf9c method=java.util.zip.InflaterInputStream.read([BII)I @ 100

Classes redefined (0 events):
No events

Internal exceptions (10 events):
Event: 12.732 Thread 0x00007f737c00b000 Exception <a 'java/lang/ClassNotFoundException': org/springframework/cloud/client/serviceregistry/AutoServiceRegistrationPropertiesCustomizer> (0x00000000ecfe0968) thrown at [/build/openjdk-8-58sEEn/openjdk-8-8u242-b08/src/hotspot/src/share/vm/classfile/s
Event: 12.810 Thread 0x00007f737c00b000 Exception <a 'java/lang/ClassNotFoundException': java/lang/ObjectCustomizer> (0x00000000edb59490) thrown at [/build/openjdk-8-58sEEn/openjdk-8-8u242-b08/src/hotspot/src/share/vm/classfile/systemDictionary.cpp, line 210]
Event: 12.811 Thread 0x00007f737c00b000 Exception <a 'java/lang/ClassNotFoundException': org/springframework/cloud/config/client/ConfigClientPropertiesCustomizer> (0x00000000edb9ad30) thrown at [/build/openjdk-8-58sEEn/openjdk-8-8u242-b08/src/hotspot/src/share/vm/classfile/systemDictionary.cpp,
Event: 12.935 Thread 0x00007f737c00b000 Exception <a 'java/lang/ClassNotFoundException': java/lang/ObjectCustomizer> (0x00000000ede97528) thrown at [/build/openjdk-8-58sEEn/openjdk-8-8u242-b08/src/hotspot/src/share/vm/classfile/systemDictionary.cpp, line 210]
Event: 12.936 Thread 0x00007f737c00b000 Exception <a 'java/lang/ClassNotFoundException': org/springframework/context/annotation/ConfigurationClassPostProcessorCustomizer> (0x00000000edede790) thrown at [/build/openjdk-8-58sEEn/openjdk-8-8u242-b08/src/hotspot/src/share/vm/classfile/systemDiction
Event: 12.937 Thread 0x00007f737c00b000 Exception <a 'java/lang/ClassNotFoundException': org/springframework/beans/factory/support/BeanDefinitionRegistryPostProcessorCustomizer> (0x00000000edf37978) thrown at [/build/openjdk-8-58sEEn/openjdk-8-8u242-b08/src/hotspot/src/share/vm/classfile/system
Event: 12.937 Thread 0x00007f737c00b000 Exception <a 'java/lang/ClassNotFoundException': org/springframework/core/PriorityOrderedCustomizer> (0x00000000edf670d0) thrown at [/build/openjdk-8-58sEEn/openjdk-8-8u242-b08/src/hotspot/src/share/vm/classfile/systemDictionary.cpp, line 210]
Event: 12.938 Thread 0x00007f737c00b000 Exception <a 'java/lang/ClassNotFoundException': org/springframework/context/ResourceLoaderAwareCustomizer> (0x00000000edf9acd8) thrown at [/build/openjdk-8-58sEEn/openjdk-8-8u242-b08/src/hotspot/src/share/vm/classfile/systemDictionary.cpp, line 210]
Event: 12.938 Thread 0x00007f737c00b000 Exception <a 'java/lang/ClassNotFoundException': org/springframework/beans/factory/BeanClassLoaderAwareCustomizer> (0x00000000edfd4e30) thrown at [/build/openjdk-8-58sEEn/openjdk-8-8u242-b08/src/hotspot/src/share/vm/classfile/systemDictionary.cpp, line 21
Event: 12.939 Thread 0x00007f737c00b000 Exception <a 'java/lang/ClassNotFoundException': org/springframework/context/EnvironmentAwareCustomizer> (0x00000000ee007f68) thrown at [/build/openjdk-8-58sEEn/openjdk-8-8u242-b08/src/hotspot/src/share/vm/classfile/systemDictionary.cpp, line 210]

Events (10 events):
Event: 13.587 loading class org/springframework/data/cassandra/core/CassandraOperations done
Event: 13.587 loading class com/datastax/driver/core/Cluster
Event: 13.587 loading class com/datastax/driver/core/Cluster done
Event: 13.587 loading class org/apache/solr/client/solrj/impl/HttpSolrClient
Event: 13.587 loading class org/apache/solr/client/solrj/impl/HttpSolrClient done
Event: 13.587 loading class org/apache/solr/client/solrj/impl/CloudSolrClient
Event: 13.587 loading class org/apache/solr/client/solrj/impl/CloudSolrClient done
Event: 13.590 loading class reactor/core/publisher/Flux
Event: 13.590 loading class reactor/core/publisher/Flux done
Event: 13.593 Executing VM operation: ParallelGCFailedAllocation


Dynamic libraries:
83600000-8bf00000 rw-p 00000000 00:00 0 
8bf00000-d6780000 ---p 00000000 00:00 0 
d6780000-f3e00000 rw-p 00000000 00:00 0 
fdf00000-100000000 ---p 00000000 00:00 0 
100000000-1008f6000 rw-p 00000000 00:00 0 
1008f6000-140000000 ---p 00000000 00:00 0 
565090188000-565090189000 r-xp 00000000 ca:01 1543369                    /usr/lib/jvm/java-8-openjdk-amd64/jre/bin/java
565090388000-565090389000 r--p 00000000 ca:01 1543369                    /usr/lib/jvm/java-8-openjdk-amd64/jre/bin/java
565090389000-56509038a000 rw-p 00001000 ca:01 1543369                    /usr/lib/jvm/java-8-openjdk-amd64/jre/bin/java
565092177000-5650921c0000 rw-p 00000000 00:00 0                          [heap]
7f7324000000-7f73243d1000 rw-p 00000000 00:00 0 
7f73243d1000-7f7328000000 ---p 00000000 00:00 0 
7f7328bcc000-7f7328bcf000 ---p 00000000 00:00 0 
7f7328bcf000-7f7328d4d000 rw-p 00000000 00:00 0 
7f7328d4d000-7f7328ecd000 ---p 00000000 00:00 0 
7f7328ecd000-7f73290cd000 rw-p 00000000 00:00 0 
7f73290cd000-7f73290d0000 ---p 00000000 00:00 0 
7f73290d0000-7f73293ce000 rw-p 00000000 00:00 0 
7f73293ce000-7f73295ce000 rw-p 00000000 00:00 0 
7f73295ce000-7f73297ce000 rw-p 00000000 00:00 0 
7f73297ce000-7f73299ce000 rw-p 00000000 00:00 0 
7f73299ce000-7f7329bce000 rw-p 00000000 00:00 0 
7f7329bce000-7f7329bd1000 ---p 00000000 00:00 0 
7f7329bd1000-7f7329ecf000 rw-p 00000000 00:00 0 
7f7329ecf000-7f7329ed2000 ---p 00000000 00:00 0 
7f7329ed2000-7f7329fd0000 rw-p 00000000 00:00 0 
7f7329fd0000-7f7329fd3000 ---p 00000000 00:00 0 
7f7329fd3000-7f732a2d1000 rw-p 00000000 00:00 0 
7f732a2d1000-7f732a4d1000 rw-p 00000000 00:00 0 
7f732a4d1000-7f732a6d1000 rw-p 00000000 00:00 0 
7f732a6d1000-7f732a8d1000 rw-p 00000000 00:00 0 
7f732a8d1000-7f732aad1000 rw-p 00000000 00:00 0 
7f732aad1000-7f732aad4000 ---p 00000000 00:00 0 
7f732aad4000-7f732add2000 rw-p 00000000 00:00 0 
7f732add2000-7f732add5000 ---p 00000000 00:00 0 
7f732add5000-7f732b0d3000 rw-p 00000000 00:00 0 
7f732b0d3000-7f732b0d6000 ---p 00000000 00:00 0 
7f732b0d6000-7f732b3d4000 rw-p 00000000 00:00 0 
7f732b3d4000-7f732b3fc000 r-xp 00000000 ca:01 1543412                    /usr/lib/jvm/java-8-openjdk-amd64/jre/lib/amd64/libsunec.so
7f732b3fc000-7f732b5fb000 ---p 00028000 ca:01 1543412                    /usr/lib/jvm/java-8-openjdk-amd64/jre/lib/amd64/libsunec.so
7f732b5fb000-7f732b5ff000 r--p 00027000 ca:01 1543412                    /usr/lib/jvm/java-8-openjdk-amd64/jre/lib/amd64/libsunec.so
7f732b5ff000-7f732b600000 rw-p 0002b000 ca:01 1543412                    /usr/lib/jvm/java-8-openjdk-amd64/jre/lib/amd64/libsunec.so
7f732b600000-7f732b800000 rw-p 00000000 00:00 0 
7f732b800000-7f732ba00000 rw-p 00000000 00:00 0 
7f732ba00000-7f732bc00000 rw-p 00000000 00:00 0 
7f732bc00000-7f732be00000 rw-p 00000000 00:00 0 
7f732be00000-7f732c000000 rw-p 00000000 00:00 0 
7f732c000000-7f732c067000 rw-p 00000000 00:00 0 
7f732c067000-7f7330000000 ---p 00000000 00:00 0 
7f7330000000-7f7330021000 rw-p 00000000 00:00 0 
7f7330021000-7f7334000000 ---p 00000000 00:00 0 
7f7334000000-7f7334021000 rw-p 00000000 00:00 0 
7f7334021000-7f7338000000 ---p 00000000 00:00 0 
7f7338000000-7f7338021000 rw-p 00000000 00:00 0 
7f7338021000-7f733c000000 ---p 00000000 00:00 0 
7f733c0da000-7f733c0dd000 ---p 00000000 00:00 0 
7f733c0dd000-7f733c3db000 rw-p 00000000 00:00 0 
7f733c3db000-7f733c5db000 rw-p 00000000 00:00 0 
7f733c5db000-7f733c5f2000 r-xp 00000000 ca:01 2179                       /lib/x86_64-linux-gnu/libresolv-2.27.so
7f733c5f2000-7f733c7f2000 ---p 00017000 ca:01 2179                       /lib/x86_64-linux-gnu/libresolv-2.27.so
7f733c7f2000-7f733c7f3000 r--p 00017000 ca:01 2179                       /lib/x86_64-linux-gnu/libresolv-2.27.so
7f733c7f3000-7f733c7f4000 rw-p 00018000 ca:01 2179                       /lib/x86_64-linux-gnu/libresolv-2.27.so
7f733c7f4000-7f733c7f6000 rw-p 00000000 00:00 0 
7f733c7f6000-7f733c7fb000 r-xp 00000000 ca:01 2092                       /lib/x86_64-linux-gnu/libnss_dns-2.27.so
7f733c7fb000-7f733c9fb000 ---p 00005000 ca:01 2092                       /lib/x86_64-linux-gnu/libnss_dns-2.27.so
7f733c9fb000-7f733c9fc000 r--p 00005000 ca:01 2092                       /lib/x86_64-linux-gnu/libnss_dns-2.27.so
7f733c9fc000-7f733c9fd000 rw-p 00006000 ca:01 2092                       /lib/x86_64-linux-gnu/libnss_dns-2.27.so
7f733c9fd000-7f733ca00000 ---p 00000000 00:00 0 
7f733ca00000-7f733cafe000 rw-p 00000000 00:00 0 
7f733cafe000-7f733cb01000 ---p 00000000 00:00 0 
7f733cb01000-7f733cdff000 rw-p 00000000 00:00 0 
7f733cdff000-7f733cfff000 rw-p 00000000 00:00 0 
7f733cfff000-7f7340000000 rw-p 00000000 00:00 0 
7f7340000000-7f7341960000 rw-p 00000000 00:00 0 
7f7341960000-7f7344000000 ---p 00000000 00:00 0 
7f7344000000-7f7344034000 rw-p 00000000 00:00 0 
7f7344034000-7f7348000000 ---p 00000000 00:00 0 
7f7348000000-7f7348021000 rw-p 00000000 00:00 0 
7f7348021000-7f734c000000 ---p 00000000 00:00 0 
7f734c000000-7f734e320000 rw-p 00000000 00:00 0 
7f734e320000-7f7350000000 ---p 00000000 00:00 0 
7f7350000000-7f7350021000 rw-p 00000000 00:00 0 
7f7350021000-7f7354000000 ---p 00000000 00:00 0 
7f7354000000-7f7354021000 rw-p 00000000 00:00 0 
7f7354021000-7f7358000000 ---p 00000000 00:00 0 
7f7358000000-7f7358021000 rw-p 00000000 00:00 0 
7f7358021000-7f735c000000 ---p 00000000 00:00 0 
7f735c000000-7f735c02c000 rw-p 00000000 00:00 0 
7f735c02c000-7f7360000000 ---p 00000000 00:00 0 
7f7360000000-7f7360040000 rw-p 00000000 00:00 0 
7f7360040000-7f7364000000 ---p 00000000 00:00 0 
7f73640dd000-7f73640f0000 r--s 00346000 ca:01 1543457                    /usr/lib/jvm/java-8-openjdk-amd64/jre/lib/resources.jar
7f73640f0000-7f73640f2000 r--s 00016000 ca:01 1543450                    /usr/lib/jvm/java-8-openjdk-amd64/jre/lib/jce.jar
7f73640f2000-7f73640f7000 r--s 000a3000 ca:01 1543452                    /usr/lib/jvm/java-8-openjdk-amd64/jre/lib/jsse.jar
7f73640f7000-7f73640fc000 r--s 002f9000 ca:01 1543419                    /usr/lib/jvm/java-8-openjdk-amd64/jre/lib/charsets.jar
7f73640fc000-7f73642fc000 rw-p 00000000 00:00 0 
7f73642fc000-7f73642ff000 ---p 00000000 00:00 0 
7f73642ff000-7f7364335000 rw-p 00000000 00:00 0 
7f7364335000-7f7364338000 r--s 00012000 ca:01 1547544                    /root/.m2/repository/org/apache/maven/surefire/surefire-junit4/2.20.1/surefire-junit4-2.20.1.jar
7f7364338000-7f7364340000 r--s 00072000 ca:01 521262                     /root/.m2/repository/org/apache/commons/commons-lang3/3.7/commons-lang3-3.7.jar
7f7364340000-7f7364342000 r--s 00008000 ca:01 1543968                    /root/.m2/repository/org/springframework/security/spring-security-jwt/1.0.9.RELEASE/spring-security-jwt-1.0.9.RELEASE.jar
7f7364342000-7f7364346000 r--s 00035000 ca:01 1543991                    /root/.m2/repository/org/codehaus/jackson/jackson-core-asl/1.9.13/jackson-core-asl-1.9.13.jar
7f7364346000-7f7364354000 r--s 000b1000 ca:01 1543990                    /root/.m2/repository/org/codehaus/jackson/jackson-mapper-asl/1.9.13/jackson-mapper-asl-1.9.13.jar
7f7364354000-7f7364361000 r--s 0006a000 ca:01 1543966                    /root/.m2/repository/org/springframework/security/oauth/spring-security-oauth2/2.2.1.RELEASE/spring-security-oauth2-2.2.1.RELEASE.jar
7f7364361000-7f7364365000 r--s 00011000 ca:01 1543964                    /root/.m2/repository/org/springframework/security/oauth/boot/spring-security-oauth2-autoconfigure/2.0.0.RELEASE/spring-security-oauth2-autoconfigure-2.0.0.RELEASE.jar
7f7364365000-7f7364367000 r--s 00005000 ca:01 1543956                    /root/.m2/repository/org/springframework/cloud/spring-cloud-security/2.0.0.M3/spring-cloud-security-2.0.0.M3.jar
7f7364367000-7f7364368000 r--s 00000000 ca:01 1543949                    /root/.m2/repository/org/springframework/cloud/spring-cloud-starter-security/2.0.0.M3/spring-cloud-starter-security-2.0.0.M3.jar
7f7364368000-7f7364369000 r--s 00000000 ca:01 1543970                    /root/.m2/repository/org/springframework/cloud/spring-cloud-starter-oauth2/2.0.0.M3/spring-cloud-starter-oauth2-2.0.0.M3.jar
7f7364369000-7f7364377000 r--s 0006b000 ca:01 1543962                    /root/.m2/repository/org/springframework/security/spring-security-web/5.0.3.RELEASE/spring-security-web-5.0.3.RELEASE.jar
7f7364377000-7f7364384000 r--s 0005b000 ca:01 1543953                    /root/.m2/repository/org/springframework/security/spring-security-core/5.0.3.RELEASE/spring-security-core-5.0.3.RELEASE.jar
7f7364384000-7f736438f000 r--s 0009e000 ca:01 1543960                    /root/.m2/repository/org/springframework/security/spring-security-config/5.0.3.RELEASE/spring-security-config-5.0.3.RELEASE.jar
7f736438f000-7f7364398000 r--s 0004f000 ca:01 513250                     /root/.m2/repository/org/springframework/spring-aop/5.0.4.RELEASE/spring-aop-5.0.4.RELEASE.jar
7f7364398000-7f7364399000 r--s 00000000 ca:01 1543959                    /root/.m2/repository/org/springframework/boot/spring-boot-starter-security/2.0.0.RELEASE/spring-boot-starter-security-2.0.0.RELEASE.jar
7f7364399000-7f736439d000 r--s 00015000 ca:01 1544250                    /root/.m2/repository/com/github/virtuald/curvesapi/1.04/curvesapi-1.04.jar
7f736439d000-7f73643db000 r--s 0025d000 ca:01 1544248                    /root/.m2/repository/org/apache/xmlbeans/xmlbeans/2.6.0/xmlbeans-2.6.0.jar
7f73643db000-7f7364496000 r--s 004ec000 ca:01 1544246                    /root/.m2/repository/org/apache/poi/poi-ooxml-schemas/3.17/poi-ooxml-schemas-3.17.jar
7f7364496000-7f73644a9000 r--s 00157000 ca:01 1544244                    /root/.m2/repository/org/apache/poi/poi-ooxml/3.17/poi-ooxml-3.17.jar
7f73644a9000-7f73644b9000 r--s 000a8000 ca:01 1544242                    /root/.m2/repository/org/apache/commons/commons-collections4/4.1/commons-collections4-4.1.jar
7f73644b9000-7f73644c0000 r--s 0004b000 ca:01 261306                     /root/.m2/repository/commons-codec/commons-codec/1.11/commons-codec-1.11.jar
7f73644c0000-7f73644ec000 r--s 00268000 ca:01 1544240                    /root/.m2/repository/org/apache/poi/poi/3.17/poi-3.17.jar
7f73644ec000-7f73644ee000 r--s 00002000 ca:01 521269                     /root/.m2/repository/org/apache/tomcat/tomcat-annotations-api/8.5.28/tomcat-annotations-api-8.5.28.jar
7f73644ee000-7f7364518000 r--s 002ce000 ca:01 513430                     /root/.m2/repository/org/apache/tomcat/embed/tomcat-embed-core/8.5.28/tomcat-embed-core-8.5.28.jar
7f7364518000-7f736451a000 r--s 00009000 ca:01 513577                     /root/.m2/repository/org/slf4j/slf4j-api/1.7.25/slf4j-api-1.7.25.jar
7f736451a000-7f7364534000 r--s 000ee000 ca:01 513248                     /root/.m2/repository/org/springframework/spring-context/5.0.4.RELEASE/spring-context-5.0.4.RELEASE.jar
7f7364534000-7f7364538000 r--s 00015000 ca:01 1547549                    /var/www/html/mavencode/lp-common/target/lp-common-0.0.1-SNAPSHOT.jar
7f7364538000-7f7364539000 r--s 00001000 ca:01 1547824                    /root/.m2/repository/com/voodoodyne/jackson/jsog/jackson-jsog/1.1.1/jackson-jsog-1.1.1.jar
7f7364539000-7f736453e000 r--s 0003c000 ca:01 513254                     /root/.m2/repository/org/springframework/spring-expression/5.0.4.RELEASE/spring-expression-5.0.4.RELEASE.jar
7f736453e000-7f736454d000 r--s 000b0000 ca:01 261299                     /root/.m2/repository/org/springframework/spring-webmvc/5.0.4.RELEASE/spring-webmvc-5.0.4.RELEASE.jar
7f736454d000-7f7364567000 r--s 00116000 ca:01 513273                     /root/.m2/repository/org/springframework/spring-web/5.0.4.RELEASE/spring-web-5.0.4.RELEASE.jar
7f7364567000-7f736456c000 r--s 00012000 ca:01 513439                     /root/.m2/repository/javax/validation/validation-api/2.0.1.Final/validation-api-2.0.1.Final.jar
7f736456c000-7f7364588000 r--s 000f5000 ca:01 513432                     /root/.m2/repository/org/hibernate/validator/hibernate-validator/6.0.7.Final/hibernate-validator-6.0.7.Final.jar
7f7364588000-7f736458d000 r--s 0003a000 ca:01 513431                     /root/.m2/repository/org/apache/tomcat/embed/tomcat-embed-websocket/8.5.28/tomcat-embed-websocket-8.5.28.jar
7f736458d000-7f7364591000 r--s 00037000 ca:01 513433                     /root/.m2/repository/org/apache/tomcat/embed/tomcat-embed-el/8.5.28/tomcat-embed-el-8.5.28.jar
7f7364591000-7f7364592000 r--s 00000000 ca:01 513279                     /root/.m2/repository/org/springframework/boot/spring-boot-starter-tomcat/2.0.0.RELEASE/spring-boot-starter-tomcat-2.0.0.RELEASE.jar
7f7364592000-7f7364593000 r--s 00000000 ca:01 261297                     /root/.m2/repository/org/springframework/boot/spring-boot-starter-web/2.0.0.RELEASE/spring-boot-starter-web-2.0.0.RELEASE.jar
7f7364593000-7f7364594000 r--s 00000000 ca:01 1547822                    /root/.m2/repository/io/github/openfeign/feign-java8/9.5.1/feign-java8-9.5.1.jar
7f7364594000-7f7364595000 r--s 00003000 ca:01 1547820                    /root/.m2/repository/io/github/openfeign/feign-hystrix/9.5.1/feign-hystrix-9.5.1.jar
7f7364595000-7f7364596000 r--s 00000000 ca:01 1547818                    /root/.m2/repository/io/github/openfeign/feign-slf4j/9.5.1/feign-slf4j-9.5.1.jar
7f7364596000-7f7364598000 r--s 00016000 ca:01 1547816                    /root/.m2/repository/io/github/openfeign/feign-core/9.5.1/feign-core-9.5.1.jar
7f7364598000-7f736459c000 r--s 00016000 ca:01 1547792                    /root/.m2/repository/org/springframework/cloud/spring-cloud-openfeign-core/2.0.0.M1/spring-cloud-openfeign-core-2.0.0.M1.jar
7f736459c000-7f736459d000 r--s 00000000 ca:01 1547796                    /root/.m2/repository/org/springframework/cloud/spring-cloud-starter-openfeign/2.0.0.M1/spring-cloud-starter-openfeign-2.0.0.M1.jar
7f736459d000-7f736459e000 r--s 00000000 ca:01 1547801                    /root/.m2/repository/org/springframework/cloud/spring-cloud-starter-feign/1.4.0.RELEASE/spring-cloud-starter-feign-1.4.0.RELEASE.jar
7f736459e000-7f73645a0000 r--s 00006000 ca:01 259139                     /root/.m2/repository/org/latencyutils/LatencyUtils/2.0.3/LatencyUtils-2.0.3.jar
7f73645a0000-7f73645a7000 r--s 00042000 ca:01 513443                     /root/.m2/repository/io/micrometer/micrometer-core/1.0.1/micrometer-core-1.0.1.jar
7f73645a7000-7f73645b5000 r--s 00062000 ca:01 513282                     /root/.m2/repository/org/springframework/boot/spring-boot-actuator/2.0.0.RELEASE/spring-boot-actuator-2.0.0.RELEASE.jar
7f73645b5000-7f73645c1000 r--s 0004e000 ca:01 513257                     /root/.m2/repository/org/springframework/boot/spring-boot-actuator-autoconfigure/2.0.0.RELEASE/spring-boot-actuator-autoconfigure-2.0.0.RELEASE.jar
7f73645c1000-7f73645c2000 r--s 00000000 ca:01 513278                     /root/.m2/repository/org/springframework/boot/spring-boot-starter-actuator/2.0.0.RELEASE/spring-boot-starter-actuator-2.0.0.RELEASE.jar
7f73645c2000-7f73645cd000 r--s 000b8000 ca:01 1547814                    /root/.m2/repository/org/postgresql/postgresql/42.2.1/postgresql-42.2.1.jar
7f73645cd000-7f73645dc000 r--s 001ae000 ca:01 1547812                    /root/.m2/repository/com/h2database/h2/1.4.196/h2-1.4.196.jar
7f73645dc000-7f73645df000 r--s 00008000 ca:01 1544211                    /root/.m2/repository/org/springframework/spring-aspects/5.0.4.RELEASE/spring-aspects-5.0.4.RELEASE.jar
7f73645df000-7f73645eb000 r--s 00094000 ca:01 513252                     /root/.m2/repository/org/springframework/spring-beans/5.0.4.RELEASE/spring-beans-5.0.4.RELEASE.jar
7f73645eb000-7f73645f2000 r--s 00036000 ca:01 1544208                    /root/.m2/repository/org/springframework/spring-tx/5.0.4.RELEASE/spring-tx-5.0.4.RELEASE.jar
7f73645f2000-7f73645f6000 r--s 0002a000 ca:01 1544206                    /root/.m2/repository/org/springframework/spring-orm/5.0.4.RELEASE/spring-orm-5.0.4.RELEASE.jar
7f73645f6000-7f736460d000 r--s 000ed000 ca:01 1544202                    /root/.m2/repository/org/springframework/data/spring-data-commons/2.0.5.RELEASE/spring-data-commons-2.0.5.RELEASE.jar
7f736460d000-7f7364614000 r--s 00049000 ca:01 1033978                    /root/.m2/repository/org/springframework/data/spring-data-jpa/2.0.5.RELEASE/spring-data-jpa-2.0.5.RELEASE.jar
7f7364614000-7f7364616000 r--s 00006000 ca:01 776722                     /root/.m2/repository/javax/transaction/javax.transaction-api/1.2/javax.transaction-api-1.2.jar
7f7364616000-7f7364619000 r--s 00010000 ca:01 1544238                    /root/.m2/repository/org/hibernate/common/hibernate-commons-annotations/5.0.1.Final/hibernate-commons-annotations-5.0.1.Final.jar
7f7364619000-7f736461e000 r--s 00048000 ca:01 1544236                    /root/.m2/repository/dom4j/dom4j/1.6.1/dom4j-1.6.1.jar
7f736461e000-7f7364620000 r--s 0000e000 ca:01 513441                     /root/.m2/repository/com/fasterxml/classmate/1.3.4/classmate-1.3.4.jar
7f7364620000-7f7364623000 r--s 0002b000 ca:01 1544232                    /root/.m2/repository/org/jboss/jandex/2.0.3.Final/jandex-2.0.3.Final.jar
7f7364623000-7f7364628000 r--s 00068000 ca:01 513471                     /root/.m2/repository/antlr/antlr/2.7.7/antlr-2.7.7.jar
7f7364628000-7f7364632000 r--s 000ab000 ca:01 1544235                    /root/.m2/repository/org/javassist/javassist/3.22.0-GA/javassist-3.22.0-GA.jar
7f7364632000-7f7364637000 r--s 00017000 ca:01 1544230                    /root/.m2/repository/org/hibernate/javax/persistence/hibernate-jpa-2.1-api/1.0.0.Final/hibernate-jpa-2.1-api-1.0.0.Final.jar
7f7364637000-7f7364639000 r--s 0000f000 ca:01 513437                     /root/.m2/repository/org/jboss/logging/jboss-logging/3.3.2.Final/jboss-logging-3.3.2.Final.jar
7f7364639000-7f73646b7000 r--s 005ec000 ca:01 1544228                    /root/.m2/repository/org/hibernate/hibernate-core/5.2.14.Final/hibernate-core-5.2.14.Final.jar
7f73646b7000-7f73646c0000 r--s 00057000 ca:01 1544205                    /root/.m2/repository/org/springframework/spring-jdbc/5.0.4.RELEASE/spring-jdbc-5.0.4.RELEASE.jar
7f73646c0000-7f73646c3000 r--s 00020000 ca:01 1544226                    /root/.m2/repository/com/zaxxer/HikariCP/2.7.8/HikariCP-2.7.8.jar
7f73646c3000-7f73646c4000 r--s 00000000 ca:01 1544201                    /root/.m2/repository/org/springframework/boot/spring-boot-starter-jdbc/2.0.0.RELEASE/spring-boot-starter-jdbc-2.0.0.RELEASE.jar
7f73646c4000-7f73646c5000 r--s 00000000 ca:01 513291                     /root/.m2/repository/org/springframework/boot/spring-boot-starter-aop/2.0.0.RELEASE/spring-boot-starter-aop-2.0.0.RELEASE.jar
7f73646c5000-7f73646c6000 r--s 00000000 ca:01 1544199                    /root/.m2/repository/org/springframework/boot/spring-boot-starter-data-jpa/2.0.0.RELEASE/spring-boot-starter-data-jpa-2.0.0.RELEASE.jar
7f73646c6000-7f73646cb000 r--s 00022000 ca:01 513589                     /root/.m2/repository/org/xmlunit/xmlunit-core/2.5.1/xmlunit-core-2.5.1.jar
7f73646cb000-7f73646d9000 r--s 00083000 ca:01 513293                     /root/.m2/repository/org/springframework/spring-test/5.0.4.RELEASE/spring-test-5.0.4.RELEASE.jar
7f73646d9000-7f73646da000 r--s 00003000 ca:01 513310                     /root/.m2/repository/org/springframework/spring-jcl/5.0.4.RELEASE/spring-jcl-5.0.4.RELEASE.jar
7f73646da000-7f73646f1000 r--s 00112000 ca:01 513301                     /root/.m2/repository/org/springframework/spring-core/5.0.4.RELEASE/spring-core-5.0.4.RELEASE.jar
7f73646f1000-7f73646f2000 r--s 00004000 ca:01 259188                     /root/.m2/repository/com/vaadin/external/google/android-json/0.0.20131108.vaadin1/android-json-0.0.20131108.vaadin1.jar
7f73646f2000-7f73646f4000 r--s 00006000 ca:01 259191                     /root/.m2/repository/org/skyscreamer/jsonassert/1.5.0/jsonassert-1.5.0.jar
7f73646f4000-7f73646f5000 r--s 0000c000 ca:01 513587                     /root/.m2/repository/org/hamcrest/hamcrest-library/1.3/hamcrest-library-1.3.jar
7f73646f5000-7f73646f7000 r--s 00009000 ca:01 513585                     /root/.m2/repository/org/hamcrest/hamcrest-core/1.3/hamcrest-core-1.3.jar
7f73646f7000-7f73646f9000 r--s 0000c000 ca:01 259189                     /root/.m2/repository/org/objenesis/objenesis/2.6/objenesis-2.6.jar
7f73646f9000-7f73646fb000 r--s 00009000 ca:01 513584                     /root/.m2/repository/net/bytebuddy/byte-buddy-agent/1.7.10/byte-buddy-agent-1.7.10.jar
7f73646fb000-7f7364738000 r--s 0028f000 ca:01 513579                     /root/.m2/repository/net/bytebuddy/byte-buddy/1.7.10/byte-buddy-1.7.10.jar
7f7364738000-7f7364748000 r--s 00075000 ca:01 513581                     /root/.m2/repository/org/mockito/mockito-core/2.15.0/mockito-core-2.15.0.jar
7f7364748000-7f736479d000 r--s 00367000 ca:01 261310                     /root/.m2/repository/org/assertj/assertj-core/3.9.1/assertj-core-3.9.1.jar
7f736479d000-7f73647a5000 r--s 00045000 ca:01 513520                     /root/.m2/repository/junit/junit/4.12/junit-4.12.jar
7f73647a5000-7f73647a7000 r--s 00006000 ca:01 259151                     /root/.m2/repository/net/minidev/accessors-smart/1.2/accessors-smart-1.2.jar
7f73647a7000-7f73647aa000 r--s 0001b000 ca:01 259148                     /root/.m2/repository/net/minidev/json-smart/2.3/json-smart-2.3.jar
7f73647aa000-7f73647b0000 r--s 00031000 ca:01 259130                     /root/.m2/repository/com/jayway/jsonpath/json-path/2.4.0/json-path-2.4.0.jar
7f73647b0000-7f73647b7000 r--s 00020000 ca:01 513307                     /root/.m2/repository/org/springframework/boot/spring-boot-test-autoconfigure/2.0.0.RELEASE/spring-boot-test-autoconfigure-2.0.0.RELEASE.jar
7f73647b7000-7f73647bc000 r--s 0002b000 ca:01 513304                     /root/.m2/repository/org/springframework/boot/spring-boot-test/2.0.0.RELEASE/spring-boot-test-2.0.0.RELEASE.jar
7f73647bc000-7f73647bd000 r--s 00000000 ca:01 261301                     /root/.m2/repository/org/springframework/boot/spring-boot-starter-test/2.0.0.RELEASE/spring-boot-starter-test-2.0.0.RELEASE.jar
7f73647bd000-7f73647be000 r--s 00000000 ca:01 1033966                    /root/.m2/repository/org/reactivestreams/reactive-streams/1.0.2/reactive-streams-1.0.2.jar
7f73647be000-7f73647c0000 r--s 00003000 ca:01 776701                     /root/.m2/repository/io/reactivex/rxjava-reactive-streams/1.2.1/rxjava-reactive-streams-1.2.1.jar
7f73647c0000-7f73647d9000 r--s 001bf000 ca:01 513449                     /root/.m2/repository/org/aspectj/aspectjweaver/1.8.13/aspectjweaver-1.8.13.jar
7f73647d9000-7f73647db000 r--s 0000c000 ca:01 259152                     /root/.m2/repository/org/ow2/asm/asm/5.0.4/asm-5.0.4.jar
7f73647db000-7f73647e1000 r--s 00026000 ca:01 1543985                    /root/.m2/repository/com/netflix/hystrix/hystrix-javanica/1.5.12/hystrix-javanica-1.5.12.jar
7f73647e1000-7f73647e3000 r--s 0000c000 ca:01 1543983                    /root/.m2/repository/com/netflix/hystrix/hystrix-metrics-event-stream/1.5.12/hystrix-metrics-event-stream-1.5.12.jar
7f73647e3000-7f73647e6000 r--s 00021000 ca:01 1543981                    /root/.m2/repository/com/fasterxml/jackson/module/jackson-module-afterburner/2.9.3/jackson-module-afterburner-2.9.3.jar
7f73647e6000-7f73647e8000 r--s 00007000 ca:01 1287794                    /root/.m2/repository/com/netflix/hystrix/hystrix-serialization/1.5.12/hystrix-serialization-1.5.12.jar
7f73647e8000-7f73647ea000 r--s 0001a000 ca:01 521321                     /root/.m2/repository/org/hdrhistogram/HdrHistogram/2.1.9/HdrHistogram-2.1.9.jar
7f73647ea000-7f73647f6000 r--s 00068000 ca:01 513539                     /root/.m2/repository/com/netflix/hystrix/hystrix-core/1.5.12/hystrix-core-1.5.12.jar
7f73647f6000-7f73647fa000 r--s 00016000 ca:01 513297                     /root/.m2/repository/org/springframework/cloud/spring-cloud-netflix-ribbon/2.0.0.M7/spring-cloud-netflix-ribbon-2.0.0.M7.jar
7f73647fa000-7f73647fb000 r--s 00000000 ca:01 1543952                    /root/.m2/repository/org/springframework/cloud/spring-cloud-starter-netflix-hystrix/2.0.0.M7/spring-cloud-starter-netflix-hystrix-2.0.0.M7.jar
7f73647fb000-7f73647fd000 r--s 00005000 ca:01 513523                     /root/.m2/repository/xpp3/xpp3_min/1.1.4c/xpp3_min-1.1.4c.jar
7f73647fd000-7f73647fe000 r--s 00001000 ca:01 513517                     /root/.m2/repository/xmlpull/xmlpull/1.1.3.1/xmlpull-1.1.3.1.jar
7f73647fe000-7f736480c000 r--s 00079000 ca:01 513515                     /root/.m2/repository/com/thoughtworks/xstream/xstream/1.4.9/xstream-1.4.9.jar
7f736480c000-7f736480e000 r--s 00003000 ca:01 513571                     /root/.m2/repository/com/netflix/ribbon/ribbon-eureka/2.2.4/ribbon-eureka-2.2.4.jar
7f736480e000-7f7364827000 r--s 000ff000 ca:01 513573                     /root/.m2/repository/io/reactivex/rxjava/1.3.6/rxjava-1.3.6.jar
7f7364827000-7f7364829000 r--s 00002000 ca:01 513570                     /root/.m2/repository/com/netflix/netflix-commons/netflix-statistics/0.1.1/netflix-statistics-0.1.1.jar
7f7364829000-7f736482d000 r--s 00024000 ca:01 513567                     /root/.m2/repository/com/netflix/ribbon/ribbon-loadbalancer/2.2.4/ribbon-loadbalancer-2.2.4.jar
7f736482d000-7f736482e000 r--s 00001000 ca:01 513565                     /root/.m2/repository/com/netflix/netflix-commons/netflix-commons-util/0.1.1/netflix-commons-util-0.1.1.jar
7f736482e000-7f736483b000 r--s 00083000 ca:01 513563                     /root/.m2/repository/commons-collections/commons-collections/3.2.2/commons-collections-3.2.2.jar
7f736483b000-7f736483d000 r--s 0000c000 ca:01 513561                     /root/.m2/repository/com/netflix/ribbon/ribbon-httpclient/2.2.4/ribbon-httpclient-2.2.4.jar
7f736483d000-7f7364841000 r--s 00011000 ca:01 513557                     /root/.m2/repository/com/netflix/ribbon/ribbon-core/2.2.4/ribbon-core-2.2.4.jar
7f7364841000-7f7364842000 r--s 00007000 ca:01 513559                     /root/.m2/repository/io/netty/netty-resolver/4.1.22.Final/netty-resolver-4.1.22.Final.jar
7f7364842000-7f736484c000 r--s 00066000 ca:01 513555                     /root/.m2/repository/io/netty/netty-transport/4.1.22.Final/netty-transport-4.1.22.Final.jar
7f736484c000-7f736484e000 r--s 00006000 ca:01 513553                     /root/.m2/repository/io/netty/netty-transport-native-unix-common/4.1.22.Final/netty-transport-native-unix-common-4.1.22.Final.jar
7f736484e000-7f7364852000 r--s 0003f000 ca:01 513551                     /root/.m2/repository/io/netty/netty-buffer/4.1.22.Final/netty-buffer-4.1.22.Final.jar
7f7364852000-7f736485e000 r--s 00081000 ca:01 513549                     /root/.m2/repository/io/netty/netty-common/4.1.22.Final/netty-common-4.1.22.Final.jar
7f736485e000-7f7364861000 r--s 0001a000 ca:01 513547                     /root/.m2/repository/io/netty/netty-transport-native-epoll/4.1.22.Final/netty-transport-native-epoll-4.1.22.Final.jar
7f7364861000-7f7364868000 r--s 00047000 ca:01 513545                     /root/.m2/repository/io/netty/netty-codec/4.1.22.Final/netty-codec-4.1.22.Final.jar
7f7364868000-7f7364873000 r--s 0007f000 ca:01 513543                     /root/.m2/repository/io/netty/netty-codec-http/4.1.22.Final/netty-codec-http-4.1.22.Final.jar
7f7364873000-7f736487d000 r--s 00059000 ca:01 513422                     /root/.m2/repository/io/reactivex/rxnetty/0.4.9/rxnetty-0.4.9.jar
7f736487d000-7f736487f000 r--s 00006000 ca:01 513438                     /root/.m2/repository/io/reactivex/rxnetty-servo/0.4.9/rxnetty-servo-0.4.9.jar
7f736487f000-7f7364882000 r--s 0000b000 ca:01 513535                     /root/.m2/repository/io/reactivex/rxnetty-contexts/0.4.9/rxnetty-contexts-0.4.9.jar
7f7364882000-7f7364883000 r--s 00009000 ca:01 513533                     /root/.m2/repository/com/netflix/ribbon/ribbon-transport/2.2.4/ribbon-transport-2.2.4.jar
7f7364883000-7f7364887000 r--s 00012000 ca:01 513531                     /root/.m2/repository/com/netflix/ribbon/ribbon/2.2.4/ribbon-2.2.4.jar
7f7364887000-7f7364888000 r--s 00000000 ca:01 513247                     /root/.m2/repository/org/springframework/cloud/spring-cloud-starter-netflix-ribbon/2.0.0.M7/spring-cloud-starter-netflix-ribbon-2.0.0.M7.jar
7f7364888000-7f73648b3000 r--s 001fc000 ca:01 261308                     /root/.m2/repository/com/google/guava/guava/18.0/guava-18.0.jar
7f73648b3000-7f73648b8000 r--s 00041000 ca:01 513522                     /root/.m2/repository/commons-lang/commons-lang/2.6/commons-lang-2.6.jar
7f73648b8000-7f73648bf000 r--s 00050000 ca:01 513521                     /root/.m2/repository/commons-configuration/commons-configuration/1.8/commons-configuration-1.8.jar
7f73648bf000-7f73648c1000 r--s 00002000 ca:01 513296                     /root/.m2/repository/org/springframework/cloud/spring-cloud-netflix-archaius/2.0.0.M7/spring-cloud-netflix-archaius-2.0.0.M7.jar
7f73648c1000-7f73648c2000 r--s 00000000 ca:01 513286                     /root/.m2/repository/org/springframework/cloud/spring-cloud-starter-netflix-archaius/2.0.0.M7/spring-cloud-starter-netflix-archaius-2.0.0.M7.jar
7f73648c2000-7f73648c6000 r--s 00024000 ca:01 513511                     /root/.m2/repository/org/codehaus/woodstox/stax2-api/3.1.4/stax2-api-3.1.4.jar
7f73648c6000-7f73648c8000 r--s 00004000 ca:01 513501                     /root/.m2/repository/javax/xml/stream/stax-api/1.0-2/stax-api-1.0-2.jar
7f73648c8000-7f73648ce000 r--s 00071000 ca:01 513499                     /root/.m2/repository/org/codehaus/woodstox/woodstox-core-asl/4.4.1/woodstox-core-asl-4.4.1.jar
7f73648ce000-7f73648d3000 r--s 00039000 ca:01 513497                     /root/.m2/repository/com/netflix/eureka/eureka-core/1.8.6/eureka-core-1.8.6.jar
7f73648d3000-7f73648d8000 r--s 00024000 ca:01 513491                     /root/.m2/repository/com/github/andrewoma/dexx/dexx-collections/0.2/dexx-collections-0.2.jar
7f73648d8000-7f73648d9000 r--s 00004000 ca:01 513490                     /root/.m2/repository/com/github/vlsi/compactmap/compactmap/1.2.1/compactmap-1.2.1.jar
7f73648d9000-7f73648db000 r--s 00000000 ca:01 260293                     /root/.m2/repository/aopalliance/aopalliance/1.0/aopalliance-1.0.jar
7f73648db000-7f73648dc000 r--s 00000000 ca:01 260283                     /root/.m2/repository/javax/inject/javax.inject/1/javax.inject-1.jar
7f73648dc000-7f73648ea000 r--s 00097000 ca:01 513487                     /root/.m2/repository/com/google/inject/guice/4.1.0/guice-4.1.0.jar
7f73648ea000-7f73648f1000 r--s 00049000 ca:01 513417                     /root/.m2/repository/org/apache/httpcomponents/httpcore/4.4.9/httpcore-4.4.9.jar
7f73648f1000-7f73648ff000 r--s 000ae000 ca:01 513415                     /root/.m2/repository/org/apache/httpcomponents/httpclient/4.5.5/httpclient-4.5.5.jar
7f73648ff000-7f7364901000 r--s 00003000 ca:01 513485                     /root/.m2/repository/com/sun/jersey/contribs/jersey-apache-client4/1.19.1/jersey-apache-client4-1.19.1.jar
7f7364901000-7f7364904000 r--s 0001e000 ca:01 513483                     /root/.m2/repository/com/sun/jersey/jersey-client/1.19.1/jersey-client-1.19.1.jar
7f7364904000-7f736490e000 r--s 00061000 ca:01 513481                     /root/.m2/repository/com/sun/jersey/jersey-core/1.19.1/jersey-core-1.19.1.jar
7f736490e000-7f7364912000 r--s 00027000 ca:01 513479                     /root/.m2/repository/com/netflix/servo/servo-internal/0.10.1/servo-internal-0.10.1.jar
7f7364912000-7f7364917000 r--s 00032000 ca:01 513477                     /root/.m2/repository/com/netflix/servo/servo-core/0.10.1/servo-core-0.10.1.jar
7f7364917000-7f7364919000 r--s 0000a000 ca:01 513476                     /root/.m2/repository/javax/ws/rs/jsr311-api/1.1.1/jsr311-api-1.1.1.jar
7f7364919000-7f736491d000 r--s 0001f000 ca:01 513503                     /root/.m2/repository/com/netflix/archaius/archaius-core/0.7.5/archaius-core-0.7.5.jar
7f736491d000-7f7364930000 r--s 000df000 ca:01 513475                     /root/.m2/repository/org/apache/commons/commons-math/2.2/commons-math-2.2.jar
7f7364930000-7f7364935000 r--s 00034000 ca:01 513473                     /root/.m2/repository/com/google/code/gson/gson/2.8.2/gson-2.8.2.jar
7f7364935000-7f7364938000 r--s 00022000 ca:01 513467                     /root/.m2/repository/org/antlr/stringtemplate/3.2.1/stringtemplate-3.2.1.jar
7f7364938000-7f736493c000 r--s 00025000 ca:01 513465                     /root/.m2/repository/org/antlr/antlr-runtime/3.4/antlr-runtime-3.4.jar
7f736493c000-7f736494d000 r--s 0008a000 ca:01 513463                     /root/.m2/repository/joda-time/joda-time/2.9.9/joda-time-2.9.9.jar
7f736494d000-7f7364953000 r--s 00044000 ca:01 513442                     /root/.m2/repository/commons-jxpath/commons-jxpath/1.3/commons-jxpath-1.3.jar
7f7364953000-7f7364956000 r--s 00016000 ca:01 513459                     /root/.m2/repository/com/netflix/netflix-commons/netflix-infix/0.3.0/netflix-infix-0.3.0.jar
7f7364956000-7f7364958000 r--s 0000f000 ca:01 513457                     /root/.m2/repository/com/netflix/netflix-commons/netflix-eventbus/0.3.0/netflix-eventbus-0.3.0.jar
7f7364958000-7f736495a000 r--s 00005000 ca:01 513455                     /root/.m2/repository/stax/stax-api/1.0.1/stax-api-1.0.1.jar
7f736495a000-7f736495d000 r--s 00012000 ca:01 513453                     /root/.m2/repository/org/codehaus/jettison/jettison/1.3.7/jettison-1.3.7.jar
7f736495d000-7f7364967000 r--s 00061000 ca:01 513451                     /root/.m2/repository/com/netflix/eureka/eureka-client/1.8.6/eureka-client-1.8.6.jar
7f7364967000-7f736496b000 r--s 00014000 ca:01 513294                     /root/.m2/repository/org/springframework/cloud/spring-cloud-netflix-eureka-client/2.0.0.M7/spring-cloud-netflix-eureka-client-2.0.0.M7.jar
7f736496b000-7f736496d000 r--s 00005000 ca:01 513288                     /root/.m2/repository/org/springframework/cloud/spring-cloud-netflix-core/2.0.0.M7/spring-cloud-netflix-core-2.0.0.M7.jar
7f736496d000-7f736496e000 r--s 00000000 ca:01 1543763                    /root/.m2/repository/org/springframework/cloud/spring-cloud-starter-netflix-eureka-client/2.0.0.M7/spring-cloud-starter-netflix-eureka-client-2.0.0.M7.jar
7f736496e000-7f7364972000 r--s 0004b000 ca:01 513527                     /root/.m2/repository/com/fasterxml/jackson/core/jackson-core/2.9.3/jackson-core-2.9.3.jar
7f7364972000-7f7364985000 r--s 00134000 ca:01 513530                     /root/.m2/repository/com/fasterxml/jackson/core/jackson-databind/2.9.3/jackson-databind-2.9.3.jar
7f7364985000-7f7364987000 r--s 00007000 ca:01 1543757                    /root/.m2/repository/org/springframework/cloud/spring-cloud-config-client/2.0.0.M8/spring-cloud-config-client-2.0.0.M8.jar
7f7364987000-7f73649d2000 r--s 002ff000 ca:01 513421                     /root/.m2/repository/org/bouncycastle/bcprov-jdk15on/1.56/bcprov-jdk15on-1.56.jar
7f73649d2000-7f73649e3000 r--s 00097000 ca:01 513419                     /root/.m2/repository/org/bouncycastle/bcpkix-jdk15on/1.56/bcpkix-jdk15on-1.56.jar
7f73649e3000-7f73649e4000 r--s 00004000 ca:01 513266                     /root/.m2/repository/org/springframework/security/spring-security-rsa/1.0.5.RELEASE/spring-security-rsa-1.0.5.RELEASE.jar
7f73649e4000-7f73649e9000 r--s 0001c000 ca:01 513264                     /root/.m2/repository/org/springframework/cloud/spring-cloud-commons/2.0.0.M8/spring-cloud-commons-2.0.0.M8.jar
7f73649e9000-7f73649eb000 r--s 00010000 ca:01 513262                     /root/.m2/repository/org/springframework/security/spring-security-crypto/5.0.3.RELEASE/spring-security-crypto-5.0.3.RELEASE.jar
7f73649eb000-7f73649ee000 r--s 00016000 ca:01 513260                     /root/.m2/repository/org/springframework/cloud/spring-cloud-context/2.0.0.M8/spring-cloud-context-2.0.0.M8.jar
7f73649ee000-7f73649ef000 r--s 00000000 ca:01 513244                     /root/.m2/repository/org/springframework/cloud/spring-cloud-starter/2.0.0.M8/spring-cloud-starter-2.0.0.M8.jar
7f73649ef000-7f73649f0000 r--s 00000000 ca:01 1543759                    /root/.m2/repository/org/springframework/cloud/spring-cloud-starter-config/2.0.0.M8/spring-cloud-starter-config-2.0.0.M8.jar
7f73649f0000-7f73649f3000 r--s 0000e000 ca:01 513525                     /root/.m2/repository/com/fasterxml/jackson/core/jackson-annotations/2.9.0/jackson-annotations-2.9.0.jar
7f73649f3000-7f73649f5000 r--s 00002000 ca:01 1034107                    /root/.m2/repository/org/atteo/evo-inflector/1.2.2/evo-inflector-1.2.2.jar
7f73649f5000-7f73649f6000 r--s 00004000 ca:01 1547797                    /root/.m2/repository/org/springframework/plugin/spring-plugin-core/1.2.0.RELEASE/spring-plugin-core-1.2.0.RELEASE.jar
7f73649f6000-7f73649fb000 r--s 0002e000 ca:01 1547795                    /root/.m2/repository/org/springframework/hateoas/spring-hateoas/0.24.0.RELEASE/spring-hateoas-0.24.0.RELEASE.jar
7f73649fb000-7f7364a00000 r--s 0001d000 ca:01 1547793                    /root/.m2/repository/org/springframework/data/spring-data-rest-core/3.0.5.RELEASE/spring-data-rest-core-3.0.5.RELEASE.jar
7f7364a00000-7f7364a08000 r--s 0004b000 ca:01 1547791                    /root/.m2/repository/org/springframework/data/spring-data-rest-webmvc/3.0.5.RELEASE/spring-data-rest-webmvc-3.0.5.RELEASE.jar
7f7364a08000-7f7364a0a000 r--s 00001000 ca:01 513427                     /root/.m2/repository/com/fasterxml/jackson/module/jackson-module-parameter-names/2.9.3/jackson-module-parameter-names-2.9.3.jar
7f7364a0a000-7f7364a0d000 r--s 00015000 ca:01 513425                     /root/.m2/repository/com/fasterxml/jackson/datatype/jackson-datatype-jsr310/2.9.3/jackson-datatype-jsr310-2.9.3.jar
7f7364a0d000-7f7364a0f000 r--s 00007000 ca:01 513423                     /root/.m2/repository/com/fasterxml/jackson/datatype/jackson-datatype-jdk8/2.9.3/jackson-datatype-jdk8-2.9.3.jar
7f7364a0f000-7f7364a10000 r--s 00000000 ca:01 513272                     /root/.m2/repository/org/springframework/boot/spring-boot-starter-json/2.0.0.RELEASE/spring-boot-starter-json-2.0.0.RELEASE.jar
7f7364a10000-7f7364a17000 r--s 00042000 ca:01 513413                     /root/.m2/repository/org/yaml/snakeyaml/1.19/snakeyaml-1.19.jar
7f7364a17000-7f7364a19000 r--s 00005000 ca:01 513411                     /root/.m2/repository/javax/annotation/javax.annotation-api/1.3.2/javax.annotation-api-1.3.2.jar
7f7364a19000-7f7364a1b000 r--s 00000000 ca:01 513409                     /root/.m2/repository/org/slf4j/jul-to-slf4j/1.7.25/jul-to-slf4j-1.7.25.jar
7f7364a1b000-7f7364a21000 r--s 00039000 ca:01 513407                     /root/.m2/repository/org/apache/logging/log4j/log4j-api/2.10.0/log4j-api-2.10.0.jar
7f7364a21000-7f7364a23000 r--s 00003000 ca:01 513405                     /root/.m2/repository/org/apache/logging/log4j/log4j-to-slf4j/2.10.0/log4j-to-slf4j-2.10.0.jar
7f7364a23000-7f7364a2e000 r--s 00069000 ca:01 259067                     /root/.m2/repository/ch/qos/logback/logback-core/1.2.3/logback-core-1.2.3.jar
7f7364a2e000-7f7364a34000 r--s 00041000 ca:01 259070                     /root/.m2/repository/ch/qos/logback/logback-classic/1.2.3/logback-classic-1.2.3.jar
7f7364a34000-7f7364a35000 r--s 00000000 ca:01 513253                     /root/.m2/repository/org/springframework/boot/spring-boot-starter-logging/2.0.0.RELEASE/spring-boot-starter-logging-2.0.0.RELEASE.jar
7f7364a35000-7f7364a55000 r--s 000f8000 ca:01 513258                     /root/.m2/repository/org/springframework/boot/spring-boot-autoconfigure/2.0.0.RELEASE/spring-boot-autoconfigure-2.0.0.RELEASE.jar
7f7364a55000-7f7364a6a000 r--s 000cd000 ca:01 513246                     /root/.m2/repository/org/springframework/boot/spring-boot/2.0.0.RELEASE/spring-boot-2.0.0.RELEASE.jar
7f7364a6a000-7f7364a6b000 r--s 00000000 ca:01 261295                     /root/.m2/repository/org/springframework/boot/spring-boot-starter/2.0.0.RELEASE/spring-boot-starter-2.0.0.RELEASE.jar
7f7364a6b000-7f7364a6c000 r--s 00000000 ca:01 1547789                    /root/.m2/repository/org/springframework/boot/spring-boot-starter-data-rest/2.0.0.RELEASE/spring-boot-starter-data-rest-2.0.0.RELEASE.jar
7f7364a6c000-7f7364a6f000 ---p 00000000 00:00 0 
7f7364a6f000-7f7364b6d000 rw-p 00000000 00:00 0 
7f7364b6d000-7f7364b76000 r-xp 00000000 ca:01 1543405                    /usr/lib/jvm/java-8-openjdk-amd64/jre/lib/amd64/libmanagement.so
7f7364b76000-7f7364d75000 ---p 00009000 ca:01 1543405                    /usr/lib/jvm/java-8-openjdk-amd64/jre/lib/amd64/libmanagement.so
7f7364d75000-7f7364d76000 r--p 00008000 ca:01 1543405                    /usr/lib/jvm/java-8-openjdk-amd64/jre/lib/amd64/libmanagement.so
7f7364d76000-7f7364d77000 rw-p 00009000 ca:01 1543405                    /usr/lib/jvm/java-8-openjdk-amd64/jre/lib/amd64/libmanagement.so
7f7364d77000-7f7364d7a000 ---p 00000000 00:00 0 
7f7364d7a000-7f7364e78000 rw-p 00000000 00:00 0 
7f7364e78000-7f7364e8f000 r-xp 00000000 ca:01 1543407                    /usr/lib/jvm/java-8-openjdk-amd64/jre/lib/amd64/libnet.so
7f7364e8f000-7f736508e000 ---p 00017000 ca:01 1543407                    /usr/lib/jvm/java-8-openjdk-amd64/jre/lib/amd64/libnet.so
7f736508e000-7f736508f000 r--p 00016000 ca:01 1543407                    /usr/lib/jvm/java-8-openjdk-amd64/jre/lib/amd64/libnet.so
7f736508f000-7f7365090000 rw-p 00017000 ca:01 1543407                    /usr/lib/jvm/java-8-openjdk-amd64/jre/lib/amd64/libnet.so
7f7365090000-7f73650a1000 r-xp 00000000 ca:01 1543408                    /usr/lib/jvm/java-8-openjdk-amd64/jre/lib/amd64/libnio.so
7f73650a1000-7f73652a1000 ---p 00011000 ca:01 1543408                    /usr/lib/jvm/java-8-openjdk-amd64/jre/lib/amd64/libnio.so
7f73652a1000-7f73652a2000 r--p 00011000 ca:01 1543408                    /usr/lib/jvm/java-8-openjdk-amd64/jre/lib/amd64/libnio.so
7f73652a2000-7f73652a3000 rw-p 00012000 ca:01 1543408                    /usr/lib/jvm/java-8-openjdk-amd64/jre/lib/amd64/libnio.so
7f73652a3000-7f73652be000 r--s 001d6000 ca:01 1543434                    /usr/lib/jvm/java-8-openjdk-amd64/jre/lib/ext/nashorn.jar
7f73652be000-7f73652d9000 r--s 00394000 ca:01 1543429                    /usr/lib/jvm/java-8-openjdk-amd64/jre/lib/ext/cldrdata.jar
7f73652d9000-7f73652da000 ---p 00000000 00:00 0 
7f73652da000-7f73653da000 rw-p 00000000 00:00 0 
7f73653da000-7f73653dd000 ---p 00000000 00:00 0 
7f73653dd000-7f73654db000 rw-p 00000000 00:00 0 
7f73654db000-7f73654dc000 ---p 00000000 00:00 0 
7f73654dc000-7f73654df000 ---p 00000000 00:00 0 
7f73654df000-7f73655dc000 rw-p 00000000 00:00 0 
7f73655dc000-7f73655dd000 ---p 00000000 00:00 0 
7f73655dd000-7f73655e0000 ---p 00000000 00:00 0 
7f73655e0000-7f73656dd000 rw-p 00000000 00:00 0 
7f73656dd000-7f73656e0000 ---p 00000000 00:00 0 
7f73656e0000-7f73657de000 rw-p 00000000 00:00 0 
7f73657de000-7f736580f000 r--p 00000000 ca:01 7801                       /usr/lib/locale/C.UTF-8/LC_CTYPE
7f736580f000-7f7365982000 r--p 00000000 ca:01 7800                       /usr/lib/locale/C.UTF-8/LC_COLLATE
7f7365982000-7f7365b1d000 r--p 00000000 ca:01 7795                       /usr/lib/locale/locale-archive
7f7365b1d000-7f7365b20000 ---p 00000000 00:00 0 
7f7365b20000-7f7365c1e000 rw-p 00000000 00:00 0 
7f7365c1e000-7f7365c21000 ---p 00000000 00:00 0 
7f7365c21000-7f7365d1f000 rw-p 00000000 00:00 0 
7f7365d1f000-7f7365d20000 ---p 00000000 00:00 0 
7f7365d20000-7f7366729000 rw-p 00000000 00:00 0 
7f7366729000-7f73668f9000 r--s 03c68000 ca:01 1543458                    /usr/lib/jvm/java-8-openjdk-amd64/jre/lib/rt.jar
7f73668f9000-7f736b32e000 rw-p 00000000 00:00 0 
7f736b32e000-7f736b32f000 ---p 00000000 00:00 0 
7f736b32f000-7f736b42f000 rw-p 00000000 00:00 0 
7f736b42f000-7f736b430000 ---p 00000000 00:00 0 
7f736b430000-7f736b575000 rw-p 00000000 00:00 0 
7f736b575000-7f736b7c9000 ---p 00000000 00:00 0 
7f736b7c9000-7f736b80e000 rw-p 00000000 00:00 0 
7f736b80e000-7f736ba61000 ---p 00000000 00:00 0 
7f736ba61000-7f736bb4d000 rw-p 00000000 00:00 0 
7f736bb4d000-7f736bbae000 ---p 00000000 00:00 0 
7f736bbae000-7f736bbfd000 rw-p 00000000 00:00 0 
7f736bbfd000-7f736bf6f000 ---p 00000000 00:00 0 
7f736bf6f000-7f736d2cf000 rwxp 00000000 00:00 0 
7f736d2cf000-7f737af6f000 ---p 00000000 00:00 0 
7f737af6f000-7f737af77000 r-xp 00000000 ca:01 1543415                    /usr/lib/jvm/java-8-openjdk-amd64/jre/lib/amd64/libzip.so
7f737af77000-7f737b176000 ---p 00008000 ca:01 1543415                    /usr/lib/jvm/java-8-openjdk-amd64/jre/lib/amd64/libzip.so
7f737b176000-7f737b177000 r--p 00007000 ca:01 1543415                    /usr/lib/jvm/java-8-openjdk-amd64/jre/lib/amd64/libzip.so
7f737b177000-7f737b178000 rw-p 00008000 ca:01 1543415                    /usr/lib/jvm/java-8-openjdk-amd64/jre/lib/amd64/libzip.so
7f737b178000-7f737b183000 r-xp 00000000 ca:01 2093                       /lib/x86_64-linux-gnu/libnss_files-2.27.so
7f737b183000-7f737b382000 ---p 0000b000 ca:01 2093                       /lib/x86_64-linux-gnu/libnss_files-2.27.so
7f737b382000-7f737b383000 r--p 0000a000 ca:01 2093                       /lib/x86_64-linux-gnu/libnss_files-2.27.so
7f737b383000-7f737b384000 rw-p 0000b000 ca:01 2093                       /lib/x86_64-linux-gnu/libnss_files-2.27.so
7f737b384000-7f737b38a000 rw-p 00000000 00:00 0 
7f737b38a000-7f737b3a1000 r-xp 00000000 ca:01 2090                       /lib/x86_64-linux-gnu/libnsl-2.27.so
7f737b3a1000-7f737b5a0000 ---p 00017000 ca:01 2090                       /lib/x86_64-linux-gnu/libnsl-2.27.so
7f737b5a0000-7f737b5a1000 r--p 00016000 ca:01 2090                       /lib/x86_64-linux-gnu/libnsl-2.27.so
7f737b5a1000-7f737b5a2000 rw-p 00017000 ca:01 2090                       /lib/x86_64-linux-gnu/libnsl-2.27.so
7f737b5a2000-7f737b5a4000 rw-p 00000000 00:00 0 
7f737b5a4000-7f737b5af000 r-xp 00000000 ca:01 2095                       /lib/x86_64-linux-gnu/libnss_nis-2.27.so
7f737b5af000-7f737b7ae000 ---p 0000b000 ca:01 2095                       /lib/x86_64-linux-gnu/libnss_nis-2.27.so
7f737b7ae000-7f737b7af000 r--p 0000a000 ca:01 2095                       /lib/x86_64-linux-gnu/libnss_nis-2.27.so
7f737b7af000-7f737b7b0000 rw-p 0000b000 ca:01 2095                       /lib/x86_64-linux-gnu/libnss_nis-2.27.so
7f737b7b0000-7f737b7b8000 r-xp 00000000 ca:01 2091                       /lib/x86_64-linux-gnu/libnss_compat-2.27.so
7f737b7b8000-7f737b9b8000 ---p 00008000 ca:01 2091                       /lib/x86_64-linux-gnu/libnss_compat-2.27.so
7f737b9b8000-7f737b9b9000 r--p 00008000 ca:01 2091                       /lib/x86_64-linux-gnu/libnss_compat-2.27.so
7f737b9b9000-7f737b9ba000 rw-p 00009000 ca:01 2091                       /lib/x86_64-linux-gnu/libnss_compat-2.27.so
7f737b9ba000-7f737b9e4000 r-xp 00000000 ca:01 1543396                    /usr/lib/jvm/java-8-openjdk-amd64/jre/lib/amd64/libjava.so
7f737b9e4000-7f737bbe3000 ---p 0002a000 ca:01 1543396                    /usr/lib/jvm/java-8-openjdk-amd64/jre/lib/amd64/libjava.so
7f737bbe3000-7f737bbe4000 r--p 00029000 ca:01 1543396                    /usr/lib/jvm/java-8-openjdk-amd64/jre/lib/amd64/libjava.so
7f737bbe4000-7f737bbe6000 rw-p 0002a000 ca:01 1543396                    /usr/lib/jvm/java-8-openjdk-amd64/jre/lib/amd64/libjava.so
7f737bbe6000-7f737bbf6000 r-xp 00000000 ca:01 1543414                    /usr/lib/jvm/java-8-openjdk-amd64/jre/lib/amd64/libverify.so
7f737bbf6000-7f737bdf5000 ---p 00010000 ca:01 1543414                    /usr/lib/jvm/java-8-openjdk-amd64/jre/lib/amd64/libverify.so
7f737bdf5000-7f737bdf7000 r--p 0000f000 ca:01 1543414                    /usr/lib/jvm/java-8-openjdk-amd64/jre/lib/amd64/libverify.so
7f737bdf7000-7f737bdf8000 rw-p 00011000 ca:01 1543414                    /usr/lib/jvm/java-8-openjdk-amd64/jre/lib/amd64/libverify.so
7f737bdf8000-7f737bdff000 r-xp 00000000 ca:01 2180                       /lib/x86_64-linux-gnu/librt-2.27.so
7f737bdff000-7f737bffe000 ---p 00007000 ca:01 2180                       /lib/x86_64-linux-gnu/librt-2.27.so
7f737bffe000-7f737bfff000 r--p 00006000 ca:01 2180                       /lib/x86_64-linux-gnu/librt-2.27.so
7f737bfff000-7f737c000000 rw-p 00007000 ca:01 2180                       /lib/x86_64-linux-gnu/librt-2.27.so
7f737c000000-7f737dfea000 rw-p 00000000 00:00 0 
7f737dfea000-7f7380000000 ---p 00000000 00:00 0 
7f7380000000-7f7380002000 r--s 00002000 ca:01 1547529                    /root/.m2/repository/org/apache/maven/surefire/surefire-logger-api/2.20.1/surefire-logger-api-2.20.1.jar
7f7380002000-7f7380007000 r--s 00028000 ca:01 1547527                    /root/.m2/repository/org/apache/maven/surefire/surefire-api/2.20.1/surefire-api-2.20.1.jar
7f7380007000-7f738000c000 r--s 0003d000 ca:01 1547531                    /root/.m2/repository/org/apache/maven/surefire/surefire-booter/2.20.1/surefire-booter-2.20.1.jar
7f738000c000-7f7380010000 r--s 0003a000 ca:01 1543437                    /usr/lib/jvm/java-8-openjdk-amd64/jre/lib/ext/sunpkcs11.jar
7f7380010000-7f738001a000 r--s 00116000 ca:01 1543433                    /usr/lib/jvm/java-8-openjdk-amd64/jre/lib/ext/localedata.jar
7f738001a000-7f7380090000 rw-p 00000000 00:00 0 
7f7380090000-7f73800a7000 r-xp 00000000 ca:01 2096                       /lib/x86_64-linux-gnu/libgcc_s.so.1
7f73800a7000-7f73802a6000 ---p 00017000 ca:01 2096                       /lib/x86_64-linux-gnu/libgcc_s.so.1
7f73802a6000-7f73802a7000 r--p 00016000 ca:01 2096                       /lib/x86_64-linux-gnu/libgcc_s.so.1
7f73802a7000-7f73802a8000 rw-p 00017000 ca:01 2096                       /lib/x86_64-linux-gnu/libgcc_s.so.1
7f73802a8000-7f7380445000 r-xp 00000000 ca:01 2087                       /lib/x86_64-linux-gnu/libm-2.27.so
7f7380445000-7f7380644000 ---p 0019d000 ca:01 2087                       /lib/x86_64-linux-gnu/libm-2.27.so
7f7380644000-7f7380645000 r--p 0019c000 ca:01 2087                       /lib/x86_64-linux-gnu/libm-2.27.so
7f7380645000-7f7380646000 rw-p 0019d000 ca:01 2087                       /lib/x86_64-linux-gnu/libm-2.27.so
7f7380646000-7f73807bf000 r-xp 00000000 ca:01 5016                       /usr/lib/x86_64-linux-gnu/libstdc++.so.6.0.25
7f73807bf000-7f73809bf000 ---p 00179000 ca:01 5016                       /usr/lib/x86_64-linux-gnu/libstdc++.so.6.0.25
7f73809bf000-7f73809c9000 r--p 00179000 ca:01 5016                       /usr/lib/x86_64-linux-gnu/libstdc++.so.6.0.25
7f73809c9000-7f73809cb000 rw-p 00183000 ca:01 5016                       /usr/lib/x86_64-linux-gnu/libstdc++.so.6.0.25
7f73809cb000-7f73809cf000 rw-p 00000000 00:00 0 
7f73809cf000-7f7381672000 r-xp 00000000 ca:01 1543418                    /usr/lib/jvm/java-8-openjdk-amd64/jre/lib/amd64/server/libjvm.so
7f7381672000-7f7381872000 ---p 00ca3000 ca:01 1543418                    /usr/lib/jvm/java-8-openjdk-amd64/jre/lib/amd64/server/libjvm.so
7f7381872000-7f7381906000 r--p 00ca3000 ca:01 1543418                    /usr/lib/jvm/java-8-openjdk-amd64/jre/lib/amd64/server/libjvm.so
7f7381906000-7f738192f000 rw-p 00d37000 ca:01 1543418                    /usr/lib/jvm/java-8-openjdk-amd64/jre/lib/amd64/server/libjvm.so
7f738192f000-7f738195f000 rw-p 00000000 00:00 0 
7f738195f000-7f7381979000 r-xp 00000000 ca:01 2178                       /lib/x86_64-linux-gnu/libpthread-2.27.so
7f7381979000-7f7381b78000 ---p 0001a000 ca:01 2178                       /lib/x86_64-linux-gnu/libpthread-2.27.so
7f7381b78000-7f7381b79000 r--p 00019000 ca:01 2178                       /lib/x86_64-linux-gnu/libpthread-2.27.so
7f7381b79000-7f7381b7a000 rw-p 0001a000 ca:01 2178                       /lib/x86_64-linux-gnu/libpthread-2.27.so
7f7381b7a000-7f7381b7e000 rw-p 00000000 00:00 0 
7f7381b7e000-7f7381b81000 r-xp 00000000 ca:01 2086                       /lib/x86_64-linux-gnu/libdl-2.27.so
7f7381b81000-7f7381d80000 ---p 00003000 ca:01 2086                       /lib/x86_64-linux-gnu/libdl-2.27.so
7f7381d80000-7f7381d81000 r--p 00002000 ca:01 2086                       /lib/x86_64-linux-gnu/libdl-2.27.so
7f7381d81000-7f7381d82000 rw-p 00003000 ca:01 2086                       /lib/x86_64-linux-gnu/libdl-2.27.so
7f7381d82000-7f7381d9e000 r-xp 00000000 ca:01 2183                       /lib/x86_64-linux-gnu/libz.so.1.2.11
7f7381d9e000-7f7381f9d000 ---p 0001c000 ca:01 2183                       /lib/x86_64-linux-gnu/libz.so.1.2.11
7f7381f9d000-7f7381f9e000 r--p 0001b000 ca:01 2183                       /lib/x86_64-linux-gnu/libz.so.1.2.11
7f7381f9e000-7f7381f9f000 rw-p 0001c000 ca:01 2183                       /lib/x86_64-linux-gnu/libz.so.1.2.11
7f7381f9f000-7f7382186000 r-xp 00000000 ca:01 2083                       /lib/x86_64-linux-gnu/libc-2.27.so
7f7382186000-7f7382386000 ---p 001e7000 ca:01 2083                       /lib/x86_64-linux-gnu/libc-2.27.so
7f7382386000-7f738238a000 r--p 001e7000 ca:01 2083                       /lib/x86_64-linux-gnu/libc-2.27.so
7f738238a000-7f738238c000 rw-p 001eb000 ca:01 2083                       /lib/x86_64-linux-gnu/libc-2.27.so
7f738238c000-7f7382390000 rw-p 00000000 00:00 0 
7f7382390000-7f738239e000 r-xp 00000000 ca:01 1543382                    /usr/lib/jvm/java-8-openjdk-amd64/jre/lib/amd64/jli/libjli.so
7f738239e000-7f738259d000 ---p 0000e000 ca:01 1543382                    /usr/lib/jvm/java-8-openjdk-amd64/jre/lib/amd64/jli/libjli.so
7f738259d000-7f738259e000 r--p 0000d000 ca:01 1543382                    /usr/lib/jvm/java-8-openjdk-amd64/jre/lib/amd64/jli/libjli.so
7f738259e000-7f738259f000 rw-p 0000e000 ca:01 1543382                    /usr/lib/jvm/java-8-openjdk-amd64/jre/lib/amd64/jli/libjli.so
7f738259f000-7f73825c6000 r-xp 00000000 ca:01 2079                       /lib/x86_64-linux-gnu/ld-2.27.so
7f73825c6000-7f73825c7000 r--s 00005000 ca:01 1800158                    /var/www/html/mavencode/user-service/target/surefire/surefirebooter7742736106834639896.jar
7f73825c7000-7f73825c8000 r--s 0000d000 ca:01 1543435                    /usr/lib/jvm/java-8-openjdk-amd64/jre/lib/ext/sunec.jar
7f73825c8000-7f73825ca000 r--s 00001000 ca:01 1543430                    /usr/lib/jvm/java-8-openjdk-amd64/jre/lib/ext/dnsns.jar
7f73825ca000-7f73825cc000 r--s 00007000 ca:01 55931                      /usr/share/java/java-atk-wrapper.jar
7f73825cc000-7f73825cd000 r--s 00010000 ca:01 1543438                    /usr/lib/jvm/java-8-openjdk-amd64/jre/lib/ext/zipfs.jar
7f73825cd000-7f73825d2000 r--s 0003d000 ca:01 1543436                    /usr/lib/jvm/java-8-openjdk-amd64/jre/lib/ext/sunjce_provider.jar
7f73825d2000-7f73825d5000 r--s 0000f000 ca:01 1543431                    /usr/lib/jvm/java-8-openjdk-amd64/jre/lib/ext/icedtea-sound.jar
7f73825d5000-7f73825d6000 r--s 0000a000 ca:01 1543432                    /usr/lib/jvm/java-8-openjdk-amd64/jre/lib/ext/jaccess.jar
7f73825d6000-7f73825d7000 r--p 00000000 ca:01 7806                       /usr/lib/locale/C.UTF-8/LC_NUMERIC
7f73825d7000-7f73825d8000 r--p 00000000 ca:01 7809                       /usr/lib/locale/C.UTF-8/LC_TIME
7f73825d8000-7f73825d9000 r--p 00000000 ca:01 7804                       /usr/lib/locale/C.UTF-8/LC_MONETARY
7f73825d9000-7f73825da000 r--p 00000000 ca:01 7798                       /usr/lib/locale/C.UTF-8/LC_MESSAGES/SYS_LC_MESSAGES
7f73825da000-7f73825e1000 r--s 00000000 ca:01 5009                       /usr/lib/x86_64-linux-gnu/gconv/gconv-modules.cache
7f73825e1000-7f73826b1000 rw-p 00000000 00:00 0 
7f73826b1000-7f73826b9000 rw-s 00000000 ca:01 521560                     /tmp/hsperfdata_root/16948
7f73826b9000-7f73826ba000 ---p 00000000 00:00 0 
7f73826ba000-7f73826bd000 ---p 00000000 00:00 0 
7f73826bd000-7f73827bc000 rw-p 00000000 00:00 0 
7f73827bc000-7f73827bd000 r--p 00000000 ca:01 7807                       /usr/lib/locale/C.UTF-8/LC_PAPER
7f73827bd000-7f73827be000 r--p 00000000 ca:01 7805                       /usr/lib/locale/C.UTF-8/LC_NAME
7f73827be000-7f73827bf000 r--p 00000000 ca:01 7799                       /usr/lib/locale/C.UTF-8/LC_ADDRESS
7f73827bf000-7f73827c0000 r--p 00000000 ca:01 7808                       /usr/lib/locale/C.UTF-8/LC_TELEPHONE
7f73827c0000-7f73827c1000 r--p 00000000 ca:01 7803                       /usr/lib/locale/C.UTF-8/LC_MEASUREMENT
7f73827c1000-7f73827c2000 r--p 00000000 ca:01 7802                       /usr/lib/locale/C.UTF-8/LC_IDENTIFICATION
7f73827c2000-7f73827c3000 rw-p 00000000 00:00 0 
7f73827c3000-7f73827c4000 ---p 00000000 00:00 0 
7f73827c4000-7f73827c6000 rw-p 00000000 00:00 0 
7f73827c6000-7f73827c7000 r--p 00027000 ca:01 2079                       /lib/x86_64-linux-gnu/ld-2.27.so
7f73827c7000-7f73827c8000 rw-p 00028000 ca:01 2079                       /lib/x86_64-linux-gnu/ld-2.27.so
7f73827c8000-7f73827c9000 rw-p 00000000 00:00 0 
7fff95ab7000-7fff95ad8000 rw-p 00000000 00:00 0                          [stack]
7fff95bdf000-7fff95be2000 r--p 00000000 00:00 0                          [vvar]
7fff95be2000-7fff95be4000 r-xp 00000000 00:00 0                          [vdso]
ffffffffff600000-ffffffffff601000 r-xp 00000000 00:00 0                  [vsyscall]

VM Arguments:
java_command: /var/www/html/mavencode/user-service/target/surefire/surefirebooter7742736106834639896.jar /var/www/html/mavencode/user-service/target/surefire 2020-02-04T07-56-38_907-jvmRun1 surefire6416760061753443828tmp surefire_17137420657309289600tmp
java_class_path (initial): /var/www/html/mavencode/user-service/target/surefire/surefirebooter7742736106834639896.jar
Launcher Type: SUN_STANDARD

Environment Variables:
JAVA_HOME=/usr/lib/jvm/java-8-openjdk-amd64
PATH=/usr/local/sbin:/usr/local/bin:/usr/sbin:/usr/bin:/sbin:/bin:/snap/bin
USERNAME=root
SHELL=/bin/bash

Signal Handlers:
SIGSEGV: [libjvm.so+0xabc3b0], sa_mask[0]=11111111011111111101111111111110, sa_flags=SA_RESTART|SA_SIGINFO
SIGBUS: [libjvm.so+0xabc3b0], sa_mask[0]=11111111011111111101111111111110, sa_flags=SA_RESTART|SA_SIGINFO
SIGFPE: [libjvm.so+0x8f0bb0], sa_mask[0]=11111111011111111101111111111110, sa_flags=SA_RESTART|SA_SIGINFO
SIGPIPE: [libjvm.so+0x8f0bb0], sa_mask[0]=11111111011111111101111111111110, sa_flags=SA_RESTART|SA_SIGINFO
SIGXFSZ: [libjvm.so+0x8f0bb0], sa_mask[0]=11111111011111111101111111111110, sa_flags=SA_RESTART|SA_SIGINFO
SIGILL: [libjvm.so+0x8f0bb0], sa_mask[0]=11111111011111111101111111111110, sa_flags=SA_RESTART|SA_SIGINFO
SIGUSR1: SIG_DFL, sa_mask[0]=00000000000000000000000000000000, sa_flags=none
SIGUSR2: [libjvm.so+0x8f0a60], sa_mask[0]=00100000000000000000000000000000, sa_flags=SA_RESTART|SA_SIGINFO
SIGHUP: [libjvm.so+0x8f10d0], sa_mask[0]=11111111011111111101111111111110, sa_flags=SA_RESTART|SA_SIGINFO
SIGINT: [libjvm.so+0x8f10d0], sa_mask[0]=11111111011111111101111111111110, sa_flags=SA_RESTART|SA_SIGINFO
SIGTERM: [libjvm.so+0x8f10d0], sa_mask[0]=11111111011111111101111111111110, sa_flags=SA_RESTART|SA_SIGINFO
SIGQUIT: [libjvm.so+0x8f10d0], sa_mask[0]=11111111011111111101111111111110, sa_flags=SA_RESTART|SA_SIGINFO


---------------  S Y S T E M  ---------------

OS:DISTRIB_ID=Ubuntu
DISTRIB_RELEASE=18.04
DISTRIB_CODENAME=bionic
DISTRIB_DESCRIPTION="Ubuntu 18.04.3 LTS"

uname:Linux 4.15.0-1058-aws #60-Ubuntu SMP Wed Jan 15 22:35:20 UTC 2020 x86_64
libc:glibc 2.27 NPTL 2.27 
rlimit: STACK 8192k, CORE 0k, NPROC 31806, NOFILE 1048576, AS infinity
load average:10.97 2.54 5.90

/proc/meminfo:
MemTotal:        8166712 kB
MemFree:         1105572 kB
MemAvailable:    1013212 kB
Buffers:            2700 kB
Cached:           177408 kB
SwapCached:            0 kB
Active:          6834696 kB
Inactive:          45060 kB
Active(anon):    6826940 kB
Inactive(anon):     4852 kB
Active(file):       7756 kB
Inactive(file):    40208 kB
Unevictable:           0 kB
Mlocked:               0 kB
SwapTotal:             0 kB
SwapFree:              0 kB
Dirty:              1572 kB
Writeback:             0 kB
AnonPages:       6700004 kB
Mapped:           156992 kB
Shmem:            131796 kB
Slab:              91204 kB
SReclaimable:      34972 kB
SUnreclaim:        56232 kB
KernelStack:        9760 kB
PageTables:        42044 kB
NFS_Unstable:          0 kB
Bounce:                0 kB
WritebackTmp:          0 kB
CommitLimit:     4083356 kB
Committed_AS:    9990452 kB
VmallocTotal:   34359738367 kB
VmallocUsed:           0 kB
VmallocChunk:          0 kB
HardwareCorrupted:     0 kB
AnonHugePages:         0 kB
ShmemHugePages:        0 kB
ShmemPmdMapped:        0 kB
CmaTotal:              0 kB
CmaFree:               0 kB
HugePages_Total:       0
HugePages_Free:        0
HugePages_Rsvd:        0
HugePages_Surp:        0
Hugepagesize:       2048 kB
DirectMap4k:      169984 kB
DirectMap2M:     8218624 kB

container (cgroup) information:
container_type: cgroupv1
cpu_cpuset_cpus: 0-1
cpu_memory_nodes: 0
active_processor_count: 2
cpu_quota: -1
cpu_period: 100000
cpu_shares: -1
memory_limit_in_bytes: -1
memory_and_swap_limit_in_bytes: -2
memory_soft_limit_in_bytes: -1
memory_usage_in_bytes: 6817591296
memory_max_usage_in_bytes: 7887302656


CPU:total 2 (initial active 2) (2 cores per cpu, 1 threads per core) family 6 model 79 stepping 1, cmov, cx8, fxsr, mmx, sse, sse2, sse3, ssse3, sse4.1, sse4.2, popcnt, avx, avx2, aes, clmul, erms, lzcnt, tsc, bmi1, bmi2

/proc/cpuinfo:
processor	: 0
vendor_id	: GenuineIntel
cpu family	: 6
model		: 79
model name	: Intel(R) Xeon(R) CPU E5-2686 v4 @ 2.30GHz
stepping	: 1
microcode	: 0xb000038
cpu MHz		: 2300.161
cache size	: 46080 KB
physical id	: 0
siblings	: 2
core id		: 0
cpu cores	: 2
apicid		: 0
initial apicid	: 0
fpu		: yes
fpu_exception	: yes
cpuid level	: 13
wp		: yes
flags		: fpu vme de pse tsc msr pae mce cx8 apic sep mtrr pge mca cmov pat pse36 clflush mmx fxsr sse sse2 ht syscall nx rdtscp lm constant_tsc rep_good nopl xtopology cpuid pni pclmulqdq ssse3 fma cx16 pcid sse4_1 sse4_2 x2apic movbe popcnt tsc_deadline_timer aes xsave avx f16c rdrand hypervisor lahf_lm abm cpuid_fault invpcid_single pti fsgsbase bmi1 avx2 smep bmi2 erms invpcid xsaveopt
bugs		: cpu_meltdown spectre_v1 spectre_v2 spec_store_bypass l1tf mds swapgs itlb_multihit
bogomips	: 4600.15
clflush size	: 64
cache_alignment	: 64
address sizes	: 46 bits physical, 48 bits virtual
power management:

processor	: 1
vendor_id	: GenuineIntel
cpu family	: 6
model		: 79
model name	: Intel(R) Xeon(R) CPU E5-2686 v4 @ 2.30GHz
stepping	: 1
microcode	: 0xb000038
cpu MHz		: 2300.161
cache size	: 46080 KB
physical id	: 0
siblings	: 2
core id		: 1
cpu cores	: 2
apicid		: 2
initial apicid	: 2
fpu		: yes
fpu_exception	: yes
cpuid level	: 13
wp		: yes
flags		: fpu vme de pse tsc msr pae mce cx8 apic sep mtrr pge mca cmov pat pse36 clflush mmx fxsr sse sse2 ht syscall nx rdtscp lm constant_tsc rep_good nopl xtopology cpuid pni pclmulqdq ssse3 fma cx16 pcid sse4_1 sse4_2 x2apic movbe popcnt tsc_deadline_timer aes xsave avx f16c rdrand hypervisor lahf_lm abm cpuid_fault invpcid_single pti fsgsbase bmi1 avx2 smep bmi2 erms invpcid xsaveopt
bugs		: cpu_meltdown spectre_v1 spectre_v2 spec_store_bypass l1tf mds swapgs itlb_multihit
bogomips	: 4600.15
clflush size	: 64
cache_alignment	: 64
address sizes	: 46 bits physical, 48 bits virtual
power management:



Memory: 4k page, physical 8166712k(1105572k free), swap 0k(0k free)

vm_info: OpenJDK 64-Bit Server VM (25.242-b08) for linux-amd64 JRE (1.8.0_242-8u242-b08-0ubuntu3~18.04-b08), built on Jan 17 2020 23:41:21 by "buildd" with gcc 7.4.0

time: Tue Feb  4 07:57:07 2020
timezone: UTC
elapsed time: 24 seconds (0d 0h 0m 24s)

