#
# There is insufficient memory for the Java Runtime Environment to continue.
# Native memory allocation (mmap) failed to map 112721920 bytes for committing reserved memory.
# Possible reasons:
#   The system is out of physical RAM or swap space
#   The process is running with CompressedOops enabled, and the Java Heap may be blocking the growth of the native heap
# Possible solutions:
#   Reduce memory load on the system
#   Increase physical memory or swap space
#   Check if swap backing store is full
#   Decrease Java heap size (-Xmx/-Xms)
#   Decrease number of Java threads
#   Decrease Java thread stack sizes (-Xss)
#   Set larger code cache with -XX:ReservedCodeCacheSize=
#   JVM is running with Unscaled Compressed Oops mode in which the Java heap is
#     placed in the first 4GB address space. The Java Heap base address is the
#     maximum limit for the native heap growth. Please use -XX:HeapBaseMinAddress
#     to set the Java Heap base and to place the Java Heap above 4GB virtual address.
# This output file may be truncated or incomplete.
#
#  Out of Memory Error (os_linux.cpp:2757), pid=16487, tid=0x00007f1383509700
#
# JRE version: OpenJDK Runtime Environment (8.0_242-b08) (build 1.8.0_242-8u242-b08-0ubuntu3~18.04-b08)
# Java VM: OpenJDK 64-Bit Server VM (25.242-b08 mixed mode linux-amd64 compressed oops)
# Failed to write core dump. Core dumps have been disabled. To enable core dumping, try "ulimit -c unlimited" before starting Java again
#

---------------  T H R E A D  ---------------

Current thread (0x00007f13980fc000):  VMThread [stack: 0x00007f138340a000,0x00007f138350a000] [id=16493]

Stack: [0x00007f138340a000,0x00007f138350a000],  sp=0x00007f1383508470,  free space=1017k
Native frames: (J=compiled Java code, j=interpreted, Vv=VM code, C=native code)
V  [libjvm.so+0xabba52]
V  [libjvm.so+0x4de2e7]
V  [libjvm.so+0x8f59f0]
V  [libjvm.so+0x8ecabe]
V  [libjvm.so+0x970456]
V  [libjvm.so+0x9717c8]
V  [libjvm.so+0x96ddc6]
V  [libjvm.so+0x96e15c]
V  [libjvm.so+0x91cc28]
V  [libjvm.so+0xabd792]
V  [libjvm.so+0xac2336]
V  [libjvm.so+0xac0635]
V  [libjvm.so+0xac0f0d]
V  [libjvm.so+0xac1318]
V  [libjvm.so+0x8f2d82]

VM_Operation (0x00007f139feca7b0): ParallelGCFailedAllocation, mode: safepoint, requested by thread 0x00007f139800b000


---------------  P R O C E S S  ---------------

Java Threads: ( => current thread )
  0x00007f1399709800 JavaThread "Keep-Alive-Timer" daemon [_thread_blocked, id=16553, stack(0x00007f13462fb000,0x00007f13463fc000)]
  0x00007f139970a800 JavaThread "DiscoveryClient-0" daemon [_thread_blocked, id=16550, stack(0x00007f13467fc000,0x00007f13468fd000)]
  0x00007f1399700000 JavaThread "AsyncResolver-bootstrap-0" daemon [_thread_blocked, id=16549, stack(0x00007f13475fe000,0x00007f13476ff000)]
  0x00007f1399708000 JavaThread "Eureka-JerseyClient-Conn-Cleaner2" daemon [_thread_blocked, id=16548, stack(0x00007f13472fd000,0x00007f13473fe000)]
  0x00007f1399707000 JavaThread "Eureka-JerseyClient-Conn-Cleaner2" daemon [_thread_blocked, id=16547, stack(0x00007f13582d0000,0x00007f13583d1000)]
  0x00007f1399705800 JavaThread "spring.cloud.inetutils" daemon [_thread_blocked, id=16546, stack(0x00007f13476ff000,0x00007f1347800000)]
  0x00007f13988d8800 JavaThread "DiscoveryClient-0" daemon [_thread_blocked, id=16519, stack(0x00007f13585d1000,0x00007f13586d2000)]
  0x00007f13993c1000 JavaThread "AsyncResolver-bootstrap-0" daemon [_thread_blocked, id=16518, stack(0x00007f13588d2000,0x00007f13589d3000)]
  0x00007f13993ab800 JavaThread "Eureka-JerseyClient-Conn-Cleaner2" daemon [_thread_blocked, id=16517, stack(0x00007f13800de000,0x00007f13801df000)]
  0x00007f13993aa800 JavaThread "Eureka-JerseyClient-Conn-Cleaner2" daemon [_thread_blocked, id=16516, stack(0x00007f138120e000,0x00007f138130f000)]
  0x00007f1399068800 JavaThread "spring.cloud.inetutils" daemon [_thread_blocked, id=16513, stack(0x00007f138130f000,0x00007f1381410000)]
  0x00007f134804f000 JavaThread "process reaper" daemon [_thread_blocked, id=16504, stack(0x00007f1381a10000,0x00007f1381a49000)]
  0x00007f1398221800 JavaThread "ping-30s" daemon [_thread_blocked, id=16502, stack(0x00007f1382180000,0x00007f1382281000)]
  0x00007f139820f800 JavaThread "surefire-forkedjvm-command-thread" daemon [_thread_in_native, id=16501, stack(0x00007f138248b000,0x00007f138258c000)]
  0x00007f1398144000 JavaThread "Service Thread" daemon [_thread_blocked, id=16499, stack(0x00007f1382af5000,0x00007f1382bf6000)]
  0x00007f1398141800 JavaThread "C1 CompilerThread1" daemon [_thread_blocked, id=16498, stack(0x00007f1382bf7000,0x00007f1382cf7000)]
  0x00007f139813e800 JavaThread "C2 CompilerThread0" daemon [_thread_blocked, id=16497, stack(0x00007f1382cf8000,0x00007f1382df8000)]
  0x00007f139813a800 JavaThread "Signal Dispatcher" daemon [_thread_blocked, id=16496, stack(0x00007f1382df8000,0x00007f1382ef9000)]
  0x00007f139810a000 JavaThread "Finalizer" daemon [_thread_blocked, id=16495, stack(0x00007f1383207000,0x00007f1383308000)]
  0x00007f1398105800 JavaThread "Reference Handler" daemon [_thread_blocked, id=16494, stack(0x00007f1383308000,0x00007f1383409000)]
  0x00007f139800b000 JavaThread "main" [_thread_blocked, id=16489, stack(0x00007f139fdce000,0x00007f139fece000)]

Other Threads:
=>0x00007f13980fc000 VMThread [stack: 0x00007f138340a000,0x00007f138350a000] [id=16493]
  0x00007f1398146800 WatcherThread [stack: 0x00007f13829f5000,0x00007f1382af5000] [id=16500]

VM state:at safepoint (normal execution)

VM Mutex/Monitor currently owned by a thread:  ([mutex/lock_event])
[0x00007f1398007af0] Threads_lock - owner thread: 0x00007f13980fc000
[0x00007f1398007ff0] Heap_lock - owner thread: 0x00007f139800b000

heap address: 0x0000000083600000, size: 1994 MB, Compressed Oops mode: 32-bit
Narrow klass base: 0x0000000000000000, Narrow klass shift: 3
Compressed class space size: 1073741824 Address: 0x0000000100000000

Heap:
 PSYoungGen      total 463872K, used 17162K [0x00000000d6780000, 0x00000000f5d80000, 0x0000000100000000)
  eden space 437760K, 0% used [0x00000000d6780000,0x00000000d6780000,0x00000000f1300000)
  from space 26112K, 65% used [0x00000000f1300000,0x00000000f23c2a00,0x00000000f2c80000)
  to   space 23040K, 0% used [0x00000000f2c80000,0x00000000f2c80000,0x00000000f4300000)
 ParOldGen       total 131072K, used 36495K [0x0000000083600000, 0x000000008b600000, 0x00000000d6780000)
  object space 131072K, 27% used [0x0000000083600000,0x00000000859a3d88,0x000000008b600000)
 Metaspace       used 66475K, capacity 68844K, committed 69080K, reserved 1110016K
  class space    used 8697K, capacity 9160K, committed 9176K, reserved 1048576K

Card table byte_map: [0x00007f1388c1a000,0x00007f1389000000] byte_map_base: 0x00007f13887ff000

Marking Bits: (ParMarkBitMap*) 0x00007f139f0563e0
 Begin Bits: [0x00007f1384bc8000, 0x00007f1386af0000)
 End Bits:   [0x00007f1386af0000, 0x00007f1388a18000)

Polling page: 0x00007f139fed7000

CodeCache: size=245760Kb used=19584Kb max_used=19584Kb free=226175Kb
 bounds [0x00007f1389000000, 0x00007f138a330000, 0x00007f1398000000]
 total_blobs=7154 nmethods=6584 adapters=483
 compilation: enabled

Compilation events (10 events):
Event: 14.073 Thread 0x00007f1398141800 7217       2       org.springframework.core.env.PropertySourcesPropertyResolver::containsProperty (51 bytes)
Event: 14.074 Thread 0x00007f1398141800 nmethod 7217 0x00007f138a3061d0 code [0x00007f138a306380, 0x00007f138a306638]
Event: 14.074 Thread 0x00007f1398141800 7216       2       org.springframework.core.env.AbstractEnvironment::containsProperty (11 bytes)
Event: 14.074 Thread 0x00007f1398141800 nmethod 7216 0x00007f138a2ef4d0 code [0x00007f138a2ef640, 0x00007f138a2ef7c8]
Event: 14.079 Thread 0x00007f1398141800 7219       2       org.springframework.core.env.SystemEnvironmentPropertySource::containsProperty (14 bytes)
Event: 14.079 Thread 0x00007f1398141800 nmethod 7219 0x00007f138a30a3d0 code [0x00007f138a30a540, 0x00007f138a30a6c8]
Event: 14.086 Thread 0x00007f1398141800 7220       2       org.springframework.core.type.filter.AssignableTypeFilter::matchSuperClass (6 bytes)
Event: 14.087 Thread 0x00007f1398141800 nmethod 7220 0x00007f138a305e50 code [0x00007f138a305fc0, 0x00007f138a306128]
Event: 14.096 Thread 0x00007f1398141800 7221       2       org.springframework.boot.autoconfigure.condition.ConditionOutcome::noMatch (10 bytes)
Event: 14.097 Thread 0x00007f1398141800 nmethod 7221 0x00007f138a305910 code [0x00007f138a305a80, 0x00007f138a305ce8]

GC Heap History (10 events):
Event: 3.894 GC heap after
Heap after GC invocations=9 (full 2):
 PSYoungGen      total 268288K, used 0K [0x00000000d6780000, 0x00000000ede80000, 0x0000000100000000)
  eden space 256000K, 0% used [0x00000000d6780000,0x00000000d6780000,0x00000000e6180000)
  from space 12288K, 0% used [0x00000000e6180000,0x00000000e6180000,0x00000000e6d80000)
  to   space 15360K, 0% used [0x00000000ecf80000,0x00000000ecf80000,0x00000000ede80000)
 ParOldGen       total 91136K, used 19386K [0x0000000083600000, 0x0000000088f00000, 0x00000000d6780000)
  object space 91136K, 21% used [0x0000000083600000,0x00000000848ee860,0x0000000088f00000)
 Metaspace       used 34330K, capacity 35312K, committed 35416K, reserved 1079296K
  class space    used 4412K, capacity 4668K, committed 4696K, reserved 1048576K
}
Event: 5.487 GC heap before
{Heap before GC invocations=10 (full 2):
 PSYoungGen      total 268288K, used 256000K [0x00000000d6780000, 0x00000000ede80000, 0x0000000100000000)
  eden space 256000K, 100% used [0x00000000d6780000,0x00000000e6180000,0x00000000e6180000)
  from space 12288K, 0% used [0x00000000e6180000,0x00000000e6180000,0x00000000e6d80000)
  to   space 15360K, 0% used [0x00000000ecf80000,0x00000000ecf80000,0x00000000ede80000)
 ParOldGen       total 91136K, used 19386K [0x0000000083600000, 0x0000000088f00000, 0x00000000d6780000)
  object space 91136K, 21% used [0x0000000083600000,0x00000000848ee860,0x0000000088f00000)
 Metaspace       used 40503K, capacity 41674K, committed 41816K, reserved 1085440K
  class space    used 5171K, capacity 5449K, committed 5464K, reserved 1048576K
Event: 5.518 GC heap after
Heap after GC invocations=10 (full 2):
 PSYoungGen      total 366080K, used 14962K [0x00000000d6780000, 0x00000000ef580000, 0x0000000100000000)
  eden space 350720K, 0% used [0x00000000d6780000,0x00000000d6780000,0x00000000ebe00000)
  from space 15360K, 97% used [0x00000000ecf80000,0x00000000ede1c8b0,0x00000000ede80000)
  to   space 17920K, 0% used [0x00000000ebe00000,0x00000000ebe00000,0x00000000ecf80000)
 ParOldGen       total 91136K, used 19394K [0x0000000083600000, 0x0000000088f00000, 0x00000000d6780000)
  object space 91136K, 21% used [0x0000000083600000,0x00000000848f0860,0x0000000088f00000)
 Metaspace       used 40503K, capacity 41674K, committed 41816K, reserved 1085440K
  class space    used 5171K, capacity 5449K, committed 5464K, reserved 1048576K
}
Event: 7.828 GC heap before
{Heap before GC invocations=11 (full 2):
 PSYoungGen      total 366080K, used 365682K [0x00000000d6780000, 0x00000000ef580000, 0x0000000100000000)
  eden space 350720K, 100% used [0x00000000d6780000,0x00000000ebe00000,0x00000000ebe00000)
  from space 15360K, 97% used [0x00000000ecf80000,0x00000000ede1c8b0,0x00000000ede80000)
  to   space 17920K, 0% used [0x00000000ebe00000,0x00000000ebe00000,0x00000000ecf80000)
 ParOldGen       total 91136K, used 19394K [0x0000000083600000, 0x0000000088f00000, 0x00000000d6780000)
  object space 91136K, 21% used [0x0000000083600000,0x00000000848f0860,0x0000000088f00000)
 Metaspace       used 51832K, capacity 53456K, committed 53720K, reserved 1095680K
  class space    used 6657K, capacity 7032K, committed 7128K, reserved 1048576K
Event: 7.863 GC heap after
Heap after GC invocations=11 (full 2):
 PSYoungGen      total 368640K, used 17900K [0x00000000d6780000, 0x00000000f4300000, 0x0000000100000000)
  eden space 350720K, 0% used [0x00000000d6780000,0x00000000d6780000,0x00000000ebe00000)
  from space 17920K, 99% used [0x00000000ebe00000,0x00000000ecf7b350,0x00000000ecf80000)
  to   space 23040K, 0% used [0x00000000f2c80000,0x00000000f2c80000,0x00000000f4300000)
 ParOldGen       total 91136K, used 25990K [0x0000000083600000, 0x0000000088f00000, 0x00000000d6780000)
  object space 91136K, 28% used [0x0000000083600000,0x0000000084f61968,0x0000000088f00000)
 Metaspace       used 51832K, capacity 53456K, committed 53720K, reserved 1095680K
  class space    used 6657K, capacity 7032K, committed 7128K, reserved 1048576K
}
Event: 8.503 GC heap before
{Heap before GC invocations=12 (full 2):
 PSYoungGen      total 368640K, used 126508K [0x00000000d6780000, 0x00000000f4300000, 0x0000000100000000)
  eden space 350720K, 30% used [0x00000000d6780000,0x00000000dd18fe88,0x00000000ebe00000)
  from space 17920K, 99% used [0x00000000ebe00000,0x00000000ecf7b350,0x00000000ecf80000)
  to   space 23040K, 0% used [0x00000000f2c80000,0x00000000f2c80000,0x00000000f4300000)
 ParOldGen       total 91136K, used 25990K [0x0000000083600000, 0x0000000088f00000, 0x00000000d6780000)
  object space 91136K, 28% used [0x0000000083600000,0x0000000084f61968,0x0000000088f00000)
 Metaspace       used 57232K, capacity 58864K, committed 59028K, reserved 1099776K
  class space    used 7444K, capacity 7816K, committed 7896K, reserved 1048576K
Event: 8.547 GC heap after
Heap after GC invocations=12 (full 2):
 PSYoungGen      total 460800K, used 22464K [0x00000000d6780000, 0x00000000f5d80000, 0x0000000100000000)
  eden space 437760K, 0% used [0x00000000d6780000,0x00000000d6780000,0x00000000f1300000)
  from space 23040K, 97% used [0x00000000f2c80000,0x00000000f42700f0,0x00000000f4300000)
  to   space 26112K, 0% used [0x00000000f1300000,0x00000000f1300000,0x00000000f2c80000)
 ParOldGen       total 91136K, used 25998K [0x0000000083600000, 0x0000000088f00000, 0x00000000d6780000)
  object space 91136K, 28% used [0x0000000083600000,0x0000000084f63968,0x0000000088f00000)
 Metaspace       used 57232K, capacity 58864K, committed 59028K, reserved 1099776K
  class space    used 7444K, capacity 7816K, committed 7896K, reserved 1048576K
}
Event: 8.547 GC heap before
{Heap before GC invocations=13 (full 3):
 PSYoungGen      total 460800K, used 22464K [0x00000000d6780000, 0x00000000f5d80000, 0x0000000100000000)
  eden space 437760K, 0% used [0x00000000d6780000,0x00000000d6780000,0x00000000f1300000)
  from space 23040K, 97% used [0x00000000f2c80000,0x00000000f42700f0,0x00000000f4300000)
  to   space 26112K, 0% used [0x00000000f1300000,0x00000000f1300000,0x00000000f2c80000)
 ParOldGen       total 91136K, used 25998K [0x0000000083600000, 0x0000000088f00000, 0x00000000d6780000)
  object space 91136K, 28% used [0x0000000083600000,0x0000000084f63968,0x0000000088f00000)
 Metaspace       used 57232K, capacity 58864K, committed 59028K, reserved 1099776K
  class space    used 7444K, capacity 7816K, committed 7896K, reserved 1048576K
Event: 8.738 GC heap after
Heap after GC invocations=13 (full 3):
 PSYoungGen      total 460800K, used 0K [0x00000000d6780000, 0x00000000f5d80000, 0x0000000100000000)
  eden space 437760K, 0% used [0x00000000d6780000,0x00000000d6780000,0x00000000f1300000)
  from space 23040K, 0% used [0x00000000f2c80000,0x00000000f2c80000,0x00000000f4300000)
  to   space 26112K, 0% used [0x00000000f1300000,0x00000000f1300000,0x00000000f2c80000)
 ParOldGen       total 131072K, used 36495K [0x0000000083600000, 0x000000008b600000, 0x00000000d6780000)
  object space 131072K, 27% used [0x0000000083600000,0x00000000859a3d88,0x000000008b600000)
 Metaspace       used 57232K, capacity 58864K, committed 59028K, reserved 1099776K
  class space    used 7444K, capacity 7816K, committed 7896K, reserved 1048576K
}
Event: 14.276 GC heap before
{Heap before GC invocations=14 (full 3):
 PSYoungGen      total 460800K, used 437760K [0x00000000d6780000, 0x00000000f5d80000, 0x0000000100000000)
  eden space 437760K, 100% used [0x00000000d6780000,0x00000000f1300000,0x00000000f1300000)
  from space 23040K, 0% used [0x00000000f2c80000,0x00000000f2c80000,0x00000000f4300000)
  to   space 26112K, 0% used [0x00000000f1300000,0x00000000f1300000,0x00000000f2c80000)
 ParOldGen       total 131072K, used 36495K [0x0000000083600000, 0x000000008b600000, 0x00000000d6780000)
  object space 131072K, 27% used [0x0000000083600000,0x00000000859a3d88,0x000000008b600000)
 Metaspace       used 66475K, capacity 68844K, committed 69080K, reserved 1110016K
  class space    used 8697K, capacity 9160K, committed 9176K, reserved 1048576K

Deoptimization events (10 events):
Event: 10.409 Thread 0x00007f139800b000 Uncommon trap: reason=unstable_if action=reinterpret pc=0x00007f1389b68678 method=org.springframework.util.ConcurrentReferenceHashMap$Segment.findInChain(Lorg/springframework/util/ConcurrentReferenceHashMap$Reference;Ljava/lang/Object;I)Lorg/springframewo
Event: 10.409 Thread 0x00007f139800b000 Uncommon trap: reason=unstable_if action=reinterpret pc=0x00007f1389b6e948 method=org.springframework.util.ConcurrentReferenceHashMap$Segment.findInChain(Lorg/springframework/util/ConcurrentReferenceHashMap$Reference;Ljava/lang/Object;I)Lorg/springframewo
Event: 10.486 Thread 0x00007f139800b000 Uncommon trap: reason=bimorphic action=maybe_recompile pc=0x00007f1389b8ee38 method=java.util.HashMap.removeNode(ILjava/lang/Object;Ljava/lang/Object;ZZ)Ljava/util/HashMap$Node; @ 68
Event: 10.635 Thread 0x00007f139800b000 Uncommon trap: reason=null_check action=make_not_entrant pc=0x00007f138a19504c method=org.springframework.core.annotation.AnnotatedElementUtils.searchWithFindSemantics(Ljava/lang/reflect/AnnotatedElement;Ljava/lang/Class;Ljava/lang/String;Ljava/lang/Class
Event: 10.826 Thread 0x00007f139800b000 Uncommon trap: reason=unstable_if action=reinterpret pc=0x00007f138a1eb0e0 method=org.springframework.core.annotation.AnnotatedElementUtils.searchWithFindSemantics(Ljava/lang/reflect/AnnotatedElement;Ljava/lang/Class;Ljava/lang/String;Ljava/lang/Class;Lor
Event: 10.974 Thread 0x00007f139800b000 Uncommon trap: reason=bimorphic action=maybe_recompile pc=0x00007f1389da7540 method=java.util.Collections$SetFromMap.contains(Ljava/lang/Object;)Z @ 5
Event: 11.296 Thread 0x00007f139800b000 Uncommon trap: reason=unstable_if action=reinterpret pc=0x00007f138a023670 method=java.net.URLStreamHandler.parseURL(Ljava/net/URL;Ljava/lang/String;II)V @ 155
Event: 11.311 Thread 0x00007f139800b000 Uncommon trap: reason=class_check action=maybe_recompile pc=0x00007f138954d300 method=java.util.zip.InflaterInputStream.read([BII)I @ 100
Event: 11.311 Thread 0x00007f139800b000 Uncommon trap: reason=class_check action=maybe_recompile pc=0x00007f138954d300 method=java.util.zip.InflaterInputStream.read([BII)I @ 100
Event: 11.426 Thread 0x00007f139800b000 Uncommon trap: reason=null_check action=make_not_entrant pc=0x00007f138a0d9854 method=java.lang.ThreadLocal$ThreadLocalMap.getEntryAfterMiss(Ljava/lang/ThreadLocal;ILjava/lang/ThreadLocal$ThreadLocalMap$Entry;)Ljava/lang/ThreadLocal$ThreadLocalMap$Entry; 

Classes redefined (0 events):
No events

Internal exceptions (10 events):
Event: 11.421 Thread 0x00007f139800b000 Exception <a 'java/lang/ClassNotFoundException': java/lang/ObjectCustomizer> (0x00000000edc80070) thrown at [/build/openjdk-8-58sEEn/openjdk-8-8u242-b08/src/hotspot/src/share/vm/classfile/systemDictionary.cpp, line 210]
Event: 11.421 Thread 0x00007f139800b000 Exception <a 'java/lang/ClassNotFoundException': org/springframework/cloud/config/client/ConfigClientPropertiesCustomizer> (0x00000000edcc1910) thrown at [/build/openjdk-8-58sEEn/openjdk-8-8u242-b08/src/hotspot/src/share/vm/classfile/systemDictionary.cpp,
Event: 11.426 Thread 0x00007f139800b000 Implicit null exception at 0x00007f138a0d9624 to 0x00007f138a0d982c
Event: 11.553 Thread 0x00007f139800b000 Exception <a 'java/lang/ClassNotFoundException': java/lang/ObjectCustomizer> (0x00000000edfb9fb8) thrown at [/build/openjdk-8-58sEEn/openjdk-8-8u242-b08/src/hotspot/src/share/vm/classfile/systemDictionary.cpp, line 210]
Event: 11.554 Thread 0x00007f139800b000 Exception <a 'java/lang/ClassNotFoundException': org/springframework/context/annotation/ConfigurationClassPostProcessorCustomizer> (0x00000000ee001220) thrown at [/build/openjdk-8-58sEEn/openjdk-8-8u242-b08/src/hotspot/src/share/vm/classfile/systemDiction
Event: 11.555 Thread 0x00007f139800b000 Exception <a 'java/lang/ClassNotFoundException': org/springframework/beans/factory/support/BeanDefinitionRegistryPostProcessorCustomizer> (0x00000000ee05a408) thrown at [/build/openjdk-8-58sEEn/openjdk-8-8u242-b08/src/hotspot/src/share/vm/classfile/system
Event: 11.555 Thread 0x00007f139800b000 Exception <a 'java/lang/ClassNotFoundException': org/springframework/core/PriorityOrderedCustomizer> (0x00000000ee089b60) thrown at [/build/openjdk-8-58sEEn/openjdk-8-8u242-b08/src/hotspot/src/share/vm/classfile/systemDictionary.cpp, line 210]
Event: 11.556 Thread 0x00007f139800b000 Exception <a 'java/lang/ClassNotFoundException': org/springframework/context/ResourceLoaderAwareCustomizer> (0x00000000ee0bd768) thrown at [/build/openjdk-8-58sEEn/openjdk-8-8u242-b08/src/hotspot/src/share/vm/classfile/systemDictionary.cpp, line 210]
Event: 11.557 Thread 0x00007f139800b000 Exception <a 'java/lang/ClassNotFoundException': org/springframework/beans/factory/BeanClassLoaderAwareCustomizer> (0x00000000ee0f78c0) thrown at [/build/openjdk-8-58sEEn/openjdk-8-8u242-b08/src/hotspot/src/share/vm/classfile/systemDictionary.cpp, line 21
Event: 11.557 Thread 0x00007f139800b000 Exception <a 'java/lang/ClassNotFoundException': org/springframework/context/EnvironmentAwareCustomizer> (0x00000000ee12a9f8) thrown at [/build/openjdk-8-58sEEn/openjdk-8-8u242-b08/src/hotspot/src/share/vm/classfile/systemDictionary.cpp, line 210]

Events (10 events):
Event: 14.093 loading class org/apache/tomcat/jdbc/pool/DataSource done
Event: 14.093 loading class org/apache/tomcat/jdbc/pool/DataSource
Event: 14.093 loading class org/apache/tomcat/jdbc/pool/DataSource done
Event: 14.094 loading class org/apache/commons/dbcp2/BasicDataSource
Event: 14.094 loading class org/apache/commons/dbcp2/BasicDataSource done
Event: 14.099 loading class org/apache/commons/dbcp2/BasicDataSource
Event: 14.099 loading class org/apache/commons/dbcp2/BasicDataSource done
Event: 14.099 loading class org/apache/tomcat/jdbc/pool/DataSource
Event: 14.099 loading class org/apache/tomcat/jdbc/pool/DataSource done
Event: 14.106 Executing VM operation: ParallelGCFailedAllocation


Dynamic libraries:
83600000-8b600000 rw-p 00000000 00:00 0 
8b600000-d6780000 ---p 00000000 00:00 0 
d6780000-f5d80000 rw-p 00000000 00:00 0 
fc900000-100000000 ---p 00000000 00:00 0 
100000000-1008f6000 rw-p 00000000 00:00 0 
1008f6000-140000000 ---p 00000000 00:00 0 
55c22ee17000-55c22ee18000 r-xp 00000000 ca:01 1543369                    /usr/lib/jvm/java-8-openjdk-amd64/jre/bin/java
55c22f017000-55c22f018000 r--p 00000000 ca:01 1543369                    /usr/lib/jvm/java-8-openjdk-amd64/jre/bin/java
55c22f018000-55c22f019000 rw-p 00001000 ca:01 1543369                    /usr/lib/jvm/java-8-openjdk-amd64/jre/bin/java
55c22f918000-55c22f961000 rw-p 00000000 00:00 0                          [heap]
7f1340000000-7f13403b4000 rw-p 00000000 00:00 0 
7f13403b4000-7f1344000000 ---p 00000000 00:00 0 
7f13461fa000-7f13461fd000 ---p 00000000 00:00 0 
7f13461fd000-7f13462fb000 rw-p 00000000 00:00 0 
7f13462fb000-7f13462fe000 ---p 00000000 00:00 0 
7f13462fe000-7f134647c000 rw-p 00000000 00:00 0 
7f134647c000-7f13465fc000 ---p 00000000 00:00 0 
7f13465fc000-7f13467fc000 rw-p 00000000 00:00 0 
7f13467fc000-7f13467ff000 ---p 00000000 00:00 0 
7f13467ff000-7f1346afd000 rw-p 00000000 00:00 0 
7f1346afd000-7f1346cfd000 rw-p 00000000 00:00 0 
7f1346cfd000-7f1346efd000 rw-p 00000000 00:00 0 
7f1346efd000-7f13470fd000 rw-p 00000000 00:00 0 
7f13470fd000-7f13472fd000 rw-p 00000000 00:00 0 
7f13472fd000-7f1347300000 ---p 00000000 00:00 0 
7f1347300000-7f13475fe000 rw-p 00000000 00:00 0 
7f13475fe000-7f1347601000 ---p 00000000 00:00 0 
7f1347601000-7f13476ff000 rw-p 00000000 00:00 0 
7f13476ff000-7f1347702000 ---p 00000000 00:00 0 
7f1347702000-7f1347a00000 rw-p 00000000 00:00 0 
7f1347a00000-7f1347c00000 rw-p 00000000 00:00 0 
7f1347c00000-7f1347e00000 rw-p 00000000 00:00 0 
7f1347e00000-7f1348000000 rw-p 00000000 00:00 0 
7f1348000000-7f134806f000 rw-p 00000000 00:00 0 
7f134806f000-7f134c000000 ---p 00000000 00:00 0 
7f134c000000-7f134c021000 rw-p 00000000 00:00 0 
7f134c021000-7f1350000000 ---p 00000000 00:00 0 
7f1350000000-7f1350021000 rw-p 00000000 00:00 0 
7f1350021000-7f1354000000 ---p 00000000 00:00 0 
7f1354000000-7f1354021000 rw-p 00000000 00:00 0 
7f1354021000-7f1358000000 ---p 00000000 00:00 0 
7f13580d0000-7f13582d0000 rw-p 00000000 00:00 0 
7f13582d0000-7f13582d3000 ---p 00000000 00:00 0 
7f13582d3000-7f13585d1000 rw-p 00000000 00:00 0 
7f13585d1000-7f13585d4000 ---p 00000000 00:00 0 
7f13585d4000-7f13588d2000 rw-p 00000000 00:00 0 
7f13588d2000-7f13588d5000 ---p 00000000 00:00 0 
7f13588d5000-7f1358bd3000 rw-p 00000000 00:00 0 
7f1358bd3000-7f1358dd3000 rw-p 00000000 00:00 0 
7f1358dd3000-7f1358dfb000 r-xp 00000000 ca:01 1543412                    /usr/lib/jvm/java-8-openjdk-amd64/jre/lib/amd64/libsunec.so
7f1358dfb000-7f1358ffa000 ---p 00028000 ca:01 1543412                    /usr/lib/jvm/java-8-openjdk-amd64/jre/lib/amd64/libsunec.so
7f1358ffa000-7f1358ffe000 r--p 00027000 ca:01 1543412                    /usr/lib/jvm/java-8-openjdk-amd64/jre/lib/amd64/libsunec.so
7f1358ffe000-7f1358fff000 rw-p 0002b000 ca:01 1543412                    /usr/lib/jvm/java-8-openjdk-amd64/jre/lib/amd64/libsunec.so
7f1358fff000-7f135c000000 rw-p 00000000 00:00 0 
7f135c000000-7f135d1dd000 rw-p 00000000 00:00 0 
7f135d1dd000-7f1360000000 ---p 00000000 00:00 0 
7f1360000000-7f1360034000 rw-p 00000000 00:00 0 
7f1360034000-7f1364000000 ---p 00000000 00:00 0 
7f1364000000-7f1364021000 rw-p 00000000 00:00 0 
7f1364021000-7f1368000000 ---p 00000000 00:00 0 
7f1368000000-7f1369b64000 rw-p 00000000 00:00 0 
7f1369b64000-7f136c000000 ---p 00000000 00:00 0 
7f136c000000-7f136c021000 rw-p 00000000 00:00 0 
7f136c021000-7f1370000000 ---p 00000000 00:00 0 
7f1370000000-7f1370021000 rw-p 00000000 00:00 0 
7f1370021000-7f1374000000 ---p 00000000 00:00 0 
7f1374000000-7f137402a000 rw-p 00000000 00:00 0 
7f137402a000-7f1378000000 ---p 00000000 00:00 0 
7f1378000000-7f1378095000 rw-p 00000000 00:00 0 
7f1378095000-7f137c000000 ---p 00000000 00:00 0 
7f137c000000-7f137c039000 rw-p 00000000 00:00 0 
7f137c039000-7f1380000000 ---p 00000000 00:00 0 
7f13800cb000-7f13800de000 r--s 00346000 ca:01 1543457                    /usr/lib/jvm/java-8-openjdk-amd64/jre/lib/resources.jar
7f13800de000-7f13800e1000 ---p 00000000 00:00 0 
7f13800e1000-7f13801df000 rw-p 00000000 00:00 0 
7f13801df000-7f13801e4000 r--s 000a3000 ca:01 1543452                    /usr/lib/jvm/java-8-openjdk-amd64/jre/lib/jsse.jar
7f13801e4000-7f13803e4000 rw-p 00000000 00:00 0 
7f13803e4000-7f13805e4000 rw-p 00000000 00:00 0 
7f13805e4000-7f13807e4000 rw-p 00000000 00:00 0 
7f13807e4000-7f13809e4000 rw-p 00000000 00:00 0 
7f13809e4000-7f1380be4000 rw-p 00000000 00:00 0 
7f1380be4000-7f1380de4000 rw-p 00000000 00:00 0 
7f1380de4000-7f1380dfb000 r-xp 00000000 ca:01 2179                       /lib/x86_64-linux-gnu/libresolv-2.27.so
7f1380dfb000-7f1380ffb000 ---p 00017000 ca:01 2179                       /lib/x86_64-linux-gnu/libresolv-2.27.so
7f1380ffb000-7f1380ffc000 r--p 00017000 ca:01 2179                       /lib/x86_64-linux-gnu/libresolv-2.27.so
7f1380ffc000-7f1380ffd000 rw-p 00018000 ca:01 2179                       /lib/x86_64-linux-gnu/libresolv-2.27.so
7f1380ffd000-7f1380fff000 rw-p 00000000 00:00 0 
7f1380fff000-7f1381004000 r-xp 00000000 ca:01 2092                       /lib/x86_64-linux-gnu/libnss_dns-2.27.so
7f1381004000-7f1381204000 ---p 00005000 ca:01 2092                       /lib/x86_64-linux-gnu/libnss_dns-2.27.so
7f1381204000-7f1381205000 r--p 00005000 ca:01 2092                       /lib/x86_64-linux-gnu/libnss_dns-2.27.so
7f1381205000-7f1381206000 rw-p 00006000 ca:01 2092                       /lib/x86_64-linux-gnu/libnss_dns-2.27.so
7f1381207000-7f1381209000 r--s 00016000 ca:01 1543450                    /usr/lib/jvm/java-8-openjdk-amd64/jre/lib/jce.jar
7f1381209000-7f138120e000 r--s 002f9000 ca:01 1543419                    /usr/lib/jvm/java-8-openjdk-amd64/jre/lib/charsets.jar
7f138120e000-7f1381211000 ---p 00000000 00:00 0 
7f1381211000-7f138130f000 rw-p 00000000 00:00 0 
7f138130f000-7f1381312000 ---p 00000000 00:00 0 
7f1381312000-7f1381610000 rw-p 00000000 00:00 0 
7f1381610000-7f1381810000 rw-p 00000000 00:00 0 
7f1381810000-7f1381a10000 rw-p 00000000 00:00 0 
7f1381a10000-7f1381a13000 ---p 00000000 00:00 0 
7f1381a13000-7f1381a49000 rw-p 00000000 00:00 0 
7f1381a49000-7f1381a4c000 r--s 00012000 ca:01 1547544                    /root/.m2/repository/org/apache/maven/surefire/surefire-junit4/2.20.1/surefire-junit4-2.20.1.jar
7f1381a4c000-7f1381a54000 r--s 00072000 ca:01 521262                     /root/.m2/repository/org/apache/commons/commons-lang3/3.7/commons-lang3-3.7.jar
7f1381a54000-7f1381a56000 r--s 00008000 ca:01 1543968                    /root/.m2/repository/org/springframework/security/spring-security-jwt/1.0.9.RELEASE/spring-security-jwt-1.0.9.RELEASE.jar
7f1381a56000-7f1381a5a000 r--s 00035000 ca:01 1543991                    /root/.m2/repository/org/codehaus/jackson/jackson-core-asl/1.9.13/jackson-core-asl-1.9.13.jar
7f1381a5a000-7f1381a68000 r--s 000b1000 ca:01 1543990                    /root/.m2/repository/org/codehaus/jackson/jackson-mapper-asl/1.9.13/jackson-mapper-asl-1.9.13.jar
7f1381a68000-7f1381a75000 r--s 0006a000 ca:01 1543966                    /root/.m2/repository/org/springframework/security/oauth/spring-security-oauth2/2.2.1.RELEASE/spring-security-oauth2-2.2.1.RELEASE.jar
7f1381a75000-7f1381a79000 r--s 00011000 ca:01 1543964                    /root/.m2/repository/org/springframework/security/oauth/boot/spring-security-oauth2-autoconfigure/2.0.0.RELEASE/spring-security-oauth2-autoconfigure-2.0.0.RELEASE.jar
7f1381a79000-7f1381a7b000 r--s 00005000 ca:01 1543956                    /root/.m2/repository/org/springframework/cloud/spring-cloud-security/2.0.0.M3/spring-cloud-security-2.0.0.M3.jar
7f1381a7b000-7f1381a7c000 r--s 00000000 ca:01 1543949                    /root/.m2/repository/org/springframework/cloud/spring-cloud-starter-security/2.0.0.M3/spring-cloud-starter-security-2.0.0.M3.jar
7f1381a7c000-7f1381a7d000 r--s 00000000 ca:01 1543970                    /root/.m2/repository/org/springframework/cloud/spring-cloud-starter-oauth2/2.0.0.M3/spring-cloud-starter-oauth2-2.0.0.M3.jar
7f1381a7d000-7f1381a8b000 r--s 0006b000 ca:01 1543962                    /root/.m2/repository/org/springframework/security/spring-security-web/5.0.3.RELEASE/spring-security-web-5.0.3.RELEASE.jar
7f1381a8b000-7f1381a98000 r--s 0005b000 ca:01 1543953                    /root/.m2/repository/org/springframework/security/spring-security-core/5.0.3.RELEASE/spring-security-core-5.0.3.RELEASE.jar
7f1381a98000-7f1381aa3000 r--s 0009e000 ca:01 1543960                    /root/.m2/repository/org/springframework/security/spring-security-config/5.0.3.RELEASE/spring-security-config-5.0.3.RELEASE.jar
7f1381aa3000-7f1381aac000 r--s 0004f000 ca:01 513250                     /root/.m2/repository/org/springframework/spring-aop/5.0.4.RELEASE/spring-aop-5.0.4.RELEASE.jar
7f1381aac000-7f1381aad000 r--s 00000000 ca:01 1543959                    /root/.m2/repository/org/springframework/boot/spring-boot-starter-security/2.0.0.RELEASE/spring-boot-starter-security-2.0.0.RELEASE.jar
7f1381aad000-7f1381ab1000 r--s 00015000 ca:01 1544250                    /root/.m2/repository/com/github/virtuald/curvesapi/1.04/curvesapi-1.04.jar
7f1381ab1000-7f1381aef000 r--s 0025d000 ca:01 1544248                    /root/.m2/repository/org/apache/xmlbeans/xmlbeans/2.6.0/xmlbeans-2.6.0.jar
7f1381aef000-7f1381baa000 r--s 004ec000 ca:01 1544246                    /root/.m2/repository/org/apache/poi/poi-ooxml-schemas/3.17/poi-ooxml-schemas-3.17.jar
7f1381baa000-7f1381bbd000 r--s 00157000 ca:01 1544244                    /root/.m2/repository/org/apache/poi/poi-ooxml/3.17/poi-ooxml-3.17.jar
7f1381bbd000-7f1381bcd000 r--s 000a8000 ca:01 1544242                    /root/.m2/repository/org/apache/commons/commons-collections4/4.1/commons-collections4-4.1.jar
7f1381bcd000-7f1381bd4000 r--s 0004b000 ca:01 261306                     /root/.m2/repository/commons-codec/commons-codec/1.11/commons-codec-1.11.jar
7f1381bd4000-7f1381c00000 r--s 00268000 ca:01 1544240                    /root/.m2/repository/org/apache/poi/poi/3.17/poi-3.17.jar
7f1381c00000-7f1381c02000 r--s 00002000 ca:01 521269                     /root/.m2/repository/org/apache/tomcat/tomcat-annotations-api/8.5.28/tomcat-annotations-api-8.5.28.jar
7f1381c02000-7f1381c2c000 r--s 002ce000 ca:01 513430                     /root/.m2/repository/org/apache/tomcat/embed/tomcat-embed-core/8.5.28/tomcat-embed-core-8.5.28.jar
7f1381c2c000-7f1381c2e000 r--s 00009000 ca:01 513577                     /root/.m2/repository/org/slf4j/slf4j-api/1.7.25/slf4j-api-1.7.25.jar
7f1381c2e000-7f1381c48000 r--s 000ee000 ca:01 513248                     /root/.m2/repository/org/springframework/spring-context/5.0.4.RELEASE/spring-context-5.0.4.RELEASE.jar
7f1381c48000-7f1381c4c000 r--s 00015000 ca:01 1547549                    /var/www/html/mavencode/lp-common/target/lp-common-0.0.1-SNAPSHOT.jar
7f1381c4c000-7f1381c4d000 r--s 00001000 ca:01 1547824                    /root/.m2/repository/com/voodoodyne/jackson/jsog/jackson-jsog/1.1.1/jackson-jsog-1.1.1.jar
7f1381c4d000-7f1381c52000 r--s 0003c000 ca:01 513254                     /root/.m2/repository/org/springframework/spring-expression/5.0.4.RELEASE/spring-expression-5.0.4.RELEASE.jar
7f1381c52000-7f1381c61000 r--s 000b0000 ca:01 261299                     /root/.m2/repository/org/springframework/spring-webmvc/5.0.4.RELEASE/spring-webmvc-5.0.4.RELEASE.jar
7f1381c61000-7f1381c7b000 r--s 00116000 ca:01 513273                     /root/.m2/repository/org/springframework/spring-web/5.0.4.RELEASE/spring-web-5.0.4.RELEASE.jar
7f1381c7b000-7f1381c80000 r--s 00012000 ca:01 513439                     /root/.m2/repository/javax/validation/validation-api/2.0.1.Final/validation-api-2.0.1.Final.jar
7f1381c80000-7f1381c9c000 r--s 000f5000 ca:01 513432                     /root/.m2/repository/org/hibernate/validator/hibernate-validator/6.0.7.Final/hibernate-validator-6.0.7.Final.jar
7f1381c9c000-7f1381ca1000 r--s 0003a000 ca:01 513431                     /root/.m2/repository/org/apache/tomcat/embed/tomcat-embed-websocket/8.5.28/tomcat-embed-websocket-8.5.28.jar
7f1381ca1000-7f1381ca5000 r--s 00037000 ca:01 513433                     /root/.m2/repository/org/apache/tomcat/embed/tomcat-embed-el/8.5.28/tomcat-embed-el-8.5.28.jar
7f1381ca5000-7f1381ca6000 r--s 00000000 ca:01 513279                     /root/.m2/repository/org/springframework/boot/spring-boot-starter-tomcat/2.0.0.RELEASE/spring-boot-starter-tomcat-2.0.0.RELEASE.jar
7f1381ca6000-7f1381ca7000 r--s 00000000 ca:01 261297                     /root/.m2/repository/org/springframework/boot/spring-boot-starter-web/2.0.0.RELEASE/spring-boot-starter-web-2.0.0.RELEASE.jar
7f1381ca7000-7f1381ca8000 r--s 00000000 ca:01 1547822                    /root/.m2/repository/io/github/openfeign/feign-java8/9.5.1/feign-java8-9.5.1.jar
7f1381ca8000-7f1381ca9000 r--s 00003000 ca:01 1547820                    /root/.m2/repository/io/github/openfeign/feign-hystrix/9.5.1/feign-hystrix-9.5.1.jar
7f1381ca9000-7f1381caa000 r--s 00000000 ca:01 1547818                    /root/.m2/repository/io/github/openfeign/feign-slf4j/9.5.1/feign-slf4j-9.5.1.jar
7f1381caa000-7f1381cac000 r--s 00016000 ca:01 1547816                    /root/.m2/repository/io/github/openfeign/feign-core/9.5.1/feign-core-9.5.1.jar
7f1381cac000-7f1381cb0000 r--s 00016000 ca:01 1547792                    /root/.m2/repository/org/springframework/cloud/spring-cloud-openfeign-core/2.0.0.M1/spring-cloud-openfeign-core-2.0.0.M1.jar
7f1381cb0000-7f1381cb1000 r--s 00000000 ca:01 1547796                    /root/.m2/repository/org/springframework/cloud/spring-cloud-starter-openfeign/2.0.0.M1/spring-cloud-starter-openfeign-2.0.0.M1.jar
7f1381cb1000-7f1381cb2000 r--s 00000000 ca:01 1547801                    /root/.m2/repository/org/springframework/cloud/spring-cloud-starter-feign/1.4.0.RELEASE/spring-cloud-starter-feign-1.4.0.RELEASE.jar
7f1381cb2000-7f1381cb4000 r--s 00006000 ca:01 259139                     /root/.m2/repository/org/latencyutils/LatencyUtils/2.0.3/LatencyUtils-2.0.3.jar
7f1381cb4000-7f1381cbb000 r--s 00042000 ca:01 513443                     /root/.m2/repository/io/micrometer/micrometer-core/1.0.1/micrometer-core-1.0.1.jar
7f1381cbb000-7f1381cc9000 r--s 00062000 ca:01 513282                     /root/.m2/repository/org/springframework/boot/spring-boot-actuator/2.0.0.RELEASE/spring-boot-actuator-2.0.0.RELEASE.jar
7f1381cc9000-7f1381cd5000 r--s 0004e000 ca:01 513257                     /root/.m2/repository/org/springframework/boot/spring-boot-actuator-autoconfigure/2.0.0.RELEASE/spring-boot-actuator-autoconfigure-2.0.0.RELEASE.jar
7f1381cd5000-7f1381cd6000 r--s 00000000 ca:01 513278                     /root/.m2/repository/org/springframework/boot/spring-boot-starter-actuator/2.0.0.RELEASE/spring-boot-starter-actuator-2.0.0.RELEASE.jar
7f1381cd6000-7f1381ce1000 r--s 000b8000 ca:01 1547814                    /root/.m2/repository/org/postgresql/postgresql/42.2.1/postgresql-42.2.1.jar
7f1381ce1000-7f1381cf0000 r--s 001ae000 ca:01 1547812                    /root/.m2/repository/com/h2database/h2/1.4.196/h2-1.4.196.jar
7f1381cf0000-7f1381cf3000 r--s 00008000 ca:01 1544211                    /root/.m2/repository/org/springframework/spring-aspects/5.0.4.RELEASE/spring-aspects-5.0.4.RELEASE.jar
7f1381cf3000-7f1381cff000 r--s 00094000 ca:01 513252                     /root/.m2/repository/org/springframework/spring-beans/5.0.4.RELEASE/spring-beans-5.0.4.RELEASE.jar
7f1381cff000-7f1381d06000 r--s 00036000 ca:01 1544208                    /root/.m2/repository/org/springframework/spring-tx/5.0.4.RELEASE/spring-tx-5.0.4.RELEASE.jar
7f1381d06000-7f1381d0a000 r--s 0002a000 ca:01 1544206                    /root/.m2/repository/org/springframework/spring-orm/5.0.4.RELEASE/spring-orm-5.0.4.RELEASE.jar
7f1381d0a000-7f1381d21000 r--s 000ed000 ca:01 1544202                    /root/.m2/repository/org/springframework/data/spring-data-commons/2.0.5.RELEASE/spring-data-commons-2.0.5.RELEASE.jar
7f1381d21000-7f1381d28000 r--s 00049000 ca:01 1033978                    /root/.m2/repository/org/springframework/data/spring-data-jpa/2.0.5.RELEASE/spring-data-jpa-2.0.5.RELEASE.jar
7f1381d28000-7f1381d2a000 r--s 00006000 ca:01 776722                     /root/.m2/repository/javax/transaction/javax.transaction-api/1.2/javax.transaction-api-1.2.jar
7f1381d2a000-7f1381d2d000 r--s 00010000 ca:01 1544238                    /root/.m2/repository/org/hibernate/common/hibernate-commons-annotations/5.0.1.Final/hibernate-commons-annotations-5.0.1.Final.jar
7f1381d2d000-7f1381d32000 r--s 00048000 ca:01 1544236                    /root/.m2/repository/dom4j/dom4j/1.6.1/dom4j-1.6.1.jar
7f1381d32000-7f1381d34000 r--s 0000e000 ca:01 513441                     /root/.m2/repository/com/fasterxml/classmate/1.3.4/classmate-1.3.4.jar
7f1381d34000-7f1381d37000 r--s 0002b000 ca:01 1544232                    /root/.m2/repository/org/jboss/jandex/2.0.3.Final/jandex-2.0.3.Final.jar
7f1381d37000-7f1381d3c000 r--s 00068000 ca:01 513471                     /root/.m2/repository/antlr/antlr/2.7.7/antlr-2.7.7.jar
7f1381d3c000-7f1381d46000 r--s 000ab000 ca:01 1544235                    /root/.m2/repository/org/javassist/javassist/3.22.0-GA/javassist-3.22.0-GA.jar
7f1381d46000-7f1381d4b000 r--s 00017000 ca:01 1544230                    /root/.m2/repository/org/hibernate/javax/persistence/hibernate-jpa-2.1-api/1.0.0.Final/hibernate-jpa-2.1-api-1.0.0.Final.jar
7f1381d4b000-7f1381d4d000 r--s 0000f000 ca:01 513437                     /root/.m2/repository/org/jboss/logging/jboss-logging/3.3.2.Final/jboss-logging-3.3.2.Final.jar
7f1381d4d000-7f1381dcb000 r--s 005ec000 ca:01 1544228                    /root/.m2/repository/org/hibernate/hibernate-core/5.2.14.Final/hibernate-core-5.2.14.Final.jar
7f1381dcb000-7f1381dd4000 r--s 00057000 ca:01 1544205                    /root/.m2/repository/org/springframework/spring-jdbc/5.0.4.RELEASE/spring-jdbc-5.0.4.RELEASE.jar
7f1381dd4000-7f1381dd7000 r--s 00020000 ca:01 1544226                    /root/.m2/repository/com/zaxxer/HikariCP/2.7.8/HikariCP-2.7.8.jar
7f1381dd7000-7f1381dd8000 r--s 00000000 ca:01 1544201                    /root/.m2/repository/org/springframework/boot/spring-boot-starter-jdbc/2.0.0.RELEASE/spring-boot-starter-jdbc-2.0.0.RELEASE.jar
7f1381dd8000-7f1381dd9000 r--s 00000000 ca:01 513291                     /root/.m2/repository/org/springframework/boot/spring-boot-starter-aop/2.0.0.RELEASE/spring-boot-starter-aop-2.0.0.RELEASE.jar
7f1381dd9000-7f1381dda000 r--s 00000000 ca:01 1544199                    /root/.m2/repository/org/springframework/boot/spring-boot-starter-data-jpa/2.0.0.RELEASE/spring-boot-starter-data-jpa-2.0.0.RELEASE.jar
7f1381dda000-7f1381ddf000 r--s 00022000 ca:01 513589                     /root/.m2/repository/org/xmlunit/xmlunit-core/2.5.1/xmlunit-core-2.5.1.jar
7f1381ddf000-7f1381ded000 r--s 00083000 ca:01 513293                     /root/.m2/repository/org/springframework/spring-test/5.0.4.RELEASE/spring-test-5.0.4.RELEASE.jar
7f1381ded000-7f1381dee000 r--s 00003000 ca:01 513310                     /root/.m2/repository/org/springframework/spring-jcl/5.0.4.RELEASE/spring-jcl-5.0.4.RELEASE.jar
7f1381dee000-7f1381e05000 r--s 00112000 ca:01 513301                     /root/.m2/repository/org/springframework/spring-core/5.0.4.RELEASE/spring-core-5.0.4.RELEASE.jar
7f1381e05000-7f1381e06000 r--s 00004000 ca:01 259188                     /root/.m2/repository/com/vaadin/external/google/android-json/0.0.20131108.vaadin1/android-json-0.0.20131108.vaadin1.jar
7f1381e06000-7f1381e08000 r--s 00006000 ca:01 259191                     /root/.m2/repository/org/skyscreamer/jsonassert/1.5.0/jsonassert-1.5.0.jar
7f1381e08000-7f1381e09000 r--s 0000c000 ca:01 513587                     /root/.m2/repository/org/hamcrest/hamcrest-library/1.3/hamcrest-library-1.3.jar
7f1381e09000-7f1381e0b000 r--s 00009000 ca:01 513585                     /root/.m2/repository/org/hamcrest/hamcrest-core/1.3/hamcrest-core-1.3.jar
7f1381e0b000-7f1381e0d000 r--s 0000c000 ca:01 259189                     /root/.m2/repository/org/objenesis/objenesis/2.6/objenesis-2.6.jar
7f1381e0d000-7f1381e0f000 r--s 00009000 ca:01 513584                     /root/.m2/repository/net/bytebuddy/byte-buddy-agent/1.7.10/byte-buddy-agent-1.7.10.jar
7f1381e0f000-7f1381e4c000 r--s 0028f000 ca:01 513579                     /root/.m2/repository/net/bytebuddy/byte-buddy/1.7.10/byte-buddy-1.7.10.jar
7f1381e4c000-7f1381e5c000 r--s 00075000 ca:01 513581                     /root/.m2/repository/org/mockito/mockito-core/2.15.0/mockito-core-2.15.0.jar
7f1381e5c000-7f1381eb1000 r--s 00367000 ca:01 261310                     /root/.m2/repository/org/assertj/assertj-core/3.9.1/assertj-core-3.9.1.jar
7f1381eb1000-7f1381eb9000 r--s 00045000 ca:01 513520                     /root/.m2/repository/junit/junit/4.12/junit-4.12.jar
7f1381eb9000-7f1381ebb000 r--s 00006000 ca:01 259151                     /root/.m2/repository/net/minidev/accessors-smart/1.2/accessors-smart-1.2.jar
7f1381ebb000-7f1381ebe000 r--s 0001b000 ca:01 259148                     /root/.m2/repository/net/minidev/json-smart/2.3/json-smart-2.3.jar
7f1381ebe000-7f1381ec4000 r--s 00031000 ca:01 259130                     /root/.m2/repository/com/jayway/jsonpath/json-path/2.4.0/json-path-2.4.0.jar
7f1381ec4000-7f1381ecb000 r--s 00020000 ca:01 513307                     /root/.m2/repository/org/springframework/boot/spring-boot-test-autoconfigure/2.0.0.RELEASE/spring-boot-test-autoconfigure-2.0.0.RELEASE.jar
7f1381ecb000-7f1381ed0000 r--s 0002b000 ca:01 513304                     /root/.m2/repository/org/springframework/boot/spring-boot-test/2.0.0.RELEASE/spring-boot-test-2.0.0.RELEASE.jar
7f1381ed0000-7f1381ed1000 r--s 00000000 ca:01 261301                     /root/.m2/repository/org/springframework/boot/spring-boot-starter-test/2.0.0.RELEASE/spring-boot-starter-test-2.0.0.RELEASE.jar
7f1381ed1000-7f1381ed2000 r--s 00000000 ca:01 1033966                    /root/.m2/repository/org/reactivestreams/reactive-streams/1.0.2/reactive-streams-1.0.2.jar
7f1381ed2000-7f1381ed4000 r--s 00003000 ca:01 776701                     /root/.m2/repository/io/reactivex/rxjava-reactive-streams/1.2.1/rxjava-reactive-streams-1.2.1.jar
7f1381ed4000-7f1381eed000 r--s 001bf000 ca:01 513449                     /root/.m2/repository/org/aspectj/aspectjweaver/1.8.13/aspectjweaver-1.8.13.jar
7f1381eed000-7f1381eef000 r--s 0000c000 ca:01 259152                     /root/.m2/repository/org/ow2/asm/asm/5.0.4/asm-5.0.4.jar
7f1381eef000-7f1381ef5000 r--s 00026000 ca:01 1543985                    /root/.m2/repository/com/netflix/hystrix/hystrix-javanica/1.5.12/hystrix-javanica-1.5.12.jar
7f1381ef5000-7f1381ef7000 r--s 0000c000 ca:01 1543983                    /root/.m2/repository/com/netflix/hystrix/hystrix-metrics-event-stream/1.5.12/hystrix-metrics-event-stream-1.5.12.jar
7f1381ef7000-7f1381efa000 r--s 00021000 ca:01 1543981                    /root/.m2/repository/com/fasterxml/jackson/module/jackson-module-afterburner/2.9.3/jackson-module-afterburner-2.9.3.jar
7f1381efa000-7f1381efc000 r--s 00007000 ca:01 1287794                    /root/.m2/repository/com/netflix/hystrix/hystrix-serialization/1.5.12/hystrix-serialization-1.5.12.jar
7f1381efc000-7f1381efe000 r--s 0001a000 ca:01 521321                     /root/.m2/repository/org/hdrhistogram/HdrHistogram/2.1.9/HdrHistogram-2.1.9.jar
7f1381efe000-7f1381f0a000 r--s 00068000 ca:01 513539                     /root/.m2/repository/com/netflix/hystrix/hystrix-core/1.5.12/hystrix-core-1.5.12.jar
7f1381f0a000-7f1381f0e000 r--s 00016000 ca:01 513297                     /root/.m2/repository/org/springframework/cloud/spring-cloud-netflix-ribbon/2.0.0.M7/spring-cloud-netflix-ribbon-2.0.0.M7.jar
7f1381f0e000-7f1381f0f000 r--s 00000000 ca:01 1543952                    /root/.m2/repository/org/springframework/cloud/spring-cloud-starter-netflix-hystrix/2.0.0.M7/spring-cloud-starter-netflix-hystrix-2.0.0.M7.jar
7f1381f0f000-7f1381f11000 r--s 00005000 ca:01 513523                     /root/.m2/repository/xpp3/xpp3_min/1.1.4c/xpp3_min-1.1.4c.jar
7f1381f11000-7f1381f12000 r--s 00001000 ca:01 513517                     /root/.m2/repository/xmlpull/xmlpull/1.1.3.1/xmlpull-1.1.3.1.jar
7f1381f12000-7f1381f20000 r--s 00079000 ca:01 513515                     /root/.m2/repository/com/thoughtworks/xstream/xstream/1.4.9/xstream-1.4.9.jar
7f1381f20000-7f1381f22000 r--s 00003000 ca:01 513571                     /root/.m2/repository/com/netflix/ribbon/ribbon-eureka/2.2.4/ribbon-eureka-2.2.4.jar
7f1381f22000-7f1381f3b000 r--s 000ff000 ca:01 513573                     /root/.m2/repository/io/reactivex/rxjava/1.3.6/rxjava-1.3.6.jar
7f1381f3b000-7f1381f3d000 r--s 00002000 ca:01 513570                     /root/.m2/repository/com/netflix/netflix-commons/netflix-statistics/0.1.1/netflix-statistics-0.1.1.jar
7f1381f3d000-7f1381f41000 r--s 00024000 ca:01 513567                     /root/.m2/repository/com/netflix/ribbon/ribbon-loadbalancer/2.2.4/ribbon-loadbalancer-2.2.4.jar
7f1381f41000-7f1381f42000 r--s 00001000 ca:01 513565                     /root/.m2/repository/com/netflix/netflix-commons/netflix-commons-util/0.1.1/netflix-commons-util-0.1.1.jar
7f1381f42000-7f1381f4f000 r--s 00083000 ca:01 513563                     /root/.m2/repository/commons-collections/commons-collections/3.2.2/commons-collections-3.2.2.jar
7f1381f4f000-7f1381f51000 r--s 0000c000 ca:01 513561                     /root/.m2/repository/com/netflix/ribbon/ribbon-httpclient/2.2.4/ribbon-httpclient-2.2.4.jar
7f1381f51000-7f1381f55000 r--s 00011000 ca:01 513557                     /root/.m2/repository/com/netflix/ribbon/ribbon-core/2.2.4/ribbon-core-2.2.4.jar
7f1381f55000-7f1381f56000 r--s 00007000 ca:01 513559                     /root/.m2/repository/io/netty/netty-resolver/4.1.22.Final/netty-resolver-4.1.22.Final.jar
7f1381f56000-7f1381f60000 r--s 00066000 ca:01 513555                     /root/.m2/repository/io/netty/netty-transport/4.1.22.Final/netty-transport-4.1.22.Final.jar
7f1381f60000-7f1381f62000 r--s 00006000 ca:01 513553                     /root/.m2/repository/io/netty/netty-transport-native-unix-common/4.1.22.Final/netty-transport-native-unix-common-4.1.22.Final.jar
7f1381f62000-7f1381f66000 r--s 0003f000 ca:01 513551                     /root/.m2/repository/io/netty/netty-buffer/4.1.22.Final/netty-buffer-4.1.22.Final.jar
7f1381f66000-7f1381f72000 r--s 00081000 ca:01 513549                     /root/.m2/repository/io/netty/netty-common/4.1.22.Final/netty-common-4.1.22.Final.jar
7f1381f72000-7f1381f75000 r--s 0001a000 ca:01 513547                     /root/.m2/repository/io/netty/netty-transport-native-epoll/4.1.22.Final/netty-transport-native-epoll-4.1.22.Final.jar
7f1381f75000-7f1381f7c000 r--s 00047000 ca:01 513545                     /root/.m2/repository/io/netty/netty-codec/4.1.22.Final/netty-codec-4.1.22.Final.jar
7f1381f7c000-7f1381f87000 r--s 0007f000 ca:01 513543                     /root/.m2/repository/io/netty/netty-codec-http/4.1.22.Final/netty-codec-http-4.1.22.Final.jar
7f1381f87000-7f1381f91000 r--s 00059000 ca:01 513422                     /root/.m2/repository/io/reactivex/rxnetty/0.4.9/rxnetty-0.4.9.jar
7f1381f91000-7f1381f93000 r--s 00006000 ca:01 513438                     /root/.m2/repository/io/reactivex/rxnetty-servo/0.4.9/rxnetty-servo-0.4.9.jar
7f1381f93000-7f1381f96000 r--s 0000b000 ca:01 513535                     /root/.m2/repository/io/reactivex/rxnetty-contexts/0.4.9/rxnetty-contexts-0.4.9.jar
7f1381f96000-7f1381f97000 r--s 00009000 ca:01 513533                     /root/.m2/repository/com/netflix/ribbon/ribbon-transport/2.2.4/ribbon-transport-2.2.4.jar
7f1381f97000-7f1381f9b000 r--s 00012000 ca:01 513531                     /root/.m2/repository/com/netflix/ribbon/ribbon/2.2.4/ribbon-2.2.4.jar
7f1381f9b000-7f1381f9c000 r--s 00000000 ca:01 513247                     /root/.m2/repository/org/springframework/cloud/spring-cloud-starter-netflix-ribbon/2.0.0.M7/spring-cloud-starter-netflix-ribbon-2.0.0.M7.jar
7f1381f9c000-7f1381fc7000 r--s 001fc000 ca:01 261308                     /root/.m2/repository/com/google/guava/guava/18.0/guava-18.0.jar
7f1381fc7000-7f1381fcc000 r--s 00041000 ca:01 513522                     /root/.m2/repository/commons-lang/commons-lang/2.6/commons-lang-2.6.jar
7f1381fcc000-7f1381fd3000 r--s 00050000 ca:01 513521                     /root/.m2/repository/commons-configuration/commons-configuration/1.8/commons-configuration-1.8.jar
7f1381fd3000-7f1381fd5000 r--s 00002000 ca:01 513296                     /root/.m2/repository/org/springframework/cloud/spring-cloud-netflix-archaius/2.0.0.M7/spring-cloud-netflix-archaius-2.0.0.M7.jar
7f1381fd5000-7f1381fd6000 r--s 00000000 ca:01 513286                     /root/.m2/repository/org/springframework/cloud/spring-cloud-starter-netflix-archaius/2.0.0.M7/spring-cloud-starter-netflix-archaius-2.0.0.M7.jar
7f1381fd6000-7f1381fda000 r--s 00024000 ca:01 513511                     /root/.m2/repository/org/codehaus/woodstox/stax2-api/3.1.4/stax2-api-3.1.4.jar
7f1381fda000-7f1381fdc000 r--s 00004000 ca:01 513501                     /root/.m2/repository/javax/xml/stream/stax-api/1.0-2/stax-api-1.0-2.jar
7f1381fdc000-7f1381fe2000 r--s 00071000 ca:01 513499                     /root/.m2/repository/org/codehaus/woodstox/woodstox-core-asl/4.4.1/woodstox-core-asl-4.4.1.jar
7f1381fe2000-7f1381fe7000 r--s 00039000 ca:01 513497                     /root/.m2/repository/com/netflix/eureka/eureka-core/1.8.6/eureka-core-1.8.6.jar
7f1381fe7000-7f1381fec000 r--s 00024000 ca:01 513491                     /root/.m2/repository/com/github/andrewoma/dexx/dexx-collections/0.2/dexx-collections-0.2.jar
7f1381fec000-7f1381fed000 r--s 00004000 ca:01 513490                     /root/.m2/repository/com/github/vlsi/compactmap/compactmap/1.2.1/compactmap-1.2.1.jar
7f1381fed000-7f1381fef000 r--s 00000000 ca:01 260293                     /root/.m2/repository/aopalliance/aopalliance/1.0/aopalliance-1.0.jar
7f1381fef000-7f1381ff0000 r--s 00000000 ca:01 260283                     /root/.m2/repository/javax/inject/javax.inject/1/javax.inject-1.jar
7f1381ff0000-7f1381ffe000 r--s 00097000 ca:01 513487                     /root/.m2/repository/com/google/inject/guice/4.1.0/guice-4.1.0.jar
7f1381ffe000-7f1382005000 r--s 00049000 ca:01 513417                     /root/.m2/repository/org/apache/httpcomponents/httpcore/4.4.9/httpcore-4.4.9.jar
7f1382005000-7f1382013000 r--s 000ae000 ca:01 513415                     /root/.m2/repository/org/apache/httpcomponents/httpclient/4.5.5/httpclient-4.5.5.jar
7f1382013000-7f1382015000 r--s 00003000 ca:01 513485                     /root/.m2/repository/com/sun/jersey/contribs/jersey-apache-client4/1.19.1/jersey-apache-client4-1.19.1.jar
7f1382015000-7f1382018000 r--s 0001e000 ca:01 513483                     /root/.m2/repository/com/sun/jersey/jersey-client/1.19.1/jersey-client-1.19.1.jar
7f1382018000-7f1382022000 r--s 00061000 ca:01 513481                     /root/.m2/repository/com/sun/jersey/jersey-core/1.19.1/jersey-core-1.19.1.jar
7f1382022000-7f1382026000 r--s 00027000 ca:01 513479                     /root/.m2/repository/com/netflix/servo/servo-internal/0.10.1/servo-internal-0.10.1.jar
7f1382026000-7f138202b000 r--s 00032000 ca:01 513477                     /root/.m2/repository/com/netflix/servo/servo-core/0.10.1/servo-core-0.10.1.jar
7f138202b000-7f138202d000 r--s 0000a000 ca:01 513476                     /root/.m2/repository/javax/ws/rs/jsr311-api/1.1.1/jsr311-api-1.1.1.jar
7f138202d000-7f1382031000 r--s 0001f000 ca:01 513503                     /root/.m2/repository/com/netflix/archaius/archaius-core/0.7.5/archaius-core-0.7.5.jar
7f1382031000-7f1382044000 r--s 000df000 ca:01 513475                     /root/.m2/repository/org/apache/commons/commons-math/2.2/commons-math-2.2.jar
7f1382044000-7f1382049000 r--s 00034000 ca:01 513473                     /root/.m2/repository/com/google/code/gson/gson/2.8.2/gson-2.8.2.jar
7f1382049000-7f138204c000 r--s 00022000 ca:01 513467                     /root/.m2/repository/org/antlr/stringtemplate/3.2.1/stringtemplate-3.2.1.jar
7f138204c000-7f1382050000 r--s 00025000 ca:01 513465                     /root/.m2/repository/org/antlr/antlr-runtime/3.4/antlr-runtime-3.4.jar
7f1382050000-7f1382061000 r--s 0008a000 ca:01 513463                     /root/.m2/repository/joda-time/joda-time/2.9.9/joda-time-2.9.9.jar
7f1382061000-7f1382067000 r--s 00044000 ca:01 513442                     /root/.m2/repository/commons-jxpath/commons-jxpath/1.3/commons-jxpath-1.3.jar
7f1382067000-7f138206a000 r--s 00016000 ca:01 513459                     /root/.m2/repository/com/netflix/netflix-commons/netflix-infix/0.3.0/netflix-infix-0.3.0.jar
7f138206a000-7f138206c000 r--s 0000f000 ca:01 513457                     /root/.m2/repository/com/netflix/netflix-commons/netflix-eventbus/0.3.0/netflix-eventbus-0.3.0.jar
7f138206c000-7f138206e000 r--s 00005000 ca:01 513455                     /root/.m2/repository/stax/stax-api/1.0.1/stax-api-1.0.1.jar
7f138206e000-7f1382071000 r--s 00012000 ca:01 513453                     /root/.m2/repository/org/codehaus/jettison/jettison/1.3.7/jettison-1.3.7.jar
7f1382071000-7f138207b000 r--s 00061000 ca:01 513451                     /root/.m2/repository/com/netflix/eureka/eureka-client/1.8.6/eureka-client-1.8.6.jar
7f138207b000-7f138207f000 r--s 00014000 ca:01 513294                     /root/.m2/repository/org/springframework/cloud/spring-cloud-netflix-eureka-client/2.0.0.M7/spring-cloud-netflix-eureka-client-2.0.0.M7.jar
7f138207f000-7f1382081000 r--s 00005000 ca:01 513288                     /root/.m2/repository/org/springframework/cloud/spring-cloud-netflix-core/2.0.0.M7/spring-cloud-netflix-core-2.0.0.M7.jar
7f1382081000-7f1382082000 r--s 00000000 ca:01 1543763                    /root/.m2/repository/org/springframework/cloud/spring-cloud-starter-netflix-eureka-client/2.0.0.M7/spring-cloud-starter-netflix-eureka-client-2.0.0.M7.jar
7f1382082000-7f1382086000 r--s 0004b000 ca:01 513527                     /root/.m2/repository/com/fasterxml/jackson/core/jackson-core/2.9.3/jackson-core-2.9.3.jar
7f1382086000-7f1382099000 r--s 00134000 ca:01 513530                     /root/.m2/repository/com/fasterxml/jackson/core/jackson-databind/2.9.3/jackson-databind-2.9.3.jar
7f1382099000-7f138209b000 r--s 00007000 ca:01 1543757                    /root/.m2/repository/org/springframework/cloud/spring-cloud-config-client/2.0.0.M8/spring-cloud-config-client-2.0.0.M8.jar
7f138209b000-7f13820e6000 r--s 002ff000 ca:01 513421                     /root/.m2/repository/org/bouncycastle/bcprov-jdk15on/1.56/bcprov-jdk15on-1.56.jar
7f13820e6000-7f13820f7000 r--s 00097000 ca:01 513419                     /root/.m2/repository/org/bouncycastle/bcpkix-jdk15on/1.56/bcpkix-jdk15on-1.56.jar
7f13820f7000-7f13820f8000 r--s 00004000 ca:01 513266                     /root/.m2/repository/org/springframework/security/spring-security-rsa/1.0.5.RELEASE/spring-security-rsa-1.0.5.RELEASE.jar
7f13820f8000-7f13820fd000 r--s 0001c000 ca:01 513264                     /root/.m2/repository/org/springframework/cloud/spring-cloud-commons/2.0.0.M8/spring-cloud-commons-2.0.0.M8.jar
7f13820fd000-7f13820ff000 r--s 00010000 ca:01 513262                     /root/.m2/repository/org/springframework/security/spring-security-crypto/5.0.3.RELEASE/spring-security-crypto-5.0.3.RELEASE.jar
7f13820ff000-7f1382102000 r--s 00016000 ca:01 513260                     /root/.m2/repository/org/springframework/cloud/spring-cloud-context/2.0.0.M8/spring-cloud-context-2.0.0.M8.jar
7f1382102000-7f1382103000 r--s 00000000 ca:01 513244                     /root/.m2/repository/org/springframework/cloud/spring-cloud-starter/2.0.0.M8/spring-cloud-starter-2.0.0.M8.jar
7f1382103000-7f1382104000 r--s 00000000 ca:01 1543759                    /root/.m2/repository/org/springframework/cloud/spring-cloud-starter-config/2.0.0.M8/spring-cloud-starter-config-2.0.0.M8.jar
7f1382104000-7f1382107000 r--s 0000e000 ca:01 513525                     /root/.m2/repository/com/fasterxml/jackson/core/jackson-annotations/2.9.0/jackson-annotations-2.9.0.jar
7f1382107000-7f1382109000 r--s 00002000 ca:01 1034107                    /root/.m2/repository/org/atteo/evo-inflector/1.2.2/evo-inflector-1.2.2.jar
7f1382109000-7f138210a000 r--s 00004000 ca:01 1547797                    /root/.m2/repository/org/springframework/plugin/spring-plugin-core/1.2.0.RELEASE/spring-plugin-core-1.2.0.RELEASE.jar
7f138210a000-7f138210f000 r--s 0002e000 ca:01 1547795                    /root/.m2/repository/org/springframework/hateoas/spring-hateoas/0.24.0.RELEASE/spring-hateoas-0.24.0.RELEASE.jar
7f138210f000-7f1382114000 r--s 0001d000 ca:01 1547793                    /root/.m2/repository/org/springframework/data/spring-data-rest-core/3.0.5.RELEASE/spring-data-rest-core-3.0.5.RELEASE.jar
7f1382114000-7f138211c000 r--s 0004b000 ca:01 1547791                    /root/.m2/repository/org/springframework/data/spring-data-rest-webmvc/3.0.5.RELEASE/spring-data-rest-webmvc-3.0.5.RELEASE.jar
7f138211c000-7f138211e000 r--s 00001000 ca:01 513427                     /root/.m2/repository/com/fasterxml/jackson/module/jackson-module-parameter-names/2.9.3/jackson-module-parameter-names-2.9.3.jar
7f138211e000-7f1382121000 r--s 00015000 ca:01 513425                     /root/.m2/repository/com/fasterxml/jackson/datatype/jackson-datatype-jsr310/2.9.3/jackson-datatype-jsr310-2.9.3.jar
7f1382121000-7f1382123000 r--s 00007000 ca:01 513423                     /root/.m2/repository/com/fasterxml/jackson/datatype/jackson-datatype-jdk8/2.9.3/jackson-datatype-jdk8-2.9.3.jar
7f1382123000-7f1382124000 r--s 00000000 ca:01 513272                     /root/.m2/repository/org/springframework/boot/spring-boot-starter-json/2.0.0.RELEASE/spring-boot-starter-json-2.0.0.RELEASE.jar
7f1382124000-7f138212b000 r--s 00042000 ca:01 513413                     /root/.m2/repository/org/yaml/snakeyaml/1.19/snakeyaml-1.19.jar
7f138212b000-7f138212d000 r--s 00005000 ca:01 513411                     /root/.m2/repository/javax/annotation/javax.annotation-api/1.3.2/javax.annotation-api-1.3.2.jar
7f138212d000-7f138212f000 r--s 00000000 ca:01 513409                     /root/.m2/repository/org/slf4j/jul-to-slf4j/1.7.25/jul-to-slf4j-1.7.25.jar
7f138212f000-7f1382135000 r--s 00039000 ca:01 513407                     /root/.m2/repository/org/apache/logging/log4j/log4j-api/2.10.0/log4j-api-2.10.0.jar
7f1382135000-7f1382137000 r--s 00003000 ca:01 513405                     /root/.m2/repository/org/apache/logging/log4j/log4j-to-slf4j/2.10.0/log4j-to-slf4j-2.10.0.jar
7f1382137000-7f1382142000 r--s 00069000 ca:01 259067                     /root/.m2/repository/ch/qos/logback/logback-core/1.2.3/logback-core-1.2.3.jar
7f1382142000-7f1382148000 r--s 00041000 ca:01 259070                     /root/.m2/repository/ch/qos/logback/logback-classic/1.2.3/logback-classic-1.2.3.jar
7f1382148000-7f1382149000 r--s 00000000 ca:01 513253                     /root/.m2/repository/org/springframework/boot/spring-boot-starter-logging/2.0.0.RELEASE/spring-boot-starter-logging-2.0.0.RELEASE.jar
7f1382149000-7f1382169000 r--s 000f8000 ca:01 513258                     /root/.m2/repository/org/springframework/boot/spring-boot-autoconfigure/2.0.0.RELEASE/spring-boot-autoconfigure-2.0.0.RELEASE.jar
7f1382169000-7f138217e000 r--s 000cd000 ca:01 513246                     /root/.m2/repository/org/springframework/boot/spring-boot/2.0.0.RELEASE/spring-boot-2.0.0.RELEASE.jar
7f138217e000-7f138217f000 r--s 00000000 ca:01 261295                     /root/.m2/repository/org/springframework/boot/spring-boot-starter/2.0.0.RELEASE/spring-boot-starter-2.0.0.RELEASE.jar
7f138217f000-7f1382180000 r--s 00000000 ca:01 1547789                    /root/.m2/repository/org/springframework/boot/spring-boot-starter-data-rest/2.0.0.RELEASE/spring-boot-starter-data-rest-2.0.0.RELEASE.jar
7f1382180000-7f1382183000 ---p 00000000 00:00 0 
7f1382183000-7f1382281000 rw-p 00000000 00:00 0 
7f1382281000-7f138228a000 r-xp 00000000 ca:01 1543405                    /usr/lib/jvm/java-8-openjdk-amd64/jre/lib/amd64/libmanagement.so
7f138228a000-7f1382489000 ---p 00009000 ca:01 1543405                    /usr/lib/jvm/java-8-openjdk-amd64/jre/lib/amd64/libmanagement.so
7f1382489000-7f138248a000 r--p 00008000 ca:01 1543405                    /usr/lib/jvm/java-8-openjdk-amd64/jre/lib/amd64/libmanagement.so
7f138248a000-7f138248b000 rw-p 00009000 ca:01 1543405                    /usr/lib/jvm/java-8-openjdk-amd64/jre/lib/amd64/libmanagement.so
7f138248b000-7f138248e000 ---p 00000000 00:00 0 
7f138248e000-7f138258c000 rw-p 00000000 00:00 0 
7f138258c000-7f138258e000 r--s 00002000 ca:01 1547529                    /root/.m2/repository/org/apache/maven/surefire/surefire-logger-api/2.20.1/surefire-logger-api-2.20.1.jar
7f138258e000-7f1382593000 r--s 00028000 ca:01 1547527                    /root/.m2/repository/org/apache/maven/surefire/surefire-api/2.20.1/surefire-api-2.20.1.jar
7f1382593000-7f13825aa000 r-xp 00000000 ca:01 1543407                    /usr/lib/jvm/java-8-openjdk-amd64/jre/lib/amd64/libnet.so
7f13825aa000-7f13827a9000 ---p 00017000 ca:01 1543407                    /usr/lib/jvm/java-8-openjdk-amd64/jre/lib/amd64/libnet.so
7f13827a9000-7f13827aa000 r--p 00016000 ca:01 1543407                    /usr/lib/jvm/java-8-openjdk-amd64/jre/lib/amd64/libnet.so
7f13827aa000-7f13827ab000 rw-p 00017000 ca:01 1543407                    /usr/lib/jvm/java-8-openjdk-amd64/jre/lib/amd64/libnet.so
7f13827ab000-7f13827bc000 r-xp 00000000 ca:01 1543408                    /usr/lib/jvm/java-8-openjdk-amd64/jre/lib/amd64/libnio.so
7f13827bc000-7f13829bc000 ---p 00011000 ca:01 1543408                    /usr/lib/jvm/java-8-openjdk-amd64/jre/lib/amd64/libnio.so
7f13829bc000-7f13829bd000 r--p 00011000 ca:01 1543408                    /usr/lib/jvm/java-8-openjdk-amd64/jre/lib/amd64/libnio.so
7f13829bd000-7f13829be000 rw-p 00012000 ca:01 1543408                    /usr/lib/jvm/java-8-openjdk-amd64/jre/lib/amd64/libnio.so
7f13829be000-7f13829d9000 r--s 001d6000 ca:01 1543434                    /usr/lib/jvm/java-8-openjdk-amd64/jre/lib/ext/nashorn.jar
7f13829d9000-7f13829f4000 r--s 00394000 ca:01 1543429                    /usr/lib/jvm/java-8-openjdk-amd64/jre/lib/ext/cldrdata.jar
7f13829f4000-7f13829f5000 ---p 00000000 00:00 0 
7f13829f5000-7f1382af5000 rw-p 00000000 00:00 0 
7f1382af5000-7f1382af8000 ---p 00000000 00:00 0 
7f1382af8000-7f1382bf6000 rw-p 00000000 00:00 0 
7f1382bf6000-7f1382bf7000 ---p 00000000 00:00 0 
7f1382bf7000-7f1382bfa000 ---p 00000000 00:00 0 
7f1382bfa000-7f1382cf7000 rw-p 00000000 00:00 0 
7f1382cf7000-7f1382cf8000 ---p 00000000 00:00 0 
7f1382cf8000-7f1382cfb000 ---p 00000000 00:00 0 
7f1382cfb000-7f1382df8000 rw-p 00000000 00:00 0 
7f1382df8000-7f1382dfb000 ---p 00000000 00:00 0 
7f1382dfb000-7f1382ef9000 rw-p 00000000 00:00 0 
7f1382ef9000-7f138306c000 r--p 00000000 ca:01 7800                       /usr/lib/locale/C.UTF-8/LC_COLLATE
7f138306c000-7f1383207000 r--p 00000000 ca:01 7795                       /usr/lib/locale/locale-archive
7f1383207000-7f138320a000 ---p 00000000 00:00 0 
7f138320a000-7f1383308000 rw-p 00000000 00:00 0 
7f1383308000-7f138330b000 ---p 00000000 00:00 0 
7f138330b000-7f1383409000 rw-p 00000000 00:00 0 
7f1383409000-7f138340a000 ---p 00000000 00:00 0 
7f138340a000-7f1383e13000 rw-p 00000000 00:00 0 
7f1383e13000-7f1383fe3000 r--s 03c68000 ca:01 1543458                    /usr/lib/jvm/java-8-openjdk-amd64/jre/lib/rt.jar
7f1383fe3000-7f1388a18000 rw-p 00000000 00:00 0 
7f1388a18000-7f1388a19000 ---p 00000000 00:00 0 
7f1388a19000-7f1388b19000 rw-p 00000000 00:00 0 
7f1388b19000-7f1388b1a000 ---p 00000000 00:00 0 
7f1388b1a000-7f1388c5a000 rw-p 00000000 00:00 0 
7f1388c5a000-7f1388eb2000 ---p 00000000 00:00 0 
7f1388eb2000-7f1388fae000 rw-p 00000000 00:00 0 
7f1388fae000-7f1388fff000 ---p 00000000 00:00 0 
7f1388fff000-7f1389000000 rw-p 00000000 00:00 0 
7f1389000000-7f138a330000 rwxp 00000000 00:00 0 
7f138a330000-7f1398000000 ---p 00000000 00:00 0 
7f1398000000-7f1399d22000 rw-p 00000000 00:00 0 
7f1399d22000-7f139c000000 ---p 00000000 00:00 0 
7f139c000000-7f139c005000 r--s 0003d000 ca:01 1547531                    /root/.m2/repository/org/apache/maven/surefire/surefire-booter/2.20.1/surefire-booter-2.20.1.jar
7f139c005000-7f139c009000 r--s 0003a000 ca:01 1543437                    /usr/lib/jvm/java-8-openjdk-amd64/jre/lib/ext/sunpkcs11.jar
7f139c009000-7f139c013000 r--s 00116000 ca:01 1543433                    /usr/lib/jvm/java-8-openjdk-amd64/jre/lib/ext/localedata.jar
7f139c013000-7f139c044000 r--p 00000000 ca:01 7801                       /usr/lib/locale/C.UTF-8/LC_CTYPE
7f139c044000-7f139c0fa000 rw-p 00000000 00:00 0 
7f139c0fa000-7f139c353000 ---p 00000000 00:00 0 
7f139c353000-7f139c3a0000 rw-p 00000000 00:00 0 
7f139c3a0000-7f139c713000 ---p 00000000 00:00 0 
7f139c713000-7f139c71b000 r-xp 00000000 ca:01 1543415                    /usr/lib/jvm/java-8-openjdk-amd64/jre/lib/amd64/libzip.so
7f139c71b000-7f139c91a000 ---p 00008000 ca:01 1543415                    /usr/lib/jvm/java-8-openjdk-amd64/jre/lib/amd64/libzip.so
7f139c91a000-7f139c91b000 r--p 00007000 ca:01 1543415                    /usr/lib/jvm/java-8-openjdk-amd64/jre/lib/amd64/libzip.so
7f139c91b000-7f139c91c000 rw-p 00008000 ca:01 1543415                    /usr/lib/jvm/java-8-openjdk-amd64/jre/lib/amd64/libzip.so
7f139c91c000-7f139c927000 r-xp 00000000 ca:01 2093                       /lib/x86_64-linux-gnu/libnss_files-2.27.so
7f139c927000-7f139cb26000 ---p 0000b000 ca:01 2093                       /lib/x86_64-linux-gnu/libnss_files-2.27.so
7f139cb26000-7f139cb27000 r--p 0000a000 ca:01 2093                       /lib/x86_64-linux-gnu/libnss_files-2.27.so
7f139cb27000-7f139cb28000 rw-p 0000b000 ca:01 2093                       /lib/x86_64-linux-gnu/libnss_files-2.27.so
7f139cb28000-7f139cb2e000 rw-p 00000000 00:00 0 
7f139cb2e000-7f139cb45000 r-xp 00000000 ca:01 2090                       /lib/x86_64-linux-gnu/libnsl-2.27.so
7f139cb45000-7f139cd44000 ---p 00017000 ca:01 2090                       /lib/x86_64-linux-gnu/libnsl-2.27.so
7f139cd44000-7f139cd45000 r--p 00016000 ca:01 2090                       /lib/x86_64-linux-gnu/libnsl-2.27.so
7f139cd45000-7f139cd46000 rw-p 00017000 ca:01 2090                       /lib/x86_64-linux-gnu/libnsl-2.27.so
7f139cd46000-7f139cd48000 rw-p 00000000 00:00 0 
7f139cd48000-7f139cd53000 r-xp 00000000 ca:01 2095                       /lib/x86_64-linux-gnu/libnss_nis-2.27.so
7f139cd53000-7f139cf52000 ---p 0000b000 ca:01 2095                       /lib/x86_64-linux-gnu/libnss_nis-2.27.so
7f139cf52000-7f139cf53000 r--p 0000a000 ca:01 2095                       /lib/x86_64-linux-gnu/libnss_nis-2.27.so
7f139cf53000-7f139cf54000 rw-p 0000b000 ca:01 2095                       /lib/x86_64-linux-gnu/libnss_nis-2.27.so
7f139cf54000-7f139cf5c000 r-xp 00000000 ca:01 2091                       /lib/x86_64-linux-gnu/libnss_compat-2.27.so
7f139cf5c000-7f139d15c000 ---p 00008000 ca:01 2091                       /lib/x86_64-linux-gnu/libnss_compat-2.27.so
7f139d15c000-7f139d15d000 r--p 00008000 ca:01 2091                       /lib/x86_64-linux-gnu/libnss_compat-2.27.so
7f139d15d000-7f139d15e000 rw-p 00009000 ca:01 2091                       /lib/x86_64-linux-gnu/libnss_compat-2.27.so
7f139d15e000-7f139d188000 r-xp 00000000 ca:01 1543396                    /usr/lib/jvm/java-8-openjdk-amd64/jre/lib/amd64/libjava.so
7f139d188000-7f139d387000 ---p 0002a000 ca:01 1543396                    /usr/lib/jvm/java-8-openjdk-amd64/jre/lib/amd64/libjava.so
7f139d387000-7f139d388000 r--p 00029000 ca:01 1543396                    /usr/lib/jvm/java-8-openjdk-amd64/jre/lib/amd64/libjava.so
7f139d388000-7f139d38a000 rw-p 0002a000 ca:01 1543396                    /usr/lib/jvm/java-8-openjdk-amd64/jre/lib/amd64/libjava.so
7f139d38a000-7f139d39a000 r-xp 00000000 ca:01 1543414                    /usr/lib/jvm/java-8-openjdk-amd64/jre/lib/amd64/libverify.so
7f139d39a000-7f139d599000 ---p 00010000 ca:01 1543414                    /usr/lib/jvm/java-8-openjdk-amd64/jre/lib/amd64/libverify.so
7f139d599000-7f139d59b000 r--p 0000f000 ca:01 1543414                    /usr/lib/jvm/java-8-openjdk-amd64/jre/lib/amd64/libverify.so
7f139d59b000-7f139d59c000 rw-p 00011000 ca:01 1543414                    /usr/lib/jvm/java-8-openjdk-amd64/jre/lib/amd64/libverify.so
7f139d59c000-7f139d5a3000 r-xp 00000000 ca:01 2180                       /lib/x86_64-linux-gnu/librt-2.27.so
7f139d5a3000-7f139d7a2000 ---p 00007000 ca:01 2180                       /lib/x86_64-linux-gnu/librt-2.27.so
7f139d7a2000-7f139d7a3000 r--p 00006000 ca:01 2180                       /lib/x86_64-linux-gnu/librt-2.27.so
7f139d7a3000-7f139d7a4000 rw-p 00007000 ca:01 2180                       /lib/x86_64-linux-gnu/librt-2.27.so
7f139d7a4000-7f139d7bb000 r-xp 00000000 ca:01 2096                       /lib/x86_64-linux-gnu/libgcc_s.so.1
7f139d7bb000-7f139d9ba000 ---p 00017000 ca:01 2096                       /lib/x86_64-linux-gnu/libgcc_s.so.1
7f139d9ba000-7f139d9bb000 r--p 00016000 ca:01 2096                       /lib/x86_64-linux-gnu/libgcc_s.so.1
7f139d9bb000-7f139d9bc000 rw-p 00017000 ca:01 2096                       /lib/x86_64-linux-gnu/libgcc_s.so.1
7f139d9bc000-7f139db59000 r-xp 00000000 ca:01 2087                       /lib/x86_64-linux-gnu/libm-2.27.so
7f139db59000-7f139dd58000 ---p 0019d000 ca:01 2087                       /lib/x86_64-linux-gnu/libm-2.27.so
7f139dd58000-7f139dd59000 r--p 0019c000 ca:01 2087                       /lib/x86_64-linux-gnu/libm-2.27.so
7f139dd59000-7f139dd5a000 rw-p 0019d000 ca:01 2087                       /lib/x86_64-linux-gnu/libm-2.27.so
7f139dd5a000-7f139ded3000 r-xp 00000000 ca:01 5016                       /usr/lib/x86_64-linux-gnu/libstdc++.so.6.0.25
7f139ded3000-7f139e0d3000 ---p 00179000 ca:01 5016                       /usr/lib/x86_64-linux-gnu/libstdc++.so.6.0.25
7f139e0d3000-7f139e0dd000 r--p 00179000 ca:01 5016                       /usr/lib/x86_64-linux-gnu/libstdc++.so.6.0.25
7f139e0dd000-7f139e0df000 rw-p 00183000 ca:01 5016                       /usr/lib/x86_64-linux-gnu/libstdc++.so.6.0.25
7f139e0df000-7f139e0e3000 rw-p 00000000 00:00 0 
7f139e0e3000-7f139ed86000 r-xp 00000000 ca:01 1543418                    /usr/lib/jvm/java-8-openjdk-amd64/jre/lib/amd64/server/libjvm.so
7f139ed86000-7f139ef86000 ---p 00ca3000 ca:01 1543418                    /usr/lib/jvm/java-8-openjdk-amd64/jre/lib/amd64/server/libjvm.so
7f139ef86000-7f139f01a000 r--p 00ca3000 ca:01 1543418                    /usr/lib/jvm/java-8-openjdk-amd64/jre/lib/amd64/server/libjvm.so
7f139f01a000-7f139f043000 rw-p 00d37000 ca:01 1543418                    /usr/lib/jvm/java-8-openjdk-amd64/jre/lib/amd64/server/libjvm.so
7f139f043000-7f139f073000 rw-p 00000000 00:00 0 
7f139f073000-7f139f08d000 r-xp 00000000 ca:01 2178                       /lib/x86_64-linux-gnu/libpthread-2.27.so
7f139f08d000-7f139f28c000 ---p 0001a000 ca:01 2178                       /lib/x86_64-linux-gnu/libpthread-2.27.so
7f139f28c000-7f139f28d000 r--p 00019000 ca:01 2178                       /lib/x86_64-linux-gnu/libpthread-2.27.so
7f139f28d000-7f139f28e000 rw-p 0001a000 ca:01 2178                       /lib/x86_64-linux-gnu/libpthread-2.27.so
7f139f28e000-7f139f292000 rw-p 00000000 00:00 0 
7f139f292000-7f139f295000 r-xp 00000000 ca:01 2086                       /lib/x86_64-linux-gnu/libdl-2.27.so
7f139f295000-7f139f494000 ---p 00003000 ca:01 2086                       /lib/x86_64-linux-gnu/libdl-2.27.so
7f139f494000-7f139f495000 r--p 00002000 ca:01 2086                       /lib/x86_64-linux-gnu/libdl-2.27.so
7f139f495000-7f139f496000 rw-p 00003000 ca:01 2086                       /lib/x86_64-linux-gnu/libdl-2.27.so
7f139f496000-7f139f4b2000 r-xp 00000000 ca:01 2183                       /lib/x86_64-linux-gnu/libz.so.1.2.11
7f139f4b2000-7f139f6b1000 ---p 0001c000 ca:01 2183                       /lib/x86_64-linux-gnu/libz.so.1.2.11
7f139f6b1000-7f139f6b2000 r--p 0001b000 ca:01 2183                       /lib/x86_64-linux-gnu/libz.so.1.2.11
7f139f6b2000-7f139f6b3000 rw-p 0001c000 ca:01 2183                       /lib/x86_64-linux-gnu/libz.so.1.2.11
7f139f6b3000-7f139f89a000 r-xp 00000000 ca:01 2083                       /lib/x86_64-linux-gnu/libc-2.27.so
7f139f89a000-7f139fa9a000 ---p 001e7000 ca:01 2083                       /lib/x86_64-linux-gnu/libc-2.27.so
7f139fa9a000-7f139fa9e000 r--p 001e7000 ca:01 2083                       /lib/x86_64-linux-gnu/libc-2.27.so
7f139fa9e000-7f139faa0000 rw-p 001eb000 ca:01 2083                       /lib/x86_64-linux-gnu/libc-2.27.so
7f139faa0000-7f139faa4000 rw-p 00000000 00:00 0 
7f139faa4000-7f139fab2000 r-xp 00000000 ca:01 1543382                    /usr/lib/jvm/java-8-openjdk-amd64/jre/lib/amd64/jli/libjli.so
7f139fab2000-7f139fcb1000 ---p 0000e000 ca:01 1543382                    /usr/lib/jvm/java-8-openjdk-amd64/jre/lib/amd64/jli/libjli.so
7f139fcb1000-7f139fcb2000 r--p 0000d000 ca:01 1543382                    /usr/lib/jvm/java-8-openjdk-amd64/jre/lib/amd64/jli/libjli.so
7f139fcb2000-7f139fcb3000 rw-p 0000e000 ca:01 1543382                    /usr/lib/jvm/java-8-openjdk-amd64/jre/lib/amd64/jli/libjli.so
7f139fcb3000-7f139fcda000 r-xp 00000000 ca:01 2079                       /lib/x86_64-linux-gnu/ld-2.27.so
7f139fcda000-7f139fcdb000 r--s 00005000 ca:01 2048419                    /var/www/html/mavencode/user-service/target/surefire/surefirebooter2738708094011236187.jar
7f139fcdb000-7f139fcdc000 r--s 0000d000 ca:01 1543435                    /usr/lib/jvm/java-8-openjdk-amd64/jre/lib/ext/sunec.jar
7f139fcdc000-7f139fcde000 r--s 00001000 ca:01 1543430                    /usr/lib/jvm/java-8-openjdk-amd64/jre/lib/ext/dnsns.jar
7f139fcde000-7f139fce0000 r--s 00007000 ca:01 55931                      /usr/share/java/java-atk-wrapper.jar
7f139fce0000-7f139fce1000 r--s 00010000 ca:01 1543438                    /usr/lib/jvm/java-8-openjdk-amd64/jre/lib/ext/zipfs.jar
7f139fce1000-7f139fce6000 r--s 0003d000 ca:01 1543436                    /usr/lib/jvm/java-8-openjdk-amd64/jre/lib/ext/sunjce_provider.jar
7f139fce6000-7f139fce9000 r--s 0000f000 ca:01 1543431                    /usr/lib/jvm/java-8-openjdk-amd64/jre/lib/ext/icedtea-sound.jar
7f139fce9000-7f139fcea000 r--s 0000a000 ca:01 1543432                    /usr/lib/jvm/java-8-openjdk-amd64/jre/lib/ext/jaccess.jar
7f139fcea000-7f139fceb000 r--p 00000000 ca:01 7806                       /usr/lib/locale/C.UTF-8/LC_NUMERIC
7f139fceb000-7f139fcec000 r--p 00000000 ca:01 7809                       /usr/lib/locale/C.UTF-8/LC_TIME
7f139fcec000-7f139fced000 r--p 00000000 ca:01 7804                       /usr/lib/locale/C.UTF-8/LC_MONETARY
7f139fced000-7f139fcee000 r--p 00000000 ca:01 7798                       /usr/lib/locale/C.UTF-8/LC_MESSAGES/SYS_LC_MESSAGES
7f139fcee000-7f139fcf5000 r--s 00000000 ca:01 5009                       /usr/lib/x86_64-linux-gnu/gconv/gconv-modules.cache
7f139fcf5000-7f139fdc5000 rw-p 00000000 00:00 0 
7f139fdc5000-7f139fdcd000 rw-s 00000000 ca:01 521560                     /tmp/hsperfdata_root/16487
7f139fdcd000-7f139fdce000 ---p 00000000 00:00 0 
7f139fdce000-7f139fdd1000 ---p 00000000 00:00 0 
7f139fdd1000-7f139fed0000 rw-p 00000000 00:00 0 
7f139fed0000-7f139fed1000 r--p 00000000 ca:01 7807                       /usr/lib/locale/C.UTF-8/LC_PAPER
7f139fed1000-7f139fed2000 r--p 00000000 ca:01 7805                       /usr/lib/locale/C.UTF-8/LC_NAME
7f139fed2000-7f139fed3000 r--p 00000000 ca:01 7799                       /usr/lib/locale/C.UTF-8/LC_ADDRESS
7f139fed3000-7f139fed4000 r--p 00000000 ca:01 7808                       /usr/lib/locale/C.UTF-8/LC_TELEPHONE
7f139fed4000-7f139fed5000 r--p 00000000 ca:01 7803                       /usr/lib/locale/C.UTF-8/LC_MEASUREMENT
7f139fed5000-7f139fed6000 r--p 00000000 ca:01 7802                       /usr/lib/locale/C.UTF-8/LC_IDENTIFICATION
7f139fed6000-7f139fed7000 rw-p 00000000 00:00 0 
7f139fed7000-7f139fed8000 ---p 00000000 00:00 0 
7f139fed8000-7f139feda000 rw-p 00000000 00:00 0 
7f139feda000-7f139fedb000 r--p 00027000 ca:01 2079                       /lib/x86_64-linux-gnu/ld-2.27.so
7f139fedb000-7f139fedc000 rw-p 00028000 ca:01 2079                       /lib/x86_64-linux-gnu/ld-2.27.so
7f139fedc000-7f139fedd000 rw-p 00000000 00:00 0 
7ffcf8d95000-7ffcf8db6000 rw-p 00000000 00:00 0                          [stack]
7ffcf8dd5000-7ffcf8dd8000 r--p 00000000 00:00 0                          [vvar]
7ffcf8dd8000-7ffcf8dda000 r-xp 00000000 00:00 0                          [vdso]
ffffffffff600000-ffffffffff601000 r-xp 00000000 00:00 0                  [vsyscall]

VM Arguments:
java_command: /var/www/html/mavencode/user-service/target/surefire/surefirebooter2738708094011236187.jar /var/www/html/mavencode/user-service/target/surefire 2020-02-04T07-45-28_921-jvmRun1 surefire6723446059469834677tmp surefire_15042136417880156033tmp
java_class_path (initial): /var/www/html/mavencode/user-service/target/surefire/surefirebooter2738708094011236187.jar
Launcher Type: SUN_STANDARD

Environment Variables:
JAVA_HOME=/usr/lib/jvm/java-8-openjdk-amd64
PATH=/usr/local/sbin:/usr/local/bin:/usr/sbin:/usr/bin:/sbin:/bin:/usr/games:/usr/local/games:/snap/bin
SHELL=/bin/bash

Signal Handlers:
SIGSEGV: [libjvm.so+0xabc3b0], sa_mask[0]=11111111011111111101111111111110, sa_flags=SA_RESTART|SA_SIGINFO
SIGBUS: [libjvm.so+0xabc3b0], sa_mask[0]=11111111011111111101111111111110, sa_flags=SA_RESTART|SA_SIGINFO
SIGFPE: [libjvm.so+0x8f0bb0], sa_mask[0]=11111111011111111101111111111110, sa_flags=SA_RESTART|SA_SIGINFO
SIGPIPE: [libjvm.so+0x8f0bb0], sa_mask[0]=11111111011111111101111111111110, sa_flags=SA_RESTART|SA_SIGINFO
SIGXFSZ: [libjvm.so+0x8f0bb0], sa_mask[0]=11111111011111111101111111111110, sa_flags=SA_RESTART|SA_SIGINFO
SIGILL: [libjvm.so+0x8f0bb0], sa_mask[0]=11111111011111111101111111111110, sa_flags=SA_RESTART|SA_SIGINFO
SIGUSR1: SIG_DFL, sa_mask[0]=00000000000000000000000000000000, sa_flags=none
SIGUSR2: [libjvm.so+0x8f0a60], sa_mask[0]=00100000000000000000000000000000, sa_flags=SA_RESTART|SA_SIGINFO
SIGHUP: [libjvm.so+0x8f10d0], sa_mask[0]=11111111011111111101111111111110, sa_flags=SA_RESTART|SA_SIGINFO
SIGINT: [libjvm.so+0x8f10d0], sa_mask[0]=11111111011111111101111111111110, sa_flags=SA_RESTART|SA_SIGINFO
SIGTERM: [libjvm.so+0x8f10d0], sa_mask[0]=11111111011111111101111111111110, sa_flags=SA_RESTART|SA_SIGINFO
SIGQUIT: [libjvm.so+0x8f10d0], sa_mask[0]=11111111011111111101111111111110, sa_flags=SA_RESTART|SA_SIGINFO


---------------  S Y S T E M  ---------------

OS:DISTRIB_ID=Ubuntu
DISTRIB_RELEASE=18.04
DISTRIB_CODENAME=bionic
DISTRIB_DESCRIPTION="Ubuntu 18.04.3 LTS"

uname:Linux 4.15.0-1058-aws #60-Ubuntu SMP Wed Jan 15 22:35:20 UTC 2020 x86_64
libc:glibc 2.27 NPTL 2.27 
rlimit: STACK 8192k, CORE 0k, NPROC 31806, NOFILE 1048576, AS infinity
load average:1.84 1.33 10.66

/proc/meminfo:
MemTotal:        8166712 kB
MemFree:          104684 kB
MemAvailable:          0 kB
Buffers:             468 kB
Cached:           141836 kB
SwapCached:            0 kB
Active:          7869340 kB
Inactive:           9004 kB
Active(anon):    7863260 kB
Inactive(anon):     4840 kB
Active(file):       6080 kB
Inactive(file):     4164 kB
Unevictable:           0 kB
Mlocked:               0 kB
SwapTotal:             0 kB
SwapFree:              0 kB
Dirty:                44 kB
Writeback:             0 kB
AnonPages:       7736320 kB
Mapped:           134284 kB
Shmem:            131780 kB
Slab:              91528 kB
SReclaimable:      34868 kB
SUnreclaim:        56660 kB
KernelStack:       10400 kB
PageTables:        44128 kB
NFS_Unstable:          0 kB
Bounce:                0 kB
WritebackTmp:          0 kB
CommitLimit:     4083356 kB
Committed_AS:   11342696 kB
VmallocTotal:   34359738367 kB
VmallocUsed:           0 kB
VmallocChunk:          0 kB
HardwareCorrupted:     0 kB
AnonHugePages:         0 kB
ShmemHugePages:        0 kB
ShmemPmdMapped:        0 kB
CmaTotal:              0 kB
CmaFree:               0 kB
HugePages_Total:       0
HugePages_Free:        0
HugePages_Rsvd:        0
HugePages_Surp:        0
Hugepagesize:       2048 kB
DirectMap4k:      169984 kB
DirectMap2M:     8218624 kB

container (cgroup) information:
container_type: cgroupv1
cpu_cpuset_cpus: 0-1
cpu_memory_nodes: 0
active_processor_count: 2
cpu_quota: -1
cpu_period: 100000
cpu_shares: -1
memory_limit_in_bytes: -1
memory_and_swap_limit_in_bytes: -2
memory_soft_limit_in_bytes: -1
memory_usage_in_bytes: 7881973760
memory_max_usage_in_bytes: 7882133504


CPU:total 2 (initial active 2) (2 cores per cpu, 1 threads per core) family 6 model 79 stepping 1, cmov, cx8, fxsr, mmx, sse, sse2, sse3, ssse3, sse4.1, sse4.2, popcnt, avx, avx2, aes, clmul, erms, lzcnt, tsc, bmi1, bmi2

/proc/cpuinfo:
processor	: 0
vendor_id	: GenuineIntel
cpu family	: 6
model		: 79
model name	: Intel(R) Xeon(R) CPU E5-2686 v4 @ 2.30GHz
stepping	: 1
microcode	: 0xb000038
cpu MHz		: 2300.161
cache size	: 46080 KB
physical id	: 0
siblings	: 2
core id		: 0
cpu cores	: 2
apicid		: 0
initial apicid	: 0
fpu		: yes
fpu_exception	: yes
cpuid level	: 13
wp		: yes
flags		: fpu vme de pse tsc msr pae mce cx8 apic sep mtrr pge mca cmov pat pse36 clflush mmx fxsr sse sse2 ht syscall nx rdtscp lm constant_tsc rep_good nopl xtopology cpuid pni pclmulqdq ssse3 fma cx16 pcid sse4_1 sse4_2 x2apic movbe popcnt tsc_deadline_timer aes xsave avx f16c rdrand hypervisor lahf_lm abm cpuid_fault invpcid_single pti fsgsbase bmi1 avx2 smep bmi2 erms invpcid xsaveopt
bugs		: cpu_meltdown spectre_v1 spectre_v2 spec_store_bypass l1tf mds swapgs itlb_multihit
bogomips	: 4600.15
clflush size	: 64
cache_alignment	: 64
address sizes	: 46 bits physical, 48 bits virtual
power management:

processor	: 1
vendor_id	: GenuineIntel
cpu family	: 6
model		: 79
model name	: Intel(R) Xeon(R) CPU E5-2686 v4 @ 2.30GHz
stepping	: 1
microcode	: 0xb000038
cpu MHz		: 2300.161
cache size	: 46080 KB
physical id	: 0
siblings	: 2
core id		: 1
cpu cores	: 2
apicid		: 2
initial apicid	: 2
fpu		: yes
fpu_exception	: yes
cpuid level	: 13
wp		: yes
flags		: fpu vme de pse tsc msr pae mce cx8 apic sep mtrr pge mca cmov pat pse36 clflush mmx fxsr sse sse2 ht syscall nx rdtscp lm constant_tsc rep_good nopl xtopology cpuid pni pclmulqdq ssse3 fma cx16 pcid sse4_1 sse4_2 x2apic movbe popcnt tsc_deadline_timer aes xsave avx f16c rdrand hypervisor lahf_lm abm cpuid_fault invpcid_single pti fsgsbase bmi1 avx2 smep bmi2 erms invpcid xsaveopt
bugs		: cpu_meltdown spectre_v1 spectre_v2 spec_store_bypass l1tf mds swapgs itlb_multihit
bogomips	: 4600.15
clflush size	: 64
cache_alignment	: 64
address sizes	: 46 bits physical, 48 bits virtual
power management:



Memory: 4k page, physical 8166712k(103948k free), swap 0k(0k free)

vm_info: OpenJDK 64-Bit Server VM (25.242-b08) for linux-amd64 JRE (1.8.0_242-8u242-b08-0ubuntu3~18.04-b08), built on Jan 17 2020 23:41:21 by "buildd" with gcc 7.4.0

time: Tue Feb  4 07:45:47 2020
timezone: UTC
elapsed time: 14 seconds (0d 0h 0m 14s)

