2020-02-07 05:45:02.750  INFO 5594 --- [main] c.l.eurekasvr.EurekasvrApplicationTests  : No active profile set, falling back to default profiles: default
2020-02-07 05:45:03.426  INFO 5594 --- [main] o.s.b.f.s.DefaultListableBeanFactory     : Overriding bean definition for bean 'environmentWebEndpointExtension' with a different definition: replacing [Root bean: class [null]; scope=; abstract=false; lazyInit=false; autowireMode=3; dependencyCheck=0; autowireCandidate=true; primary=false; factoryBeanName=org.springframework.boot.actuate.autoconfigure.env.EnvironmentEndpointAutoConfiguration; factoryMethodName=environmentWebEndpointExtension; initMethodName=null; destroyMethodName=(inferred); defined in class path resource [org/springframework/boot/actuate/autoconfigure/env/EnvironmentEndpointAutoConfiguration.class]] with [Root bean: class [null]; scope=; abstract=false; lazyInit=false; autowireMode=3; dependencyCheck=0; autowireCandidate=true; primary=false; factoryBeanName=org.springframework.cloud.autoconfigure.LifecycleMvcEndpointAutoConfiguration$EndpointConfiguration; factoryMethodName=environmentWebEndpointExtension; initMethodName=null; destroyMethodName=(inferred); defined in class path resource [org/springframework/cloud/autoconfigure/LifecycleMvcEndpointAutoConfiguration$EndpointConfiguration.class]]
2020-02-07 05:45:03.859  INFO 5594 --- [main] o.s.cloud.context.scope.GenericScope     : BeanFactory id=c4d86f09-e3f9-3d7a-90d2-7beb06df6018
2020-02-07 05:45:03.949  INFO 5594 --- [main] f.a.AutowiredAnnotationBeanPostProcessor : JSR-330 'javax.inject.Inject' annotation found and supported for autowiring
2020-02-07 05:45:04.063  INFO 5594 --- [main] trationDelegate$BeanPostProcessorChecker : Bean 'org.springframework.cloud.autoconfigure.ConfigurationPropertiesRebinderAutoConfiguration' of type [org.springframework.cloud.autoconfigure.ConfigurationPropertiesRebinderAutoConfiguration$$EnhancerBySpringCGLIB$$38eb21ff] is not eligible for getting processed by all BeanPostProcessors (for example: not eligible for auto-proxying)
2020-02-07 05:45:04.543  WARN 5594 --- [main] o.s.c.n.a.ArchaiusAutoConfiguration      : No spring.application.name found, defaulting to 'application'
2020-02-07 05:45:04.554  WARN 5594 --- [main] c.n.c.sources.URLConfigurationSource     : No URLs will be polled as dynamic configuration sources.
2020-02-07 05:45:04.562  WARN 5594 --- [main] c.n.c.sources.URLConfigurationSource     : No URLs will be polled as dynamic configuration sources.
2020-02-07 05:45:06.102  INFO 5594 --- [main] o.s.ui.freemarker.SpringTemplateLoader   : SpringTemplateLoader for FreeMarker: using resource loader [org.springframework.web.context.support.GenericWebApplicationContext@7a7471ce: startup date [Fri Feb 07 05:45:02 UTC 2020]; parent: org.springframework.context.annotation.AnnotationConfigApplicationContext@4c5ae43b] and template loader path [classpath:/templates/]
2020-02-07 05:45:06.359  INFO 5594 --- [main] o.s.c.n.eureka.InstanceInfoFactory       : Setting initial instance status as: STARTING
2020-02-07 05:45:07.138  INFO 5594 --- [main] s.b.a.e.w.s.WebMvcEndpointHandlerMapping : Mapped "{[/actuator/health],methods=[GET],produces=[application/vnd.spring-boot.actuator.v2+json || application/json]}" onto public java.lang.Object org.springframework.boot.actuate.endpoint.web.servlet.AbstractWebMvcEndpointHandlerMapping$OperationHandler.handle(javax.servlet.http.HttpServletRequest,java.util.Map<java.lang.String, java.lang.String>)
2020-02-07 05:45:07.140  INFO 5594 --- [main] s.b.a.e.w.s.WebMvcEndpointHandlerMapping : Mapped "{[/actuator/info],methods=[GET],produces=[application/vnd.spring-boot.actuator.v2+json || application/json]}" onto public java.lang.Object org.springframework.boot.actuate.endpoint.web.servlet.AbstractWebMvcEndpointHandlerMapping$OperationHandler.handle(javax.servlet.http.HttpServletRequest,java.util.Map<java.lang.String, java.lang.String>)
2020-02-07 05:45:07.141  INFO 5594 --- [main] s.b.a.e.w.s.WebMvcEndpointHandlerMapping : Mapped "{[/actuator],methods=[GET],produces=[application/vnd.spring-boot.actuator.v2+json || application/json]}" onto protected java.util.Map<java.lang.String, java.util.Map<java.lang.String, org.springframework.boot.actuate.endpoint.web.Link>> org.springframework.boot.actuate.endpoint.web.servlet.WebMvcEndpointHandlerMapping.links(javax.servlet.http.HttpServletRequest,javax.servlet.http.HttpServletResponse)
2020-02-07 05:45:07.250  INFO 5594 --- [main] o.s.c.support.DefaultLifecycleProcessor  : Starting beans in phase 0
2020-02-07 05:45:07.259  INFO 5594 --- [Thread-13] o.s.c.n.e.server.EurekaServerBootstrap   : Setting the eureka configuration..
2020-02-07 05:45:07.260  INFO 5594 --- [Thread-13] o.s.c.n.e.server.EurekaServerBootstrap   : Eureka data center value eureka.datacenter is not set, defaulting to default
2020-02-07 05:45:07.261  INFO 5594 --- [Thread-13] o.s.c.n.e.server.EurekaServerBootstrap   : Eureka environment value eureka.environment is not set, defaulting to test
2020-02-07 05:45:07.296  INFO 5594 --- [main] c.l.eurekasvr.EurekasvrApplicationTests  : Started EurekasvrApplicationTests in 6.104 seconds (JVM running for 7.131)
2020-02-07 05:45:07.305  INFO 5594 --- [Thread-13] o.s.c.n.e.server.EurekaServerBootstrap   : isAws returned false
2020-02-07 05:45:07.307  INFO 5594 --- [Thread-13] o.s.c.n.e.server.EurekaServerBootstrap   : Initialized server context
2020-02-07 05:45:07.320  INFO 5594 --- [Thread-13] e.s.EurekaServerInitializerConfiguration : Started Eureka Server
2020-02-07 05:45:07.430  INFO 5594 --- [Thread-14] o.s.c.n.e.s.EurekaServiceRegistry        : Unregistering application unknown with eureka with status DOWN
2020-02-07 05:45:07.432  INFO 5594 --- [Thread-14] o.s.c.support.DefaultLifecycleProcessor  : Stopping beans in phase 0
2020-02-07 06:20:43.732  INFO 8475 --- [main] c.l.eurekasvr.EurekasvrApplicationTests  : No active profile set, falling back to default profiles: default
2020-02-07 06:20:44.390  INFO 8475 --- [main] o.s.b.f.s.DefaultListableBeanFactory     : Overriding bean definition for bean 'environmentWebEndpointExtension' with a different definition: replacing [Root bean: class [null]; scope=; abstract=false; lazyInit=false; autowireMode=3; dependencyCheck=0; autowireCandidate=true; primary=false; factoryBeanName=org.springframework.boot.actuate.autoconfigure.env.EnvironmentEndpointAutoConfiguration; factoryMethodName=environmentWebEndpointExtension; initMethodName=null; destroyMethodName=(inferred); defined in class path resource [org/springframework/boot/actuate/autoconfigure/env/EnvironmentEndpointAutoConfiguration.class]] with [Root bean: class [null]; scope=; abstract=false; lazyInit=false; autowireMode=3; dependencyCheck=0; autowireCandidate=true; primary=false; factoryBeanName=org.springframework.cloud.autoconfigure.LifecycleMvcEndpointAutoConfiguration$EndpointConfiguration; factoryMethodName=environmentWebEndpointExtension; initMethodName=null; destroyMethodName=(inferred); defined in class path resource [org/springframework/cloud/autoconfigure/LifecycleMvcEndpointAutoConfiguration$EndpointConfiguration.class]]
2020-02-07 06:20:44.761  INFO 8475 --- [main] o.s.cloud.context.scope.GenericScope     : BeanFactory id=c4d86f09-e3f9-3d7a-90d2-7beb06df6018
2020-02-07 06:20:44.814  INFO 8475 --- [main] f.a.AutowiredAnnotationBeanPostProcessor : JSR-330 'javax.inject.Inject' annotation found and supported for autowiring
2020-02-07 06:20:44.921  INFO 8475 --- [main] trationDelegate$BeanPostProcessorChecker : Bean 'org.springframework.cloud.autoconfigure.ConfigurationPropertiesRebinderAutoConfiguration' of type [org.springframework.cloud.autoconfigure.ConfigurationPropertiesRebinderAutoConfiguration$$EnhancerBySpringCGLIB$$38eb21ff] is not eligible for getting processed by all BeanPostProcessors (for example: not eligible for auto-proxying)
2020-02-07 06:20:45.417  WARN 8475 --- [main] o.s.c.n.a.ArchaiusAutoConfiguration      : No spring.application.name found, defaulting to 'application'
2020-02-07 06:20:45.422  WARN 8475 --- [main] c.n.c.sources.URLConfigurationSource     : No URLs will be polled as dynamic configuration sources.
2020-02-07 06:20:45.429  WARN 8475 --- [main] c.n.c.sources.URLConfigurationSource     : No URLs will be polled as dynamic configuration sources.
2020-02-07 06:20:46.936  INFO 8475 --- [main] o.s.ui.freemarker.SpringTemplateLoader   : SpringTemplateLoader for FreeMarker: using resource loader [org.springframework.web.context.support.GenericWebApplicationContext@7a7471ce: startup date [Fri Feb 07 06:20:43 UTC 2020]; parent: org.springframework.context.annotation.AnnotationConfigApplicationContext@4c5ae43b] and template loader path [classpath:/templates/]
2020-02-07 06:20:47.222  INFO 8475 --- [main] o.s.c.n.eureka.InstanceInfoFactory       : Setting initial instance status as: STARTING
2020-02-07 06:20:48.016  INFO 8475 --- [main] s.b.a.e.w.s.WebMvcEndpointHandlerMapping : Mapped "{[/actuator/health],methods=[GET],produces=[application/vnd.spring-boot.actuator.v2+json || application/json]}" onto public java.lang.Object org.springframework.boot.actuate.endpoint.web.servlet.AbstractWebMvcEndpointHandlerMapping$OperationHandler.handle(javax.servlet.http.HttpServletRequest,java.util.Map<java.lang.String, java.lang.String>)
2020-02-07 06:20:48.017  INFO 8475 --- [main] s.b.a.e.w.s.WebMvcEndpointHandlerMapping : Mapped "{[/actuator/info],methods=[GET],produces=[application/vnd.spring-boot.actuator.v2+json || application/json]}" onto public java.lang.Object org.springframework.boot.actuate.endpoint.web.servlet.AbstractWebMvcEndpointHandlerMapping$OperationHandler.handle(javax.servlet.http.HttpServletRequest,java.util.Map<java.lang.String, java.lang.String>)
2020-02-07 06:20:48.022  INFO 8475 --- [main] s.b.a.e.w.s.WebMvcEndpointHandlerMapping : Mapped "{[/actuator],methods=[GET],produces=[application/vnd.spring-boot.actuator.v2+json || application/json]}" onto protected java.util.Map<java.lang.String, java.util.Map<java.lang.String, org.springframework.boot.actuate.endpoint.web.Link>> org.springframework.boot.actuate.endpoint.web.servlet.WebMvcEndpointHandlerMapping.links(javax.servlet.http.HttpServletRequest,javax.servlet.http.HttpServletResponse)
2020-02-07 06:20:48.124  INFO 8475 --- [main] o.s.c.support.DefaultLifecycleProcessor  : Starting beans in phase 0
2020-02-07 06:20:48.144  INFO 8475 --- [Thread-13] o.s.c.n.e.server.EurekaServerBootstrap   : Setting the eureka configuration..
2020-02-07 06:20:48.146  INFO 8475 --- [Thread-13] o.s.c.n.e.server.EurekaServerBootstrap   : Eureka data center value eureka.datacenter is not set, defaulting to default
2020-02-07 06:20:48.146  INFO 8475 --- [Thread-13] o.s.c.n.e.server.EurekaServerBootstrap   : Eureka environment value eureka.environment is not set, defaulting to test
2020-02-07 06:20:48.163  INFO 8475 --- [main] c.l.eurekasvr.EurekasvrApplicationTests  : Started EurekasvrApplicationTests in 5.989 seconds (JVM running for 7.012)
2020-02-07 06:20:48.178  INFO 8475 --- [Thread-13] o.s.c.n.e.server.EurekaServerBootstrap   : isAws returned false
2020-02-07 06:20:48.179  INFO 8475 --- [Thread-13] o.s.c.n.e.server.EurekaServerBootstrap   : Initialized server context
2020-02-07 06:20:48.196  INFO 8475 --- [Thread-13] e.s.EurekaServerInitializerConfiguration : Started Eureka Server
2020-02-07 06:20:48.311  INFO 8475 --- [Thread-14] o.s.c.n.e.s.EurekaServiceRegistry        : Unregistering application unknown with eureka with status DOWN
2020-02-07 06:20:48.315  INFO 8475 --- [Thread-14] o.s.c.support.DefaultLifecycleProcessor  : Stopping beans in phase 0
